
  .   ____          _            __ _ _
 /\\ / ___'_ __ _ _(_)_ __  __ _ \ \ \ \
( ( )\___ | '_ | '_| | '_ \/ _` | \ \ \ \
 \\/  ___)| |_)| | | | | || (_| |  ) ) ) )
  '  |____| .__|_| |_|_| |_\__, | / / / /
 =========|_|==============|___/=/_/_/_/
[32m :: Spring Boot :: [39m              [2m (v3.2.5)[0;39m

[2m2026-03-08T15:22:57.283+08:00[0;39m [32m INFO[0;39m [35m54411[0;39m [2m---[0;39m [2m[mp-auth] [           main][0;39m [2m[0;39m[36mc.micro.platform.auth.AuthApplication   [0;39m [2m:[0;39m Starting AuthApplication using Java 24.0.2 with PID 54411 (/Users/xieyunxing/micro-platform/mp-auth/target/mp-auth-1.0.0.jar started by xieyunxing in /Users/xieyunxing/micro-platform)
[2m2026-03-08T15:22:57.285+08:00[0;39m [32mDEBUG[0;39m [35m54411[0;39m [2m---[0;39m [2m[mp-auth] [           main][0;39m [2m[0;39m[36mc.micro.platform.auth.AuthApplication   [0;39m [2m:[0;39m Running with Spring Boot v3.2.5, Spring v6.1.6
[2m2026-03-08T15:22:57.285+08:00[0;39m [32m INFO[0;39m [35m54411[0;39m [2m---[0;39m [2m[mp-auth] [           main][0;39m [2m[0;39m[36mc.micro.platform.auth.AuthApplication   [0;39m [2m:[0;39m The following 1 profile is active: "local"
[2m2026-03-08T15:22:58.168+08:00[0;39m [32m INFO[0;39m [35m54411[0;39m [2m---[0;39m [2m[mp-auth] [           main][0;39m [2m[0;39m[36m.s.d.r.c.RepositoryConfigurationDelegate[0;39m [2m:[0;39m Multiple Spring Data modules found, entering strict repository configuration mode
[2m2026-03-08T15:22:58.170+08:00[0;39m [32m INFO[0;39m [35m54411[0;39m [2m---[0;39m [2m[mp-auth] [           main][0;39m [2m[0;39m[36m.s.d.r.c.RepositoryConfigurationDelegate[0;39m [2m:[0;39m Bootstrapping Spring Data Redis repositories in DEFAULT mode.
[2m2026-03-08T15:22:58.191+08:00[0;39m [32m INFO[0;39m [35m54411[0;39m [2m---[0;39m [2m[mp-auth] [           main][0;39m [2m[0;39m[36m.s.d.r.c.RepositoryConfigurationDelegate[0;39m [2m:[0;39m Finished Spring Data repository scanning in 11 ms. Found 0 Redis repository interfaces.
[2m2026-03-08T15:22:58.347+08:00[0;39m [32m INFO[0;39m [35m54411[0;39m [2m---[0;39m [2m[mp-auth] [           main][0;39m [2m[0;39m[36mo.s.cloud.context.scope.GenericScope    [0;39m [2m:[0;39m BeanFactory id=005dbcb8-23fa-381b-8ee0-c47224e2aea6
[2m2026-03-08T15:22:58.552+08:00[0;39m [33m WARN[0;39m [35m54411[0;39m [2m---[0;39m [2m[mp-auth] [           main][0;39m [2m[0;39m[36mtrationDelegate$BeanPostProcessorChecker[0;39m [2m:[0;39m Bean 'org.springframework.cloud.commons.config.CommonsConfigAutoConfiguration' of type [org.springframework.cloud.commons.config.CommonsConfigAutoConfiguration] is not eligible for getting processed by all BeanPostProcessors (for example: not eligible for auto-proxying). Is this bean getting eagerly injected into a currently created BeanPostProcessor [projectingArgumentResolverBeanPostProcessor]? Check the corresponding BeanPostProcessor declaration and its dependencies.
[2m2026-03-08T15:22:58.554+08:00[0;39m [33m WARN[0;39m [35m54411[0;39m [2m---[0;39m [2m[mp-auth] [           main][0;39m [2m[0;39m[36mtrationDelegate$BeanPostProcessorChecker[0;39m [2m:[0;39m Bean 'org.springframework.cloud.client.loadbalancer.LoadBalancerDefaultMappingsProviderAutoConfiguration' of type [org.springframework.cloud.client.loadbalancer.LoadBalancerDefaultMappingsProviderAutoConfiguration] is not eligible for getting processed by all BeanPostProcessors (for example: not eligible for auto-proxying). Is this bean getting eagerly injected into a currently created BeanPostProcessor [projectingArgumentResolverBeanPostProcessor]? Check the corresponding BeanPostProcessor declaration and its dependencies.
[2m2026-03-08T15:22:58.555+08:00[0;39m [33m WARN[0;39m [35m54411[0;39m [2m---[0;39m [2m[mp-auth] [           main][0;39m [2m[0;39m[36mtrationDelegate$BeanPostProcessorChecker[0;39m [2m:[0;39m Bean 'loadBalancerClientsDefaultsMappingsProvider' of type [org.springframework.cloud.client.loadbalancer.LoadBalancerDefaultMappingsProviderAutoConfiguration$$Lambda/0x000003c0013d6110] is not eligible for getting processed by all BeanPostProcessors (for example: not eligible for auto-proxying). Is this bean getting eagerly injected into a currently created BeanPostProcessor [projectingArgumentResolverBeanPostProcessor]? Check the corresponding BeanPostProcessor declaration and its dependencies.
[2m2026-03-08T15:22:58.556+08:00[0;39m [33m WARN[0;39m [35m54411[0;39m [2m---[0;39m [2m[mp-auth] [           main][0;39m [2m[0;39m[36mtrationDelegate$BeanPostProcessorChecker[0;39m [2m:[0;39m Bean 'defaultsBindHandlerAdvisor' of type [org.springframework.cloud.commons.config.DefaultsBindHandlerAdvisor] is not eligible for getting processed by all BeanPostProcessors (for example: not eligible for auto-proxying). Is this bean getting eagerly injected into a currently created BeanPostProcessor [projectingArgumentResolverBeanPostProcessor]? Check the corresponding BeanPostProcessor declaration and its dependencies.
[2m2026-03-08T15:22:58.566+08:00[0;39m [33m WARN[0;39m [35m54411[0;39m [2m---[0;39m [2m[mp-auth] [           main][0;39m [2m[0;39m[36mtrationDelegate$BeanPostProcessorChecker[0;39m [2m:[0;39m Bean 'spring.datasource.dynamic-com.baomidou.dynamic.datasource.spring.boot.autoconfigure.DynamicDataSourceProperties' of type [com.baomidou.dynamic.datasource.spring.boot.autoconfigure.DynamicDataSourceProperties] is not eligible for getting processed by all BeanPostProcessors (for example: not eligible for auto-proxying). Is this bean getting eagerly injected into a currently created BeanPostProcessor [projectingArgumentResolverBeanPostProcessor]? Check the corresponding BeanPostProcessor declaration and its dependencies.
[2m2026-03-08T15:22:58.568+08:00[0;39m [33m WARN[0;39m [35m54411[0;39m [2m---[0;39m [2m[mp-auth] [           main][0;39m [2m[0;39m[36mtrationDelegate$BeanPostProcessorChecker[0;39m [2m:[0;39m Bean 'com.baomidou.dynamic.datasource.spring.boot.autoconfigure.DynamicDataSourceAopConfiguration' of type [com.baomidou.dynamic.datasource.spring.boot.autoconfigure.DynamicDataSourceAopConfiguration$$SpringCGLIB$$0] is not eligible for getting processed by all BeanPostProcessors (for example: not eligible for auto-proxying). Is this bean getting eagerly injected into a currently created BeanPostProcessor [projectingArgumentResolverBeanPostProcessor]? Check the corresponding BeanPostProcessor declaration and its dependencies.
[2m2026-03-08T15:22:58.576+08:00[0;39m [33m WARN[0;39m [35m54411[0;39m [2m---[0;39m [2m[mp-auth] [           main][0;39m [2m[0;39m[36mtrationDelegate$BeanPostProcessorChecker[0;39m [2m:[0;39m Bean 'dsProcessor' of type [com.baomidou.dynamic.datasource.processor.DsJakartaHeaderProcessor] is not eligible for getting processed by all BeanPostProcessors (for example: not eligible for auto-proxying). Is this bean getting eagerly injected into a currently created BeanPostProcessor [projectingArgumentResolverBeanPostProcessor]? Check the corresponding BeanPostProcessor declaration and its dependencies.
WARNING: A restricted method in java.lang.System has been called
WARNING: java.lang.System::load has been called by org.apache.tomcat.jni.Library in an unnamed module (jar:nested:/Users/xieyunxing/micro-platform/mp-auth/target/mp-auth-1.0.0.jar/!BOOT-INF/lib/tomcat-embed-core-10.1.20.jar!/)
WARNING: Use --enable-native-access=ALL-UNNAMED to avoid a warning for callers in this module
WARNING: Restricted methods will be blocked in a future release unless native access is enabled

[2m2026-03-08T15:22:58.779+08:00[0;39m [32m INFO[0;39m [35m54411[0;39m [2m---[0;39m [2m[mp-auth] [           main][0;39m [2m[0;39m[36mo.s.b.w.embedded.tomcat.TomcatWebServer [0;39m [2m:[0;39m Tomcat initialized with port 8081 (http)
[2m2026-03-08T15:22:58.788+08:00[0;39m [32m INFO[0;39m [35m54411[0;39m [2m---[0;39m [2m[mp-auth] [           main][0;39m [2m[0;39m[36mo.apache.catalina.core.StandardService  [0;39m [2m:[0;39m Starting service [Tomcat]
[2m2026-03-08T15:22:58.788+08:00[0;39m [32m INFO[0;39m [35m54411[0;39m [2m---[0;39m [2m[mp-auth] [           main][0;39m [2m[0;39m[36mo.apache.catalina.core.StandardEngine   [0;39m [2m:[0;39m Starting Servlet engine: [Apache Tomcat/10.1.20]
[2m2026-03-08T15:22:58.821+08:00[0;39m [32m INFO[0;39m [35m54411[0;39m [2m---[0;39m [2m[mp-auth] [           main][0;39m [2m[0;39m[36mo.a.c.c.C.[Tomcat].[localhost].[/]      [0;39m [2m:[0;39m Initializing Spring embedded WebApplicationContext
[2m2026-03-08T15:22:58.821+08:00[0;39m [32m INFO[0;39m [35m54411[0;39m [2m---[0;39m [2m[mp-auth] [           main][0;39m [2m[0;39m[36mw.s.c.ServletWebServerApplicationContext[0;39m [2m:[0;39m Root WebApplicationContext: initialization completed in 1476 ms
WARNING: A terminally deprecated method in sun.misc.Unsafe has been called
WARNING: sun.misc.Unsafe::objectFieldOffset has been called by io.netty.util.internal.PlatformDependent0$4 (jar:nested:/Users/xieyunxing/micro-platform/mp-auth/target/mp-auth-1.0.0.jar/!BOOT-INF/lib/netty-common-4.1.109.Final.jar!/)
WARNING: Please consider reporting this to the maintainers of class io.netty.util.internal.PlatformDependent0$4
WARNING: sun.misc.Unsafe::objectFieldOffset will be removed in a future release
[2m2026-03-08T15:22:59.401+08:00[0;39m [32m INFO[0;39m [35m54411[0;39m [2m---[0;39m [2m[mp-auth] [           main][0;39m [2m[0;39m[36mcom.alibaba.druid.pool.DruidDataSource  [0;39m [2m:[0;39m {dataSource-1,master} inited
[2m2026-03-08T15:22:59.402+08:00[0;39m [32m INFO[0;39m [35m54411[0;39m [2m---[0;39m [2m[mp-auth] [           main][0;39m [2m[0;39m[36mc.b.d.d.DynamicRoutingDataSource        [0;39m [2m:[0;39m dynamic-datasource - add a datasource named [master] success
[2m2026-03-08T15:22:59.403+08:00[0;39m [32m INFO[0;39m [35m54411[0;39m [2m---[0;39m [2m[mp-auth] [           main][0;39m [2m[0;39m[36mc.b.d.d.DynamicRoutingDataSource        [0;39m [2m:[0;39m dynamic-datasource initial loaded [1] datasource,primary datasource named [master]
 _ _   |_  _ _|_. ___ _ |    _ 
| | |\/|_)(_| | |_\  |_)||_|_\ 
     /               |         
                        3.5.6 
[2m2026-03-08T15:23:00.040+08:00[0;39m [32m INFO[0;39m [35m54411[0;39m [2m---[0;39m [2m[mp-auth] [           main][0;39m [2m[0;39m[36mo.s.b.w.embedded.tomcat.TomcatWebServer [0;39m [2m:[0;39m Tomcat started on port 8081 (http) with context path ''
[2m2026-03-08T15:23:00.046+08:00[0;39m [32m INFO[0;39m [35m54411[0;39m [2m---[0;39m [2m[mp-auth] [           main][0;39m [2m[0;39m[36mcom.alibaba.nacos.client.naming         [0;39m [2m:[0;39m initializer namespace from ans.namespace attribute : null
[2m2026-03-08T15:23:00.047+08:00[0;39m [32m INFO[0;39m [35m54411[0;39m [2m---[0;39m [2m[mp-auth] [           main][0;39m [2m[0;39m[36mcom.alibaba.nacos.client.naming         [0;39m [2m:[0;39m initializer namespace from ALIBABA_ALIWARE_NAMESPACE attribute :null
[2m2026-03-08T15:23:00.048+08:00[0;39m [32m INFO[0;39m [35m54411[0;39m [2m---[0;39m [2m[mp-auth] [           main][0;39m [2m[0;39m[36mcom.alibaba.nacos.client.naming         [0;39m [2m:[0;39m initializer namespace from namespace attribute :null
[2m2026-03-08T15:23:00.057+08:00[0;39m [32m INFO[0;39m [35m54411[0;39m [2m---[0;39m [2m[mp-auth] [           main][0;39m [2m[0;39m[36mcom.alibaba.nacos.client.naming         [0;39m [2m:[0;39m FailoverDataSource type is class com.alibaba.nacos.client.naming.backups.datasource.DiskFailoverDataSource
[2m2026-03-08T15:23:00.061+08:00[0;39m [32m INFO[0;39m [35m54411[0;39m [2m---[0;39m [2m[mp-auth] [       Thread-3][0;39m [2m[0;39m[36mc.a.n.c.a.r.identify.CredentialWatcher  [0;39m [2m:[0;39m null No credential found
[2m2026-03-08T15:23:00.068+08:00[0;39m [32m INFO[0;39m [35m54411[0;39m [2m---[0;39m [2m[mp-auth] [           main][0;39m [2m[0;39m[36mc.alibaba.nacos.client.utils.ParamUtil  [0;39m [2m:[0;39m [settings] [req-serv] nacos-server port:8848
[2m2026-03-08T15:23:00.068+08:00[0;39m [32m INFO[0;39m [35m54411[0;39m [2m---[0;39m [2m[mp-auth] [           main][0;39m [2m[0;39m[36mc.alibaba.nacos.client.utils.ParamUtil  [0;39m [2m:[0;39m [settings] [http-client] connect timeout:1000
[2m2026-03-08T15:23:00.068+08:00[0;39m [32m INFO[0;39m [35m54411[0;39m [2m---[0;39m [2m[mp-auth] [           main][0;39m [2m[0;39m[36mc.alibaba.nacos.client.utils.ParamUtil  [0;39m [2m:[0;39m PER_TASK_CONFIG_SIZE: 3000.0
[2m2026-03-08T15:23:00.072+08:00[0;39m [32m INFO[0;39m [35m54411[0;39m [2m---[0;39m [2m[mp-auth] [           main][0;39m [2m[0;39m[36mc.a.n.p.a.s.c.ClientAuthPluginManager   [0;39m [2m:[0;39m [ClientAuthPluginManager] Load ClientAuthService com.alibaba.nacos.client.auth.impl.NacosClientAuthServiceImpl success.
[2m2026-03-08T15:23:00.072+08:00[0;39m [32m INFO[0;39m [35m54411[0;39m [2m---[0;39m [2m[mp-auth] [           main][0;39m [2m[0;39m[36mc.a.n.p.a.s.c.ClientAuthPluginManager   [0;39m [2m:[0;39m [ClientAuthPluginManager] Load ClientAuthService com.alibaba.nacos.client.auth.ram.RamClientAuthServiceImpl success.
[2m2026-03-08T15:23:00.079+08:00[0;39m [32m INFO[0;39m [35m54411[0;39m [2m---[0;39m [2m[mp-auth] [           main][0;39m [2m[0;39m[36mcom.alibaba.nacos.common.remote.client  [0;39m [2m:[0;39m [RpcClientFactory] create a new rpc client of c87fac36-c91f-41cd-bdb6-261d5e920dd4
[2m2026-03-08T15:23:00.097+08:00[0;39m [32m INFO[0;39m [35m54411[0;39m [2m---[0;39m [2m[mp-auth] [           main][0;39m [2m[0;39m[36mcom.alibaba.nacos.client.naming         [0;39m [2m:[0;39m Create naming rpc client for uuid->c87fac36-c91f-41cd-bdb6-261d5e920dd4
[2m2026-03-08T15:23:00.097+08:00[0;39m [32m INFO[0;39m [35m54411[0;39m [2m---[0;39m [2m[mp-auth] [           main][0;39m [2m[0;39m[36mcom.alibaba.nacos.common.remote.client  [0;39m [2m:[0;39m [c87fac36-c91f-41cd-bdb6-261d5e920dd4] RpcClient init, ServerListFactory = com.alibaba.nacos.client.naming.core.ServerListManager
[2m2026-03-08T15:23:00.098+08:00[0;39m [32m INFO[0;39m [35m54411[0;39m [2m---[0;39m [2m[mp-auth] [           main][0;39m [2m[0;39m[36mcom.alibaba.nacos.common.remote.client  [0;39m [2m:[0;39m [c87fac36-c91f-41cd-bdb6-261d5e920dd4] Registry connection listener to current client:com.alibaba.nacos.client.naming.remote.gprc.redo.NamingGrpcRedoService
[2m2026-03-08T15:23:00.098+08:00[0;39m [32m INFO[0;39m [35m54411[0;39m [2m---[0;39m [2m[mp-auth] [           main][0;39m [2m[0;39m[36mcom.alibaba.nacos.common.remote.client  [0;39m [2m:[0;39m [c87fac36-c91f-41cd-bdb6-261d5e920dd4] Register server push request handler:com.alibaba.nacos.client.naming.remote.gprc.NamingPushRequestHandler
[2m2026-03-08T15:23:00.099+08:00[0;39m [32m INFO[0;39m [35m54411[0;39m [2m---[0;39m [2m[mp-auth] [           main][0;39m [2m[0;39m[36mcom.alibaba.nacos.common.remote.client  [0;39m [2m:[0;39m [c87fac36-c91f-41cd-bdb6-261d5e920dd4] Try to connect to server on start up, server: {serverIp = '127.0.0.1', server main port = 8848}
[2m2026-03-08T15:23:00.115+08:00[0;39m [32m INFO[0;39m [35m54411[0;39m [2m---[0;39m [2m[mp-auth] [           main][0;39m [2m[0;39m[36mc.a.n.c.remote.client.grpc.GrpcClient   [0;39m [2m:[0;39m grpc client connection server:127.0.0.1 ip,serverPort:9848,grpcTslConfig:{"sslProvider":"","enableTls":false,"mutualAuthEnable":false,"trustAll":false}
[2m2026-03-08T15:23:00.547+08:00[0;39m [32m INFO[0;39m [35m54411[0;39m [2m---[0;39m [2m[mp-auth] [           main][0;39m [2m[0;39m[36mc.a.n.c.a.AbstractAbilityControlManager [0;39m [2m:[0;39m Ready to get current node abilities...
[2m2026-03-08T15:23:00.548+08:00[0;39m [32m INFO[0;39m [35m54411[0;39m [2m---[0;39m [2m[mp-auth] [           main][0;39m [2m[0;39m[36mc.a.n.c.a.AbstractAbilityControlManager [0;39m [2m:[0;39m Ready to initialize current node abilities, support modes: [SDK_CLIENT]
[2m2026-03-08T15:23:00.549+08:00[0;39m [32m INFO[0;39m [35m54411[0;39m [2m---[0;39m [2m[mp-auth] [           main][0;39m [2m[0;39m[36mc.a.n.c.a.AbstractAbilityControlManager [0;39m [2m:[0;39m Initialize current abilities finish...
[2m2026-03-08T15:23:00.549+08:00[0;39m [32m INFO[0;39m [35m54411[0;39m [2m---[0;39m [2m[mp-auth] [           main][0;39m [2m[0;39m[36mc.a.n.c.a.d.NacosAbilityManagerHolder   [0;39m [2m:[0;39m [AbilityControlManager] Successfully initialize AbilityControlManager
[2m2026-03-08T15:23:00.560+08:00[0;39m [32m INFO[0;39m [35m54411[0;39m [2m---[0;39m [2m[mp-auth] [           main][0;39m [2m[0;39m[36mcom.alibaba.nacos.common.remote.client  [0;39m [2m:[0;39m [c87fac36-c91f-41cd-bdb6-261d5e920dd4] Success to connect to server [127.0.0.1:8848] on start up, connectionId = 1772954580485_127.0.0.1_55947
[2m2026-03-08T15:23:00.560+08:00[0;39m [32m INFO[0;39m [35m54411[0;39m [2m---[0;39m [2m[mp-auth] [remote.worker.0][0;39m [2m[0;39m[36mcom.alibaba.nacos.common.remote.client  [0;39m [2m:[0;39m [c87fac36-c91f-41cd-bdb6-261d5e920dd4] Notify connected event to listeners.
[2m2026-03-08T15:23:00.560+08:00[0;39m [32m INFO[0;39m [35m54411[0;39m [2m---[0;39m [2m[mp-auth] [remote.worker.0][0;39m [2m[0;39m[36mcom.alibaba.nacos.client.naming         [0;39m [2m:[0;39m Grpc connection connect
[2m2026-03-08T15:23:00.560+08:00[0;39m [32m INFO[0;39m [35m54411[0;39m [2m---[0;39m [2m[mp-auth] [           main][0;39m [2m[0;39m[36mcom.alibaba.nacos.common.remote.client  [0;39m [2m:[0;39m [c87fac36-c91f-41cd-bdb6-261d5e920dd4] Register server push request handler:com.alibaba.nacos.common.remote.client.RpcClient$ConnectResetRequestHandler
[2m2026-03-08T15:23:00.560+08:00[0;39m [32m INFO[0;39m [35m54411[0;39m [2m---[0;39m [2m[mp-auth] [           main][0;39m [2m[0;39m[36mcom.alibaba.nacos.common.remote.client  [0;39m [2m:[0;39m [c87fac36-c91f-41cd-bdb6-261d5e920dd4] Register server push request handler:com.alibaba.nacos.common.remote.client.RpcClient$$Lambda/0x000003c00174e0f8
[2m2026-03-08T15:23:00.561+08:00[0;39m [32m INFO[0;39m [35m54411[0;39m [2m---[0;39m [2m[mp-auth] [           main][0;39m [2m[0;39m[36mcom.alibaba.nacos.client.naming         [0;39m [2m:[0;39m [REGISTER-SERVICE] public registering service mp-auth with instance Instance{instanceId='null', ip='192.168.0.104', port=8081, weight=1.0, healthy=true, enabled=true, ephemeral=true, clusterName='DEFAULT', serviceName='null', metadata={IPv6=null, preserved.register.source=SPRING_CLOUD}}
[2m2026-03-08T15:23:00.568+08:00[0;39m [32m INFO[0;39m [35m54411[0;39m [2m---[0;39m [2m[mp-auth] [           main][0;39m [2m[0;39m[36mc.a.c.n.registry.NacosServiceRegistry   [0;39m [2m:[0;39m nacos registry, DEFAULT_GROUP mp-auth 192.168.0.104:8081 register finished
[2m2026-03-08T15:23:00.575+08:00[0;39m [32m INFO[0;39m [35m54411[0;39m [2m---[0;39m [2m[mp-auth] [           main][0;39m [2m[0;39m[36mc.micro.platform.auth.AuthApplication   [0;39m [2m:[0;39m Started AuthApplication in 3.633 seconds (process running for 3.935)

  .   ____          _            __ _ _
 /\\ / ___'_ __ _ _(_)_ __  __ _ \ \ \ \
( ( )\___ | '_ | '_| | '_ \/ _` | \ \ \ \
 \\/  ___)| |_)| | | | | || (_| |  ) ) ) )
  '  |____| .__|_| |_|_| |_\__, | / / / /
 =========|_|==============|___/=/_/_/_/
[32m :: Spring Boot :: [39m              [2m (v3.2.5)[0;39m

[2m2026-03-08T15:24:24.098+08:00[0;39m [32m INFO[0;39m [35m54636[0;39m [2m---[0;39m [2m[mp-auth] [           main][0;39m [2m[0;39m[36mc.micro.platform.auth.AuthApplication   [0;39m [2m:[0;39m Starting AuthApplication using Java 24.0.2 with PID 54636 (/Users/xieyunxing/micro-platform/mp-auth/target/mp-auth-1.0.0.jar started by xieyunxing in /Users/xieyunxing/micro-platform)
[2m2026-03-08T15:24:24.102+08:00[0;39m [32mDEBUG[0;39m [35m54636[0;39m [2m---[0;39m [2m[mp-auth] [           main][0;39m [2m[0;39m[36mc.micro.platform.auth.AuthApplication   [0;39m [2m:[0;39m Running with Spring Boot v3.2.5, Spring v6.1.6
[2m2026-03-08T15:24:24.102+08:00[0;39m [32m INFO[0;39m [35m54636[0;39m [2m---[0;39m [2m[mp-auth] [           main][0;39m [2m[0;39m[36mc.micro.platform.auth.AuthApplication   [0;39m [2m:[0;39m The following 1 profile is active: "local"
[2m2026-03-08T15:24:25.103+08:00[0;39m [32m INFO[0;39m [35m54636[0;39m [2m---[0;39m [2m[mp-auth] [           main][0;39m [2m[0;39m[36m.s.d.r.c.RepositoryConfigurationDelegate[0;39m [2m:[0;39m Multiple Spring Data modules found, entering strict repository configuration mode
[2m2026-03-08T15:24:25.106+08:00[0;39m [32m INFO[0;39m [35m54636[0;39m [2m---[0;39m [2m[mp-auth] [           main][0;39m [2m[0;39m[36m.s.d.r.c.RepositoryConfigurationDelegate[0;39m [2m:[0;39m Bootstrapping Spring Data Redis repositories in DEFAULT mode.
[2m2026-03-08T15:24:25.128+08:00[0;39m [32m INFO[0;39m [35m54636[0;39m [2m---[0;39m [2m[mp-auth] [           main][0;39m [2m[0;39m[36m.s.d.r.c.RepositoryConfigurationDelegate[0;39m [2m:[0;39m Finished Spring Data repository scanning in 12 ms. Found 0 Redis repository interfaces.
[2m2026-03-08T15:24:25.317+08:00[0;39m [32m INFO[0;39m [35m54636[0;39m [2m---[0;39m [2m[mp-auth] [           main][0;39m [2m[0;39m[36mo.s.cloud.context.scope.GenericScope    [0;39m [2m:[0;39m BeanFactory id=005dbcb8-23fa-381b-8ee0-c47224e2aea6
[2m2026-03-08T15:24:25.526+08:00[0;39m [33m WARN[0;39m [35m54636[0;39m [2m---[0;39m [2m[mp-auth] [           main][0;39m [2m[0;39m[36mtrationDelegate$BeanPostProcessorChecker[0;39m [2m:[0;39m Bean 'org.springframework.cloud.commons.config.CommonsConfigAutoConfiguration' of type [org.springframework.cloud.commons.config.CommonsConfigAutoConfiguration] is not eligible for getting processed by all BeanPostProcessors (for example: not eligible for auto-proxying). Is this bean getting eagerly injected into a currently created BeanPostProcessor [projectingArgumentResolverBeanPostProcessor]? Check the corresponding BeanPostProcessor declaration and its dependencies.
[2m2026-03-08T15:24:25.528+08:00[0;39m [33m WARN[0;39m [35m54636[0;39m [2m---[0;39m [2m[mp-auth] [           main][0;39m [2m[0;39m[36mtrationDelegate$BeanPostProcessorChecker[0;39m [2m:[0;39m Bean 'org.springframework.cloud.client.loadbalancer.LoadBalancerDefaultMappingsProviderAutoConfiguration' of type [org.springframework.cloud.client.loadbalancer.LoadBalancerDefaultMappingsProviderAutoConfiguration] is not eligible for getting processed by all BeanPostProcessors (for example: not eligible for auto-proxying). Is this bean getting eagerly injected into a currently created BeanPostProcessor [projectingArgumentResolverBeanPostProcessor]? Check the corresponding BeanPostProcessor declaration and its dependencies.
[2m2026-03-08T15:24:25.529+08:00[0;39m [33m WARN[0;39m [35m54636[0;39m [2m---[0;39m [2m[mp-auth] [           main][0;39m [2m[0;39m[36mtrationDelegate$BeanPostProcessorChecker[0;39m [2m:[0;39m Bean 'loadBalancerClientsDefaultsMappingsProvider' of type [org.springframework.cloud.client.loadbalancer.LoadBalancerDefaultMappingsProviderAutoConfiguration$$Lambda/0x000000fc013d7970] is not eligible for getting processed by all BeanPostProcessors (for example: not eligible for auto-proxying). Is this bean getting eagerly injected into a currently created BeanPostProcessor [projectingArgumentResolverBeanPostProcessor]? Check the corresponding BeanPostProcessor declaration and its dependencies.
[2m2026-03-08T15:24:25.531+08:00[0;39m [33m WARN[0;39m [35m54636[0;39m [2m---[0;39m [2m[mp-auth] [           main][0;39m [2m[0;39m[36mtrationDelegate$BeanPostProcessorChecker[0;39m [2m:[0;39m Bean 'defaultsBindHandlerAdvisor' of type [org.springframework.cloud.commons.config.DefaultsBindHandlerAdvisor] is not eligible for getting processed by all BeanPostProcessors (for example: not eligible for auto-proxying). Is this bean getting eagerly injected into a currently created BeanPostProcessor [projectingArgumentResolverBeanPostProcessor]? Check the corresponding BeanPostProcessor declaration and its dependencies.
[2m2026-03-08T15:24:25.542+08:00[0;39m [33m WARN[0;39m [35m54636[0;39m [2m---[0;39m [2m[mp-auth] [           main][0;39m [2m[0;39m[36mtrationDelegate$BeanPostProcessorChecker[0;39m [2m:[0;39m Bean 'spring.datasource.dynamic-com.baomidou.dynamic.datasource.spring.boot.autoconfigure.DynamicDataSourceProperties' of type [com.baomidou.dynamic.datasource.spring.boot.autoconfigure.DynamicDataSourceProperties] is not eligible for getting processed by all BeanPostProcessors (for example: not eligible for auto-proxying). Is this bean getting eagerly injected into a currently created BeanPostProcessor [projectingArgumentResolverBeanPostProcessor]? Check the corresponding BeanPostProcessor declaration and its dependencies.
[2m2026-03-08T15:24:25.544+08:00[0;39m [33m WARN[0;39m [35m54636[0;39m [2m---[0;39m [2m[mp-auth] [           main][0;39m [2m[0;39m[36mtrationDelegate$BeanPostProcessorChecker[0;39m [2m:[0;39m Bean 'com.baomidou.dynamic.datasource.spring.boot.autoconfigure.DynamicDataSourceAopConfiguration' of type [com.baomidou.dynamic.datasource.spring.boot.autoconfigure.DynamicDataSourceAopConfiguration$$SpringCGLIB$$0] is not eligible for getting processed by all BeanPostProcessors (for example: not eligible for auto-proxying). Is this bean getting eagerly injected into a currently created BeanPostProcessor [projectingArgumentResolverBeanPostProcessor]? Check the corresponding BeanPostProcessor declaration and its dependencies.
[2m2026-03-08T15:24:25.556+08:00[0;39m [33m WARN[0;39m [35m54636[0;39m [2m---[0;39m [2m[mp-auth] [           main][0;39m [2m[0;39m[36mtrationDelegate$BeanPostProcessorChecker[0;39m [2m:[0;39m Bean 'dsProcessor' of type [com.baomidou.dynamic.datasource.processor.DsJakartaHeaderProcessor] is not eligible for getting processed by all BeanPostProcessors (for example: not eligible for auto-proxying). Is this bean getting eagerly injected into a currently created BeanPostProcessor [projectingArgumentResolverBeanPostProcessor]? Check the corresponding BeanPostProcessor declaration and its dependencies.
WARNING: A restricted method in java.lang.System has been called
WARNING: java.lang.System::load has been called by org.apache.tomcat.jni.Library in an unnamed module (jar:nested:/Users/xieyunxing/micro-platform/mp-auth/target/mp-auth-1.0.0.jar/!BOOT-INF/lib/tomcat-embed-core-10.1.20.jar!/)
WARNING: Use --enable-native-access=ALL-UNNAMED to avoid a warning for callers in this module
WARNING: Restricted methods will be blocked in a future release unless native access is enabled

[2m2026-03-08T15:24:25.765+08:00[0;39m [32m INFO[0;39m [35m54636[0;39m [2m---[0;39m [2m[mp-auth] [           main][0;39m [2m[0;39m[36mo.s.b.w.embedded.tomcat.TomcatWebServer [0;39m [2m:[0;39m Tomcat initialized with port 8081 (http)
[2m2026-03-08T15:24:25.774+08:00[0;39m [32m INFO[0;39m [35m54636[0;39m [2m---[0;39m [2m[mp-auth] [           main][0;39m [2m[0;39m[36mo.apache.catalina.core.StandardService  [0;39m [2m:[0;39m Starting service [Tomcat]
[2m2026-03-08T15:24:25.775+08:00[0;39m [32m INFO[0;39m [35m54636[0;39m [2m---[0;39m [2m[mp-auth] [           main][0;39m [2m[0;39m[36mo.apache.catalina.core.StandardEngine   [0;39m [2m:[0;39m Starting Servlet engine: [Apache Tomcat/10.1.20]
[2m2026-03-08T15:24:25.807+08:00[0;39m [32m INFO[0;39m [35m54636[0;39m [2m---[0;39m [2m[mp-auth] [           main][0;39m [2m[0;39m[36mo.a.c.c.C.[Tomcat].[localhost].[/]      [0;39m [2m:[0;39m Initializing Spring embedded WebApplicationContext
[2m2026-03-08T15:24:25.807+08:00[0;39m [32m INFO[0;39m [35m54636[0;39m [2m---[0;39m [2m[mp-auth] [           main][0;39m [2m[0;39m[36mw.s.c.ServletWebServerApplicationContext[0;39m [2m:[0;39m Root WebApplicationContext: initialization completed in 1641 ms
WARNING: A terminally deprecated method in sun.misc.Unsafe has been called
WARNING: sun.misc.Unsafe::objectFieldOffset has been called by io.netty.util.internal.PlatformDependent0$4 (jar:nested:/Users/xieyunxing/micro-platform/mp-auth/target/mp-auth-1.0.0.jar/!BOOT-INF/lib/netty-common-4.1.109.Final.jar!/)
WARNING: Please consider reporting this to the maintainers of class io.netty.util.internal.PlatformDependent0$4
WARNING: sun.misc.Unsafe::objectFieldOffset will be removed in a future release
[2m2026-03-08T15:24:26.345+08:00[0;39m [32m INFO[0;39m [35m54636[0;39m [2m---[0;39m [2m[mp-auth] [           main][0;39m [2m[0;39m[36mcom.alibaba.druid.pool.DruidDataSource  [0;39m [2m:[0;39m {dataSource-1,master} inited
[2m2026-03-08T15:24:26.345+08:00[0;39m [32m INFO[0;39m [35m54636[0;39m [2m---[0;39m [2m[mp-auth] [           main][0;39m [2m[0;39m[36mc.b.d.d.DynamicRoutingDataSource        [0;39m [2m:[0;39m dynamic-datasource - add a datasource named [master] success
[2m2026-03-08T15:24:26.346+08:00[0;39m [32m INFO[0;39m [35m54636[0;39m [2m---[0;39m [2m[mp-auth] [           main][0;39m [2m[0;39m[36mc.b.d.d.DynamicRoutingDataSource        [0;39m [2m:[0;39m dynamic-datasource initial loaded [1] datasource,primary datasource named [master]
 _ _   |_  _ _|_. ___ _ |    _ 
| | |\/|_)(_| | |_\  |_)||_|_\ 
     /               |         
                        3.5.6 
[2m2026-03-08T15:24:27.040+08:00[0;39m [33m WARN[0;39m [35m54636[0;39m [2m---[0;39m [2m[mp-auth] [           main][0;39m [2m[0;39m[36mConfigServletWebServerApplicationContext[0;39m [2m:[0;39m Exception encountered during context initialization - cancelling refresh attempt: org.springframework.context.ApplicationContextException: Failed to start bean 'webServerStartStop'
[2m2026-03-08T15:24:27.042+08:00[0;39m [32m INFO[0;39m [35m54636[0;39m [2m---[0;39m [2m[mp-auth] [           main][0;39m [2m[0;39m[36mc.b.d.d.DynamicRoutingDataSource        [0;39m [2m:[0;39m dynamic-datasource start closing ....
[2m2026-03-08T15:24:27.043+08:00[0;39m [32m INFO[0;39m [35m54636[0;39m [2m---[0;39m [2m[mp-auth] [           main][0;39m [2m[0;39m[36mcom.alibaba.druid.pool.DruidDataSource  [0;39m [2m:[0;39m {dataSource-1} closing ...
[2m2026-03-08T15:24:27.048+08:00[0;39m [32m INFO[0;39m [35m54636[0;39m [2m---[0;39m [2m[mp-auth] [           main][0;39m [2m[0;39m[36mcom.alibaba.druid.pool.DruidDataSource  [0;39m [2m:[0;39m {dataSource-1} closed
[2m2026-03-08T15:24:27.048+08:00[0;39m [32m INFO[0;39m [35m54636[0;39m [2m---[0;39m [2m[mp-auth] [           main][0;39m [2m[0;39m[36mc.b.d.d.d.DefaultDataSourceDestroyer    [0;39m [2m:[0;39m dynamic-datasource close the datasource named [master] success,
[2m2026-03-08T15:24:27.048+08:00[0;39m [32m INFO[0;39m [35m54636[0;39m [2m---[0;39m [2m[mp-auth] [           main][0;39m [2m[0;39m[36mc.b.d.d.DynamicRoutingDataSource        [0;39m [2m:[0;39m dynamic-datasource all closed success,bye
[2m2026-03-08T15:24:27.057+08:00[0;39m [32m INFO[0;39m [35m54636[0;39m [2m---[0;39m [2m[mp-auth] [           main][0;39m [2m[0;39m[36m.s.b.a.l.ConditionEvaluationReportLogger[0;39m [2m:[0;39m 

Error starting ApplicationContext. To display the condition evaluation report re-run your application with 'debug' enabled.
[2m2026-03-08T15:24:27.069+08:00[0;39m [31mERROR[0;39m [35m54636[0;39m [2m---[0;39m [2m[mp-auth] [           main][0;39m [2m[0;39m[36mo.s.b.d.LoggingFailureAnalysisReporter  [0;39m [2m:[0;39m 

***************************
APPLICATION FAILED TO START
***************************

Description:

Web server failed to start. Port 8081 was already in use.

Action:

Identify and stop the process that's listening on port 8081 or configure this application to listen on another port.


  .   ____          _            __ _ _
 /\\ / ___'_ __ _ _(_)_ __  __ _ \ \ \ \
( ( )\___ | '_ | '_| | '_ \/ _` | \ \ \ \
 \\/  ___)| |_)| | | | | || (_| |  ) ) ) )
  '  |____| .__|_| |_|_| |_\__, | / / / /
 =========|_|==============|___/=/_/_/_/
[32m :: Spring Boot :: [39m              [2m (v3.2.5)[0;39m

[2m2026-03-08T15:25:43.168+08:00[0;39m [32m INFO[0;39m [35m54816[0;39m [2m---[0;39m [2m[mp-auth] [           main][0;39m [2m[0;39m[36mc.micro.platform.auth.AuthApplication   [0;39m [2m:[0;39m Starting AuthApplication using Java 24.0.2 with PID 54816 (/Users/xieyunxing/micro-platform/mp-auth/target/mp-auth-1.0.0.jar started by xieyunxing in /Users/xieyunxing/micro-platform)
[2m2026-03-08T15:25:43.170+08:00[0;39m [32mDEBUG[0;39m [35m54816[0;39m [2m---[0;39m [2m[mp-auth] [           main][0;39m [2m[0;39m[36mc.micro.platform.auth.AuthApplication   [0;39m [2m:[0;39m Running with Spring Boot v3.2.5, Spring v6.1.6
[2m2026-03-08T15:25:43.170+08:00[0;39m [32m INFO[0;39m [35m54816[0;39m [2m---[0;39m [2m[mp-auth] [           main][0;39m [2m[0;39m[36mc.micro.platform.auth.AuthApplication   [0;39m [2m:[0;39m The following 1 profile is active: "local"
[2m2026-03-08T15:25:44.280+08:00[0;39m [32m INFO[0;39m [35m54816[0;39m [2m---[0;39m [2m[mp-auth] [           main][0;39m [2m[0;39m[36m.s.d.r.c.RepositoryConfigurationDelegate[0;39m [2m:[0;39m Multiple Spring Data modules found, entering strict repository configuration mode
[2m2026-03-08T15:25:44.283+08:00[0;39m [32m INFO[0;39m [35m54816[0;39m [2m---[0;39m [2m[mp-auth] [           main][0;39m [2m[0;39m[36m.s.d.r.c.RepositoryConfigurationDelegate[0;39m [2m:[0;39m Bootstrapping Spring Data Redis repositories in DEFAULT mode.
[2m2026-03-08T15:25:44.305+08:00[0;39m [32m INFO[0;39m [35m54816[0;39m [2m---[0;39m [2m[mp-auth] [           main][0;39m [2m[0;39m[36m.s.d.r.c.RepositoryConfigurationDelegate[0;39m [2m:[0;39m Finished Spring Data repository scanning in 9 ms. Found 0 Redis repository interfaces.
[2m2026-03-08T15:25:44.503+08:00[0;39m [32m INFO[0;39m [35m54816[0;39m [2m---[0;39m [2m[mp-auth] [           main][0;39m [2m[0;39m[36mo.s.cloud.context.scope.GenericScope    [0;39m [2m:[0;39m BeanFactory id=005dbcb8-23fa-381b-8ee0-c47224e2aea6
[2m2026-03-08T15:25:44.747+08:00[0;39m [33m WARN[0;39m [35m54816[0;39m [2m---[0;39m [2m[mp-auth] [           main][0;39m [2m[0;39m[36mtrationDelegate$BeanPostProcessorChecker[0;39m [2m:[0;39m Bean 'org.springframework.cloud.commons.config.CommonsConfigAutoConfiguration' of type [org.springframework.cloud.commons.config.CommonsConfigAutoConfiguration] is not eligible for getting processed by all BeanPostProcessors (for example: not eligible for auto-proxying). Is this bean getting eagerly injected into a currently created BeanPostProcessor [projectingArgumentResolverBeanPostProcessor]? Check the corresponding BeanPostProcessor declaration and its dependencies.
[2m2026-03-08T15:25:44.751+08:00[0;39m [33m WARN[0;39m [35m54816[0;39m [2m---[0;39m [2m[mp-auth] [           main][0;39m [2m[0;39m[36mtrationDelegate$BeanPostProcessorChecker[0;39m [2m:[0;39m Bean 'org.springframework.cloud.client.loadbalancer.LoadBalancerDefaultMappingsProviderAutoConfiguration' of type [org.springframework.cloud.client.loadbalancer.LoadBalancerDefaultMappingsProviderAutoConfiguration] is not eligible for getting processed by all BeanPostProcessors (for example: not eligible for auto-proxying). Is this bean getting eagerly injected into a currently created BeanPostProcessor [projectingArgumentResolverBeanPostProcessor]? Check the corresponding BeanPostProcessor declaration and its dependencies.
[2m2026-03-08T15:25:44.752+08:00[0;39m [33m WARN[0;39m [35m54816[0;39m [2m---[0;39m [2m[mp-auth] [           main][0;39m [2m[0;39m[36mtrationDelegate$BeanPostProcessorChecker[0;39m [2m:[0;39m Bean 'loadBalancerClientsDefaultsMappingsProvider' of type [org.springframework.cloud.client.loadbalancer.LoadBalancerDefaultMappingsProviderAutoConfiguration$$Lambda/0x00000380013d6ef0] is not eligible for getting processed by all BeanPostProcessors (for example: not eligible for auto-proxying). Is this bean getting eagerly injected into a currently created BeanPostProcessor [projectingArgumentResolverBeanPostProcessor]? Check the corresponding BeanPostProcessor declaration and its dependencies.
[2m2026-03-08T15:25:44.754+08:00[0;39m [33m WARN[0;39m [35m54816[0;39m [2m---[0;39m [2m[mp-auth] [           main][0;39m [2m[0;39m[36mtrationDelegate$BeanPostProcessorChecker[0;39m [2m:[0;39m Bean 'defaultsBindHandlerAdvisor' of type [org.springframework.cloud.commons.config.DefaultsBindHandlerAdvisor] is not eligible for getting processed by all BeanPostProcessors (for example: not eligible for auto-proxying). Is this bean getting eagerly injected into a currently created BeanPostProcessor [projectingArgumentResolverBeanPostProcessor]? Check the corresponding BeanPostProcessor declaration and its dependencies.
[2m2026-03-08T15:25:44.766+08:00[0;39m [33m WARN[0;39m [35m54816[0;39m [2m---[0;39m [2m[mp-auth] [           main][0;39m [2m[0;39m[36mtrationDelegate$BeanPostProcessorChecker[0;39m [2m:[0;39m Bean 'spring.datasource.dynamic-com.baomidou.dynamic.datasource.spring.boot.autoconfigure.DynamicDataSourceProperties' of type [com.baomidou.dynamic.datasource.spring.boot.autoconfigure.DynamicDataSourceProperties] is not eligible for getting processed by all BeanPostProcessors (for example: not eligible for auto-proxying). Is this bean getting eagerly injected into a currently created BeanPostProcessor [projectingArgumentResolverBeanPostProcessor]? Check the corresponding BeanPostProcessor declaration and its dependencies.
[2m2026-03-08T15:25:44.769+08:00[0;39m [33m WARN[0;39m [35m54816[0;39m [2m---[0;39m [2m[mp-auth] [           main][0;39m [2m[0;39m[36mtrationDelegate$BeanPostProcessorChecker[0;39m [2m:[0;39m Bean 'com.baomidou.dynamic.datasource.spring.boot.autoconfigure.DynamicDataSourceAopConfiguration' of type [com.baomidou.dynamic.datasource.spring.boot.autoconfigure.DynamicDataSourceAopConfiguration$$SpringCGLIB$$0] is not eligible for getting processed by all BeanPostProcessors (for example: not eligible for auto-proxying). Is this bean getting eagerly injected into a currently created BeanPostProcessor [projectingArgumentResolverBeanPostProcessor]? Check the corresponding BeanPostProcessor declaration and its dependencies.
[2m2026-03-08T15:25:44.778+08:00[0;39m [33m WARN[0;39m [35m54816[0;39m [2m---[0;39m [2m[mp-auth] [           main][0;39m [2m[0;39m[36mtrationDelegate$BeanPostProcessorChecker[0;39m [2m:[0;39m Bean 'dsProcessor' of type [com.baomidou.dynamic.datasource.processor.DsJakartaHeaderProcessor] is not eligible for getting processed by all BeanPostProcessors (for example: not eligible for auto-proxying). Is this bean getting eagerly injected into a currently created BeanPostProcessor [projectingArgumentResolverBeanPostProcessor]? Check the corresponding BeanPostProcessor declaration and its dependencies.
WARNING: A restricted method in java.lang.System has been called
WARNING: java.lang.System::load has been called by org.apache.tomcat.jni.Library in an unnamed module (jar:nested:/Users/xieyunxing/micro-platform/mp-auth/target/mp-auth-1.0.0.jar/!BOOT-INF/lib/tomcat-embed-core-10.1.20.jar!/)
WARNING: Use --enable-native-access=ALL-UNNAMED to avoid a warning for callers in this module
WARNING: Restricted methods will be blocked in a future release unless native access is enabled

[2m2026-03-08T15:25:45.028+08:00[0;39m [32m INFO[0;39m [35m54816[0;39m [2m---[0;39m [2m[mp-auth] [           main][0;39m [2m[0;39m[36mo.s.b.w.embedded.tomcat.TomcatWebServer [0;39m [2m:[0;39m Tomcat initialized with port 8081 (http)
[2m2026-03-08T15:25:45.037+08:00[0;39m [32m INFO[0;39m [35m54816[0;39m [2m---[0;39m [2m[mp-auth] [           main][0;39m [2m[0;39m[36mo.apache.catalina.core.StandardService  [0;39m [2m:[0;39m Starting service [Tomcat]
[2m2026-03-08T15:25:45.038+08:00[0;39m [32m INFO[0;39m [35m54816[0;39m [2m---[0;39m [2m[mp-auth] [           main][0;39m [2m[0;39m[36mo.apache.catalina.core.StandardEngine   [0;39m [2m:[0;39m Starting Servlet engine: [Apache Tomcat/10.1.20]
[2m2026-03-08T15:25:45.077+08:00[0;39m [32m INFO[0;39m [35m54816[0;39m [2m---[0;39m [2m[mp-auth] [           main][0;39m [2m[0;39m[36mo.a.c.c.C.[Tomcat].[localhost].[/]      [0;39m [2m:[0;39m Initializing Spring embedded WebApplicationContext
[2m2026-03-08T15:25:45.077+08:00[0;39m [32m INFO[0;39m [35m54816[0;39m [2m---[0;39m [2m[mp-auth] [           main][0;39m [2m[0;39m[36mw.s.c.ServletWebServerApplicationContext[0;39m [2m:[0;39m Root WebApplicationContext: initialization completed in 1830 ms
WARNING: A terminally deprecated method in sun.misc.Unsafe has been called
WARNING: sun.misc.Unsafe::objectFieldOffset has been called by io.netty.util.internal.PlatformDependent0$4 (jar:nested:/Users/xieyunxing/micro-platform/mp-auth/target/mp-auth-1.0.0.jar/!BOOT-INF/lib/netty-common-4.1.109.Final.jar!/)
WARNING: Please consider reporting this to the maintainers of class io.netty.util.internal.PlatformDependent0$4
WARNING: sun.misc.Unsafe::objectFieldOffset will be removed in a future release
[2m2026-03-08T15:25:45.692+08:00[0;39m [32m INFO[0;39m [35m54816[0;39m [2m---[0;39m [2m[mp-auth] [           main][0;39m [2m[0;39m[36mcom.alibaba.druid.pool.DruidDataSource  [0;39m [2m:[0;39m {dataSource-1,master} inited
[2m2026-03-08T15:25:45.692+08:00[0;39m [32m INFO[0;39m [35m54816[0;39m [2m---[0;39m [2m[mp-auth] [           main][0;39m [2m[0;39m[36mc.b.d.d.DynamicRoutingDataSource        [0;39m [2m:[0;39m dynamic-datasource - add a datasource named [master] success
[2m2026-03-08T15:25:45.693+08:00[0;39m [32m INFO[0;39m [35m54816[0;39m [2m---[0;39m [2m[mp-auth] [           main][0;39m [2m[0;39m[36mc.b.d.d.DynamicRoutingDataSource        [0;39m [2m:[0;39m dynamic-datasource initial loaded [1] datasource,primary datasource named [master]
 _ _   |_  _ _|_. ___ _ |    _ 
| | |\/|_)(_| | |_\  |_)||_|_\ 
     /               |         
                        3.5.6 
[2m2026-03-08T15:25:46.383+08:00[0;39m [33m WARN[0;39m [35m54816[0;39m [2m---[0;39m [2m[mp-auth] [           main][0;39m [2m[0;39m[36mConfigServletWebServerApplicationContext[0;39m [2m:[0;39m Exception encountered during context initialization - cancelling refresh attempt: org.springframework.context.ApplicationContextException: Failed to start bean 'webServerStartStop'
[2m2026-03-08T15:25:46.384+08:00[0;39m [32m INFO[0;39m [35m54816[0;39m [2m---[0;39m [2m[mp-auth] [           main][0;39m [2m[0;39m[36mc.b.d.d.DynamicRoutingDataSource        [0;39m [2m:[0;39m dynamic-datasource start closing ....
[2m2026-03-08T15:25:46.386+08:00[0;39m [32m INFO[0;39m [35m54816[0;39m [2m---[0;39m [2m[mp-auth] [           main][0;39m [2m[0;39m[36mcom.alibaba.druid.pool.DruidDataSource  [0;39m [2m:[0;39m {dataSource-1} closing ...
[2m2026-03-08T15:25:46.390+08:00[0;39m [32m INFO[0;39m [35m54816[0;39m [2m---[0;39m [2m[mp-auth] [           main][0;39m [2m[0;39m[36mcom.alibaba.druid.pool.DruidDataSource  [0;39m [2m:[0;39m {dataSource-1} closed
[2m2026-03-08T15:25:46.390+08:00[0;39m [32m INFO[0;39m [35m54816[0;39m [2m---[0;39m [2m[mp-auth] [           main][0;39m [2m[0;39m[36mc.b.d.d.d.DefaultDataSourceDestroyer    [0;39m [2m:[0;39m dynamic-datasource close the datasource named [master] success,
[2m2026-03-08T15:25:46.390+08:00[0;39m [32m INFO[0;39m [35m54816[0;39m [2m---[0;39m [2m[mp-auth] [           main][0;39m [2m[0;39m[36mc.b.d.d.DynamicRoutingDataSource        [0;39m [2m:[0;39m dynamic-datasource all closed success,bye
[2m2026-03-08T15:25:46.401+08:00[0;39m [32m INFO[0;39m [35m54816[0;39m [2m---[0;39m [2m[mp-auth] [           main][0;39m [2m[0;39m[36m.s.b.a.l.ConditionEvaluationReportLogger[0;39m [2m:[0;39m 

Error starting ApplicationContext. To display the condition evaluation report re-run your application with 'debug' enabled.
[2m2026-03-08T15:25:46.416+08:00[0;39m [31mERROR[0;39m [35m54816[0;39m [2m---[0;39m [2m[mp-auth] [           main][0;39m [2m[0;39m[36mo.s.b.d.LoggingFailureAnalysisReporter  [0;39m [2m:[0;39m 

***************************
APPLICATION FAILED TO START
***************************

Description:

Web server failed to start. Port 8081 was already in use.

Action:

Identify and stop the process that's listening on port 8081 or configure this application to listen on another port.

sleep: invalid time interval: nohup
sleep: invalid time interval: java
sleep: invalid time interval: -XX:TieredStopAtLevel=1
sleep: invalid time interval: -Xmx512m
sleep: invalid time interval: -jar
sleep: invalid time interval: mp-auth/target/mp-auth-1.0.0.jar
sleep: invalid time interval: --spring.profiles.active=local
usage: sleep number[unit] [...]
Unit can be 's' (seconds, the default), m (minutes), h (hours), or d (days).
