
  .   ____          _            __ _ _
 /\\ / ___'_ __ _ _(_)_ __  __ _ \ \ \ \
( ( )\___ | '_ | '_| | '_ \/ _` | \ \ \ \
 \\/  ___)| |_)| | | | | || (_| |  ) ) ) )
  '  |____| .__|_| |_|_| |_\__, | / / / /
 =========|_|==============|___/=/_/_/_/
[32m :: Spring Boot :: [39m              [2m (v3.2.5)[0;39m

[2m2026-03-08T15:22:57.211+08:00[0;39m [32m INFO[0;39m [35m54414[0;39m [2m---[0;39m [2m[mp-generator] [           main][0;39m [2m[0;39m[36mc.m.p.generator.GeneratorApplication    [0;39m [2m:[0;39m Starting GeneratorApplication using Java 24.0.2 with PID 54414 (/Users/xieyunxing/micro-platform/mp-generator/target/mp-generator-1.0.0.jar started by xieyunxing in /Users/xieyunxing/micro-platform)
[2m2026-03-08T15:22:57.213+08:00[0;39m [32mDEBUG[0;39m [35m54414[0;39m [2m---[0;39m [2m[mp-generator] [           main][0;39m [2m[0;39m[36mc.m.p.generator.GeneratorApplication    [0;39m [2m:[0;39m Running with Spring Boot v3.2.5, Spring v6.1.6
[2m2026-03-08T15:22:57.214+08:00[0;39m [32m INFO[0;39m [35m54414[0;39m [2m---[0;39m [2m[mp-generator] [           main][0;39m [2m[0;39m[36mc.m.p.generator.GeneratorApplication    [0;39m [2m:[0;39m The following 1 profile is active: "local"
[2m2026-03-08T15:22:58.011+08:00[0;39m [32m INFO[0;39m [35m54414[0;39m [2m---[0;39m [2m[mp-generator] [           main][0;39m [2m[0;39m[36mo.s.cloud.context.scope.GenericScope    [0;39m [2m:[0;39m BeanFactory id=1ff77648-8c83-389a-9c1d-e40df894d162
[2m2026-03-08T15:22:58.091+08:00[0;39m [33m WARN[0;39m [35m54414[0;39m [2m---[0;39m [2m[mp-generator] [           main][0;39m [2m[0;39m[36mtrationDelegate$BeanPostProcessorChecker[0;39m [2m:[0;39m Bean 'org.springframework.cloud.commons.config.CommonsConfigAutoConfiguration' of type [org.springframework.cloud.commons.config.CommonsConfigAutoConfiguration] is not eligible for getting processed by all BeanPostProcessors (for example: not eligible for auto-proxying). Is this bean getting eagerly injected into a currently created BeanPostProcessor [configurationPropertiesBeans]? Check the corresponding BeanPostProcessor declaration and its dependencies.
[2m2026-03-08T15:22:58.095+08:00[0;39m [33m WARN[0;39m [35m54414[0;39m [2m---[0;39m [2m[mp-generator] [           main][0;39m [2m[0;39m[36mtrationDelegate$BeanPostProcessorChecker[0;39m [2m:[0;39m Bean 'org.springframework.cloud.client.loadbalancer.LoadBalancerDefaultMappingsProviderAutoConfiguration' of type [org.springframework.cloud.client.loadbalancer.LoadBalancerDefaultMappingsProviderAutoConfiguration] is not eligible for getting processed by all BeanPostProcessors (for example: not eligible for auto-proxying). Is this bean getting eagerly injected into a currently created BeanPostProcessor [configurationPropertiesBeans]? Check the corresponding BeanPostProcessor declaration and its dependencies.
[2m2026-03-08T15:22:58.101+08:00[0;39m [33m WARN[0;39m [35m54414[0;39m [2m---[0;39m [2m[mp-generator] [           main][0;39m [2m[0;39m[36mtrationDelegate$BeanPostProcessorChecker[0;39m [2m:[0;39m Bean 'loadBalancerClientsDefaultsMappingsProvider' of type [org.springframework.cloud.client.loadbalancer.LoadBalancerDefaultMappingsProviderAutoConfiguration$$Lambda/0x00000078013167f8] is not eligible for getting processed by all BeanPostProcessors (for example: not eligible for auto-proxying). Is this bean getting eagerly injected into a currently created BeanPostProcessor [configurationPropertiesBeans]? Check the corresponding BeanPostProcessor declaration and its dependencies.
[2m2026-03-08T15:22:58.104+08:00[0;39m [33m WARN[0;39m [35m54414[0;39m [2m---[0;39m [2m[mp-generator] [           main][0;39m [2m[0;39m[36mtrationDelegate$BeanPostProcessorChecker[0;39m [2m:[0;39m Bean 'defaultsBindHandlerAdvisor' of type [org.springframework.cloud.commons.config.DefaultsBindHandlerAdvisor] is not eligible for getting processed by all BeanPostProcessors (for example: not eligible for auto-proxying). Is this bean getting eagerly injected into a currently created BeanPostProcessor [configurationPropertiesBeans]? Check the corresponding BeanPostProcessor declaration and its dependencies.
[2m2026-03-08T15:22:58.120+08:00[0;39m [33m WARN[0;39m [35m54414[0;39m [2m---[0;39m [2m[mp-generator] [           main][0;39m [2m[0;39m[36mtrationDelegate$BeanPostProcessorChecker[0;39m [2m:[0;39m Bean 'spring.datasource.dynamic-com.baomidou.dynamic.datasource.spring.boot.autoconfigure.DynamicDataSourceProperties' of type [com.baomidou.dynamic.datasource.spring.boot.autoconfigure.DynamicDataSourceProperties] is not eligible for getting processed by all BeanPostProcessors (for example: not eligible for auto-proxying). Is this bean getting eagerly injected into a currently created BeanPostProcessor [configurationPropertiesBeans]? Check the corresponding BeanPostProcessor declaration and its dependencies.
[2m2026-03-08T15:22:58.120+08:00[0;39m [33m WARN[0;39m [35m54414[0;39m [2m---[0;39m [2m[mp-generator] [           main][0;39m [2m[0;39m[36mtrationDelegate$BeanPostProcessorChecker[0;39m [2m:[0;39m Bean 'com.baomidou.dynamic.datasource.spring.boot.autoconfigure.DynamicDataSourceAopConfiguration' of type [com.baomidou.dynamic.datasource.spring.boot.autoconfigure.DynamicDataSourceAopConfiguration$$SpringCGLIB$$0] is not eligible for getting processed by all BeanPostProcessors (for example: not eligible for auto-proxying). Is this bean getting eagerly injected into a currently created BeanPostProcessor [configurationPropertiesBeans]? Check the corresponding BeanPostProcessor declaration and its dependencies.
[2m2026-03-08T15:22:58.125+08:00[0;39m [33m WARN[0;39m [35m54414[0;39m [2m---[0;39m [2m[mp-generator] [           main][0;39m [2m[0;39m[36mtrationDelegate$BeanPostProcessorChecker[0;39m [2m:[0;39m Bean 'dsProcessor' of type [com.baomidou.dynamic.datasource.processor.DsJakartaHeaderProcessor] is not eligible for getting processed by all BeanPostProcessors (for example: not eligible for auto-proxying). Is this bean getting eagerly injected into a currently created BeanPostProcessor [configurationPropertiesBeans]? Check the corresponding BeanPostProcessor declaration and its dependencies.
WARNING: A restricted method in java.lang.System has been called
WARNING: java.lang.System::load has been called by org.apache.tomcat.jni.Library in an unnamed module (jar:nested:/Users/xieyunxing/micro-platform/mp-generator/target/mp-generator-1.0.0.jar/!BOOT-INF/lib/tomcat-embed-core-10.1.20.jar!/)
WARNING: Use --enable-native-access=ALL-UNNAMED to avoid a warning for callers in this module
WARNING: Restricted methods will be blocked in a future release unless native access is enabled

[2m2026-03-08T15:22:58.269+08:00[0;39m [32m INFO[0;39m [35m54414[0;39m [2m---[0;39m [2m[mp-generator] [           main][0;39m [2m[0;39m[36mo.s.b.w.embedded.tomcat.TomcatWebServer [0;39m [2m:[0;39m Tomcat initialized with port 8083 (http)
[2m2026-03-08T15:22:58.277+08:00[0;39m [32m INFO[0;39m [35m54414[0;39m [2m---[0;39m [2m[mp-generator] [           main][0;39m [2m[0;39m[36mo.apache.catalina.core.StandardService  [0;39m [2m:[0;39m Starting service [Tomcat]
[2m2026-03-08T15:22:58.277+08:00[0;39m [32m INFO[0;39m [35m54414[0;39m [2m---[0;39m [2m[mp-generator] [           main][0;39m [2m[0;39m[36mo.apache.catalina.core.StandardEngine   [0;39m [2m:[0;39m Starting Servlet engine: [Apache Tomcat/10.1.20]
[2m2026-03-08T15:22:58.298+08:00[0;39m [32m INFO[0;39m [35m54414[0;39m [2m---[0;39m [2m[mp-generator] [           main][0;39m [2m[0;39m[36mo.a.c.c.C.[Tomcat].[localhost].[/]      [0;39m [2m:[0;39m Initializing Spring embedded WebApplicationContext
[2m2026-03-08T15:22:58.298+08:00[0;39m [32m INFO[0;39m [35m54414[0;39m [2m---[0;39m [2m[mp-generator] [           main][0;39m [2m[0;39m[36mw.s.c.ServletWebServerApplicationContext[0;39m [2m:[0;39m Root WebApplicationContext: initialization completed in 1037 ms
[2m2026-03-08T15:22:58.573+08:00[0;39m [32m INFO[0;39m [35m54414[0;39m [2m---[0;39m [2m[mp-generator] [           main][0;39m [2m[0;39m[36mcom.alibaba.druid.pool.DruidDataSource  [0;39m [2m:[0;39m {dataSource-1,master} inited
[2m2026-03-08T15:22:58.574+08:00[0;39m [32m INFO[0;39m [35m54414[0;39m [2m---[0;39m [2m[mp-generator] [           main][0;39m [2m[0;39m[36mc.b.d.d.DynamicRoutingDataSource        [0;39m [2m:[0;39m dynamic-datasource - add a datasource named [master] success
[2m2026-03-08T15:22:58.575+08:00[0;39m [32m INFO[0;39m [35m54414[0;39m [2m---[0;39m [2m[mp-generator] [           main][0;39m [2m[0;39m[36mc.b.d.d.DynamicRoutingDataSource        [0;39m [2m:[0;39m dynamic-datasource initial loaded [1] datasource,primary datasource named [master]
 _ _   |_  _ _|_. ___ _ |    _ 
| | |\/|_)(_| | |_\  |_)||_|_\ 
     /               |         
                        3.5.6 
[2m2026-03-08T15:22:58.993+08:00[0;39m [32m INFO[0;39m [35m54414[0;39m [2m---[0;39m [2m[mp-generator] [           main][0;39m [2m[0;39m[36mo.s.b.w.embedded.tomcat.TomcatWebServer [0;39m [2m:[0;39m Tomcat started on port 8083 (http) with context path ''
[2m2026-03-08T15:22:58.999+08:00[0;39m [32m INFO[0;39m [35m54414[0;39m [2m---[0;39m [2m[mp-generator] [           main][0;39m [2m[0;39m[36mcom.alibaba.nacos.client.naming         [0;39m [2m:[0;39m initializer namespace from ans.namespace attribute : null
[2m2026-03-08T15:22:58.999+08:00[0;39m [32m INFO[0;39m [35m54414[0;39m [2m---[0;39m [2m[mp-generator] [           main][0;39m [2m[0;39m[36mcom.alibaba.nacos.client.naming         [0;39m [2m:[0;39m initializer namespace from ALIBABA_ALIWARE_NAMESPACE attribute :null
[2m2026-03-08T15:22:59.000+08:00[0;39m [32m INFO[0;39m [35m54414[0;39m [2m---[0;39m [2m[mp-generator] [           main][0;39m [2m[0;39m[36mcom.alibaba.nacos.client.naming         [0;39m [2m:[0;39m initializer namespace from namespace attribute :null
[2m2026-03-08T15:22:59.008+08:00[0;39m [32m INFO[0;39m [35m54414[0;39m [2m---[0;39m [2m[mp-generator] [           main][0;39m [2m[0;39m[36mcom.alibaba.nacos.client.naming         [0;39m [2m:[0;39m FailoverDataSource type is class com.alibaba.nacos.client.naming.backups.datasource.DiskFailoverDataSource
[2m2026-03-08T15:22:59.014+08:00[0;39m [32m INFO[0;39m [35m54414[0;39m [2m---[0;39m [2m[mp-generator] [       Thread-3][0;39m [2m[0;39m[36mc.a.n.c.a.r.identify.CredentialWatcher  [0;39m [2m:[0;39m null No credential found
[2m2026-03-08T15:22:59.018+08:00[0;39m [32m INFO[0;39m [35m54414[0;39m [2m---[0;39m [2m[mp-generator] [           main][0;39m [2m[0;39m[36mc.alibaba.nacos.client.utils.ParamUtil  [0;39m [2m:[0;39m [settings] [req-serv] nacos-server port:8848
[2m2026-03-08T15:22:59.018+08:00[0;39m [32m INFO[0;39m [35m54414[0;39m [2m---[0;39m [2m[mp-generator] [           main][0;39m [2m[0;39m[36mc.alibaba.nacos.client.utils.ParamUtil  [0;39m [2m:[0;39m [settings] [http-client] connect timeout:1000
[2m2026-03-08T15:22:59.019+08:00[0;39m [32m INFO[0;39m [35m54414[0;39m [2m---[0;39m [2m[mp-generator] [           main][0;39m [2m[0;39m[36mc.alibaba.nacos.client.utils.ParamUtil  [0;39m [2m:[0;39m PER_TASK_CONFIG_SIZE: 3000.0
[2m2026-03-08T15:22:59.021+08:00[0;39m [32m INFO[0;39m [35m54414[0;39m [2m---[0;39m [2m[mp-generator] [           main][0;39m [2m[0;39m[36mc.a.n.p.a.s.c.ClientAuthPluginManager   [0;39m [2m:[0;39m [ClientAuthPluginManager] Load ClientAuthService com.alibaba.nacos.client.auth.impl.NacosClientAuthServiceImpl success.
[2m2026-03-08T15:22:59.021+08:00[0;39m [32m INFO[0;39m [35m54414[0;39m [2m---[0;39m [2m[mp-generator] [           main][0;39m [2m[0;39m[36mc.a.n.p.a.s.c.ClientAuthPluginManager   [0;39m [2m:[0;39m [ClientAuthPluginManager] Load ClientAuthService com.alibaba.nacos.client.auth.ram.RamClientAuthServiceImpl success.
[2m2026-03-08T15:22:59.026+08:00[0;39m [32m INFO[0;39m [35m54414[0;39m [2m---[0;39m [2m[mp-generator] [           main][0;39m [2m[0;39m[36mcom.alibaba.nacos.common.remote.client  [0;39m [2m:[0;39m [RpcClientFactory] create a new rpc client of 6d31fff7-02e5-4c71-b638-3f60b72c4da7
[2m2026-03-08T15:22:59.043+08:00[0;39m [32m INFO[0;39m [35m54414[0;39m [2m---[0;39m [2m[mp-generator] [           main][0;39m [2m[0;39m[36mcom.alibaba.nacos.client.naming         [0;39m [2m:[0;39m Create naming rpc client for uuid->6d31fff7-02e5-4c71-b638-3f60b72c4da7
[2m2026-03-08T15:22:59.043+08:00[0;39m [32m INFO[0;39m [35m54414[0;39m [2m---[0;39m [2m[mp-generator] [           main][0;39m [2m[0;39m[36mcom.alibaba.nacos.common.remote.client  [0;39m [2m:[0;39m [6d31fff7-02e5-4c71-b638-3f60b72c4da7] RpcClient init, ServerListFactory = com.alibaba.nacos.client.naming.core.ServerListManager
[2m2026-03-08T15:22:59.043+08:00[0;39m [32m INFO[0;39m [35m54414[0;39m [2m---[0;39m [2m[mp-generator] [           main][0;39m [2m[0;39m[36mcom.alibaba.nacos.common.remote.client  [0;39m [2m:[0;39m [6d31fff7-02e5-4c71-b638-3f60b72c4da7] Registry connection listener to current client:com.alibaba.nacos.client.naming.remote.gprc.redo.NamingGrpcRedoService
[2m2026-03-08T15:22:59.043+08:00[0;39m [32m INFO[0;39m [35m54414[0;39m [2m---[0;39m [2m[mp-generator] [           main][0;39m [2m[0;39m[36mcom.alibaba.nacos.common.remote.client  [0;39m [2m:[0;39m [6d31fff7-02e5-4c71-b638-3f60b72c4da7] Register server push request handler:com.alibaba.nacos.client.naming.remote.gprc.NamingPushRequestHandler
[2m2026-03-08T15:22:59.045+08:00[0;39m [32m INFO[0;39m [35m54414[0;39m [2m---[0;39m [2m[mp-generator] [           main][0;39m [2m[0;39m[36mcom.alibaba.nacos.common.remote.client  [0;39m [2m:[0;39m [6d31fff7-02e5-4c71-b638-3f60b72c4da7] Try to connect to server on start up, server: {serverIp = '127.0.0.1', server main port = 8848}
[2m2026-03-08T15:22:59.062+08:00[0;39m [32m INFO[0;39m [35m54414[0;39m [2m---[0;39m [2m[mp-generator] [           main][0;39m [2m[0;39m[36mc.a.n.c.remote.client.grpc.GrpcClient   [0;39m [2m:[0;39m grpc client connection server:127.0.0.1 ip,serverPort:9848,grpcTslConfig:{"sslProvider":"","enableTls":false,"mutualAuthEnable":false,"trustAll":false}
WARNING: A terminally deprecated method in sun.misc.Unsafe has been called
WARNING: sun.misc.Unsafe::objectFieldOffset has been called by com.alibaba.nacos.shaded.io.grpc.netty.shaded.io.netty.util.internal.PlatformDependent0$4 (jar:nested:/Users/xieyunxing/micro-platform/mp-generator/target/mp-generator-1.0.0.jar/!BOOT-INF/lib/nacos-client-2.3.2.jar!/)
WARNING: Please consider reporting this to the maintainers of class com.alibaba.nacos.shaded.io.grpc.netty.shaded.io.netty.util.internal.PlatformDependent0$4
WARNING: sun.misc.Unsafe::objectFieldOffset will be removed in a future release
[2m2026-03-08T15:22:59.415+08:00[0;39m [32m INFO[0;39m [35m54414[0;39m [2m---[0;39m [2m[mp-generator] [           main][0;39m [2m[0;39m[36mc.a.n.c.a.AbstractAbilityControlManager [0;39m [2m:[0;39m Ready to get current node abilities...
[2m2026-03-08T15:22:59.416+08:00[0;39m [32m INFO[0;39m [35m54414[0;39m [2m---[0;39m [2m[mp-generator] [           main][0;39m [2m[0;39m[36mc.a.n.c.a.AbstractAbilityControlManager [0;39m [2m:[0;39m Ready to initialize current node abilities, support modes: [SDK_CLIENT]
[2m2026-03-08T15:22:59.417+08:00[0;39m [32m INFO[0;39m [35m54414[0;39m [2m---[0;39m [2m[mp-generator] [           main][0;39m [2m[0;39m[36mc.a.n.c.a.AbstractAbilityControlManager [0;39m [2m:[0;39m Initialize current abilities finish...
[2m2026-03-08T15:22:59.417+08:00[0;39m [32m INFO[0;39m [35m54414[0;39m [2m---[0;39m [2m[mp-generator] [           main][0;39m [2m[0;39m[36mc.a.n.c.a.d.NacosAbilityManagerHolder   [0;39m [2m:[0;39m [AbilityControlManager] Successfully initialize AbilityControlManager
[2m2026-03-08T15:22:59.428+08:00[0;39m [32m INFO[0;39m [35m54414[0;39m [2m---[0;39m [2m[mp-generator] [           main][0;39m [2m[0;39m[36mcom.alibaba.nacos.common.remote.client  [0;39m [2m:[0;39m [6d31fff7-02e5-4c71-b638-3f60b72c4da7] Success to connect to server [127.0.0.1:8848] on start up, connectionId = 1772954579362_127.0.0.1_55931
[2m2026-03-08T15:22:59.428+08:00[0;39m [32m INFO[0;39m [35m54414[0;39m [2m---[0;39m [2m[mp-generator] [remote.worker.0][0;39m [2m[0;39m[36mcom.alibaba.nacos.common.remote.client  [0;39m [2m:[0;39m [6d31fff7-02e5-4c71-b638-3f60b72c4da7] Notify connected event to listeners.
[2m2026-03-08T15:22:59.428+08:00[0;39m [32m INFO[0;39m [35m54414[0;39m [2m---[0;39m [2m[mp-generator] [remote.worker.0][0;39m [2m[0;39m[36mcom.alibaba.nacos.client.naming         [0;39m [2m:[0;39m Grpc connection connect
[2m2026-03-08T15:22:59.428+08:00[0;39m [32m INFO[0;39m [35m54414[0;39m [2m---[0;39m [2m[mp-generator] [           main][0;39m [2m[0;39m[36mcom.alibaba.nacos.common.remote.client  [0;39m [2m:[0;39m [6d31fff7-02e5-4c71-b638-3f60b72c4da7] Register server push request handler:com.alibaba.nacos.common.remote.client.RpcClient$ConnectResetRequestHandler
[2m2026-03-08T15:22:59.428+08:00[0;39m [32m INFO[0;39m [35m54414[0;39m [2m---[0;39m [2m[mp-generator] [           main][0;39m [2m[0;39m[36mcom.alibaba.nacos.common.remote.client  [0;39m [2m:[0;39m [6d31fff7-02e5-4c71-b638-3f60b72c4da7] Register server push request handler:com.alibaba.nacos.common.remote.client.RpcClient$$Lambda/0x00000078015fd9d0
[2m2026-03-08T15:22:59.429+08:00[0;39m [32m INFO[0;39m [35m54414[0;39m [2m---[0;39m [2m[mp-generator] [           main][0;39m [2m[0;39m[36mcom.alibaba.nacos.client.naming         [0;39m [2m:[0;39m [REGISTER-SERVICE] public registering service mp-generator with instance Instance{instanceId='null', ip='192.168.0.104', port=8083, weight=1.0, healthy=true, enabled=true, ephemeral=true, clusterName='DEFAULT', serviceName='null', metadata={IPv6=null, preserved.register.source=SPRING_CLOUD}}
[2m2026-03-08T15:22:59.436+08:00[0;39m [32m INFO[0;39m [35m54414[0;39m [2m---[0;39m [2m[mp-generator] [           main][0;39m [2m[0;39m[36mc.a.c.n.registry.NacosServiceRegistry   [0;39m [2m:[0;39m nacos registry, DEFAULT_GROUP mp-generator 192.168.0.104:8083 register finished
[2m2026-03-08T15:22:59.443+08:00[0;39m [32m INFO[0;39m [35m54414[0;39m [2m---[0;39m [2m[mp-generator] [           main][0;39m [2m[0;39m[36mc.m.p.generator.GeneratorApplication    [0;39m [2m:[0;39m Started GeneratorApplication in 2.528 seconds (process running for 2.801)
[2m2026-03-08T15:29:58.537+08:00[0;39m [32m INFO[0;39m [35m54414[0;39m [2m---[0;39m [2m[mp-generator] [nio-8083-exec-1][0;39m [2m[0;39m[36mo.a.c.c.C.[Tomcat].[localhost].[/]      [0;39m [2m:[0;39m Initializing Spring DispatcherServlet 'dispatcherServlet'
[2m2026-03-08T15:29:58.537+08:00[0;39m [32m INFO[0;39m [35m54414[0;39m [2m---[0;39m [2m[mp-generator] [nio-8083-exec-1][0;39m [2m[0;39m[36mo.s.web.servlet.DispatcherServlet       [0;39m [2m:[0;39m Initializing Servlet 'dispatcherServlet'
[2m2026-03-08T15:29:58.538+08:00[0;39m [32m INFO[0;39m [35m54414[0;39m [2m---[0;39m [2m[mp-generator] [nio-8083-exec-1][0;39m [2m[0;39m[36mo.s.web.servlet.DispatcherServlet       [0;39m [2m:[0;39m Completed initialization in 0 ms
2mDEBUG[0;39m [35m54639[0;39m [2m---[0;39m [2m[mp-generator] [           main][0;39m [2m[0;39m[36mc.m.p.generator.GeneratorApplication    [0;39m [2m:[0;39m Running with Spring Boot v3.2.5, Spring v6.1.6
[2m2026-03-08T15:24:23.986+08:00[0;39m [32m INFO[0;39m [35m54639[0;39m [2m---[0;39m [2m[mp-generator] [           main][0;39m [2m[0;39m[36mc.m.p.generator.GeneratorApplication    [0;39m [2m:[0;39m The following 1 profile is active: "local"
[2m2026-03-08T15:24:24.706+08:00[0;39m [32m INFO[0;39m [35m54639[0;39m [2m---[0;39m [2m[mp-generator] [           main][0;39m [2m[0;39m[36mo.s.cloud.context.scope.GenericScope    [0;39m [2m:[0;39m BeanFactory id=1ff77648-8c83-389a-9c1d-e40df894d162
[2m2026-03-08T15:24:24.772+08:00[0;39m [33m WARN[0;39m [35m54639[0;39m [2m---[0;39m [2m[mp-generator] [           main][0;39m [2m[0;39m[36mtrationDelegate$BeanPostProcessorChecker[0;39m [2m:[0;39m Bean 'org.springframework.cloud.commons.config.CommonsConfigAutoConfiguration' of type [org.springframework.cloud.commons.config.CommonsConfigAutoConfiguration] is not eligible for getting processed by all BeanPostProcessors (for example: not eligible for auto-proxying). Is this bean getting eagerly injected into a currently created BeanPostProcessor [configurationPropertiesBeans]? Check the corresponding BeanPostProcessor declaration and its dependencies.
[2m2026-03-08T15:24:24.772+08:00[0;39m [33m WARN[0;39m [35m54639[0;39m [2m---[0;39m [2m[mp-generator] [           main][0;39m [2m[0;39m[36mtrationDelegate$BeanPostProcessorChecker[0;39m [2m:[0;39m Bean 'org.springframework.cloud.client.loadbalancer.LoadBalancerDefaultMappingsProviderAutoConfiguration' of type [org.springframework.cloud.client.loadbalancer.LoadBalancerDefaultMappingsProviderAutoConfiguration] is not eligible for getting processed by all BeanPostProcessors (for example: not eligible for auto-proxying). Is this bean getting eagerly injected into a currently created BeanPostProcessor [configurationPropertiesBeans]? Check the corresponding BeanPostProcessor declaration and its dependencies.
[2m2026-03-08T15:24:24.773+08:00[0;39m [33m WARN[0;39m [35m54639[0;39m [2m---[0;39m [2m[mp-generator] [           main][0;39m [2m[0;39m[36mtrationDelegate$BeanPostProcessorChecker[0;39m [2m:[0;39m Bean 'loadBalancerClientsDefaultsMappingsProvider' of type [org.springframework.cloud.client.loadbalancer.LoadBalancerDefaultMappingsProviderAutoConfiguration$$Lambda/0x00000400013167f8] is not eligible for getting processed by all BeanPostProcessors (for example: not eligible for auto-proxying). Is this bean getting eagerly injected into a currently created BeanPostProcessor [configurationPropertiesBeans]? Check the corresponding BeanPostProcessor declaration and its dependencies.
[2m2026-03-08T15:24:24.773+08:00[0;39m [33m WARN[0;39m [35m54639[0;39m [2m---[0;39m [2m[mp-generator] [           main][0;39m [2m[0;39m[36mtrationDelegate$BeanPostProcessorChecker[0;39m [2m:[0;39m Bean 'defaultsBindHandlerAdvisor' of type [org.springframework.cloud.commons.config.DefaultsBindHandlerAdvisor] is not eligible for getting processed by all BeanPostProcessors (for example: not eligible for auto-proxying). Is this bean getting eagerly injected into a currently created BeanPostProcessor [configurationPropertiesBeans]? Check the corresponding BeanPostProcessor declaration and its dependencies.
[2m2026-03-08T15:24:24.783+08:00[0;39m [33m WARN[0;39m [35m54639[0;39m [2m---[0;39m [2m[mp-generator] [           main][0;39m [2m[0;39m[36mtrationDelegate$BeanPostProcessorChecker[0;39m [2m:[0;39m Bean 'spring.datasource.dynamic-com.baomidou.dynamic.datasource.spring.boot.autoconfigure.DynamicDataSourceProperties' of type [com.baomidou.dynamic.datasource.spring.boot.autoconfigure.DynamicDataSourceProperties] is not eligible for getting processed by all BeanPostProcessors (for example: not eligible for auto-proxying). Is this bean getting eagerly injected into a currently created BeanPostProcessor [configurationPropertiesBeans]? Check the corresponding BeanPostProcessor declaration and its dependencies.
[2m2026-03-08T15:24:24.784+08:00[0;39m [33m WARN[0;39m [35m54639[0;39m [2m---[0;39m [2m[mp-generator] [           main][0;39m [2m[0;39m[36mtrationDelegate$BeanPostProcessorChecker[0;39m [2m:[0;39m Bean 'com.baomidou.dynamic.datasource.spring.boot.autoconfigure.DynamicDataSourceAopConfiguration' of type [com.baomidou.dynamic.datasource.spring.boot.autoconfigure.DynamicDataSourceAopConfiguration$$SpringCGLIB$$0] is not eligible for getting processed by all BeanPostProcessors (for example: not eligible for auto-proxying). Is this bean getting eagerly injected into a currently created BeanPostProcessor [configurationPropertiesBeans]? Check the corresponding BeanPostProcessor declaration and its dependencies.
[2m2026-03-08T15:24:24.789+08:00[0;39m [33m WARN[0;39m [35m54639[0;39m [2m---[0;39m [2m[mp-generator] [           main][0;39m [2m[0;39m[36mtrationDelegate$BeanPostProcessorChecker[0;39m [2m:[0;39m Bean 'dsProcessor' of type [com.baomidou.dynamic.datasource.processor.DsJakartaHeaderProcessor] is not eligible for getting processed by all BeanPostProcessors (for example: not eligible for auto-proxying). Is this bean getting eagerly injected into a currently created BeanPostProcessor [configurationPropertiesBeans]? Check the corresponding BeanPostProcessor declaration and its dependencies.
WARNING: A restricted method in java.lang.System has been called
WARNING: java.lang.System::load has been called by org.apache.tomcat.jni.Library in an unnamed module (jar:nested:/Users/xieyunxing/micro-platform/mp-generator/target/mp-generator-1.0.0.jar/!BOOT-INF/lib/tomcat-embed-core-10.1.20.jar!/)
WARNING: Use --enable-native-access=ALL-UNNAMED to avoid a warning for callers in this module
WARNING: Restricted methods will be blocked in a future release unless native access is enabled

[2m2026-03-08T15:24:24.948+08:00[0;39m [32m INFO[0;39m [35m54639[0;39m [2m---[0;39m [2m[mp-generator] [           main][0;39m [2m[0;39m[36mo.s.b.w.embedded.tomcat.TomcatWebServer [0;39m [2m:[0;39m Tomcat initialized with port 8083 (http)
[2m2026-03-08T15:24:24.956+08:00[0;39m [32m INFO[0;39m [35m54639[0;39m [2m---[0;39m [2m[mp-generator] [           main][0;39m [2m[0;39m[36mo.apache.catalina.core.StandardService  [0;39m [2m:[0;39m Starting service [Tomcat]
[2m2026-03-08T15:24:24.956+08:00[0;39m [32m INFO[0;39m [35m54639[0;39m [2m---[0;39m [2m[mp-generator] [           main][0;39m [2m[0;39m[36mo.apache.catalina.core.StandardEngine   [0;39m [2m:[0;39m Starting Servlet engine: [Apache Tomcat/10.1.20]
[2m2026-03-08T15:24:24.980+08:00[0;39m [32m INFO[0;39m [35m54639[0;39m [2m---[0;39m [2m[mp-generator] [           main][0;39m [2m[0;39m[36mo.a.c.c.C.[Tomcat].[localhost].[/]      [0;39m [2m:[0;39m Initializing Spring embedded WebApplicationContext
[2m2026-03-08T15:24:24.980+08:00[0;39m [32m INFO[0;39m [35m54639[0;39m [2m---[0;39m [2m[mp-generator] [           main][0;39m [2m[0;39m[36mw.s.c.ServletWebServerApplicationContext[0;39m [2m:[0;39m Root WebApplicationContext: initialization completed in 947 ms
[2m2026-03-08T15:24:25.263+08:00[0;39m [32m INFO[0;39m [35m54639[0;39m [2m---[0;39m [2m[mp-generator] [           main][0;39m [2m[0;39m[36mcom.alibaba.druid.pool.DruidDataSource  [0;39m [2m:[0;39m {dataSource-1,master} inited
[2m2026-03-08T15:24:25.263+08:00[0;39m [32m INFO[0;39m [35m54639[0;39m [2m---[0;39m [2m[mp-generator] [           main][0;39m [2m[0;39m[36mc.b.d.d.DynamicRoutingDataSource        [0;39m [2m:[0;39m dynamic-datasource - add a datasource named [master] success
[2m2026-03-08T15:24:25.264+08:00[0;39m [32m INFO[0;39m [35m54639[0;39m [2m---[0;39m [2m[mp-generator] [           main][0;39m [2m[0;39m[36mc.b.d.d.DynamicRoutingDataSource        [0;39m [2m:[0;39m dynamic-datasource initial loaded [1] datasource,primary datasource named [master]
 _ _   |_  _ _|_. ___ _ |    _ 
| | |\/|_)(_| | |_\  |_)||_|_\ 
     /               |         
                        3.5.6 
[2m2026-03-08T15:24:25.681+08:00[0;39m [33m WARN[0;39m [35m54639[0;39m [2m---[0;39m [2m[mp-generator] [           main][0;39m [2m[0;39m[36mConfigServletWebServerApplicationContext[0;39m [2m:[0;39m Exception encountered during context initialization - cancelling refresh attempt: org.springframework.context.ApplicationContextException: Failed to start bean 'webServerStartStop'
[2m2026-03-08T15:24:25.682+08:00[0;39m [32m INFO[0;39m [35m54639[0;39m [2m---[0;39m [2m[mp-generator] [           main][0;39m [2m[0;39m[36mc.b.d.d.DynamicRoutingDataSource        [0;39m [2m:[0;39m dynamic-datasource start closing ....
[2m2026-03-08T15:24:25.683+08:00[0;39m [32m INFO[0;39m [35m54639[0;39m [2m---[0;39m [2m[mp-generator] [           main][0;39m [2m[0;39m[36mcom.alibaba.druid.pool.DruidDataSource  [0;39m [2m:[0;39m {dataSource-1} closing ...
[2m2026-03-08T15:24:25.688+08:00[0;39m [32m INFO[0;39m [35m54639[0;39m [2m---[0;39m [2m[mp-generator] [           main][0;39m [2m[0;39m[36mcom.alibaba.druid.pool.DruidDataSource  [0;39m [2m:[0;39m {dataSource-1} closed
[2m2026-03-08T15:24:25.688+08:00[0;39m [32m INFO[0;39m [35m54639[0;39m [2m---[0;39m [2m[mp-generator] [           main][0;39m [2m[0;39m[36mc.b.d.d.d.DefaultDataSourceDestroyer    [0;39m [2m:[0;39m dynamic-datasource close the datasource named [master] success,
[2m2026-03-08T15:24:25.688+08:00[0;39m [32m INFO[0;39m [35m54639[0;39m [2m---[0;39m [2m[mp-generator] [           main][0;39m [2m[0;39m[36mc.b.d.d.DynamicRoutingDataSource        [0;39m [2m:[0;39m dynamic-datasource all closed success,bye
[2m2026-03-08T15:24:25.695+08:00[0;39m [32m INFO[0;39m [35m54639[0;39m [2m---[0;39m [2m[mp-generator] [           main][0;39m [2m[0;39m[36m.s.b.a.l.ConditionEvaluationReportLogger[0;39m [2m:[0;39m 

Error starting ApplicationContext. To display the condition evaluation report re-run your application with 'debug' enabled.
[2m2026-03-08T15:24:25.706+08:00[0;39m [31mERROR[0;39m [35m54639[0;39m [2m---[0;39m [2m[mp-generator] [           main][0;39m [2m[0;39m[36mo.s.b.d.LoggingFailureAnalysisReporter  [0;39m [2m:[0;39m 

***************************
APPLICATION FAILED TO START
***************************

Description:

Web server failed to start. Port 8083 was already in use.

Action:

Identify and stop the process that's listening on port 8083 or configure this application to listen on another port.


  .   ____          _            __ _ _
 /\\ / ___'_ __ _ _(_)_ __  __ _ \ \ \ \
( ( )\___ | '_ | '_| | '_ \/ _` | \ \ \ \
 \\/  ___)| |_)| | | | | || (_| |  ) ) ) )
  '  |____| .__|_| |_|_| |_\__, | / / / /
 =========|_|==============|___/=/_/_/_/
[32m :: Spring Boot :: [39m              [2m (v3.2.5)[0;39m

[2m2026-03-08T15:25:43.089+08:00[0;39m [32m INFO[0;39m [35m54819[0;39m [2m---[0;39m [2m[mp-generator] [           main][0;39m [2m[0;39m[36mc.m.p.generator.GeneratorApplication    [0;39m [2m:[0;39m Starting GeneratorApplication using Java 24.0.2 with PID 54819 (/Users/xieyunxing/micro-platform/mp-generator/target/mp-generator-1.0.0.jar started by xieyunxing in /Users/xieyunxing/micro-platform)
[2m2026-03-08T15:25:43.091+08:00[0;39m [32mDEBUG[0;39m [35m54819[0;39m [2m---[0;39m [2m[mp-generator] [           main][0;39m [2m[0;39m[36mc.m.p.generator.GeneratorApplication    [0;39m [2m:[0;39m Running with Spring Boot v3.2.5, Spring v6.1.6
[2m2026-03-08T15:25:43.091+08:00[0;39m [32m INFO[0;39m [35m54819[0;39m [2m---[0;39m [2m[mp-generator] [           main][0;39m [2m[0;39m[36mc.m.p.generator.GeneratorApplication    [0;39m [2m:[0;39m The following 1 profile is active: "local"
[2m2026-03-08T15:25:44.038+08:00[0;39m [32m INFO[0;39m [35m54819[0;39m [2m---[0;39m [2m[mp-generator] [           main][0;39m [2m[0;39m[36mo.s.cloud.context.scope.GenericScope    [0;39m [2m:[0;39m BeanFactory id=1ff77648-8c83-389a-9c1d-e40df894d162
[2m2026-03-08T15:25:44.117+08:00[0;39m [33m WARN[0;39m [35m54819[0;39m [2m---[0;39m [2m[mp-generator] [           main][0;39m [2m[0;39m[36mtrationDelegate$BeanPostProcessorChecker[0;39m [2m:[0;39m Bean 'org.springframework.cloud.commons.config.CommonsConfigAutoConfiguration' of type [org.springframework.cloud.commons.config.CommonsConfigAutoConfiguration] is not eligible for getting processed by all BeanPostProcessors (for example: not eligible for auto-proxying). Is this bean getting eagerly injected into a currently created BeanPostProcessor [configurationPropertiesBeans]? Check the corresponding BeanPostProcessor declaration and its dependencies.
[2m2026-03-08T15:25:44.118+08:00[0;39m [33m WARN[0;39m [35m54819[0;39m [2m---[0;39m [2m[mp-generator] [           main][0;39m [2m[0;39m[36mtrationDelegate$BeanPostProcessorChecker[0;39m [2m:[0;39m Bean 'org.springframework.cloud.client.loadbalancer.LoadBalancerDefaultMappingsProviderAutoConfiguration' of type [org.springframework.cloud.client.loadbalancer.LoadBalancerDefaultMappingsProviderAutoConfiguration] is not eligible for getting processed by all BeanPostProcessors (for example: not eligible for auto-proxying). Is this bean getting eagerly injected into a currently created BeanPostProcessor [configurationPropertiesBeans]? Check the corresponding BeanPostProcessor declaration and its dependencies.
[2m2026-03-08T15:25:44.118+08:00[0;39m [33m WARN[0;39m [35m54819[0;39m [2m---[0;39m [2m[mp-generator] [           main][0;39m [2m[0;39m[36mtrationDelegate$BeanPostProcessorChecker[0;39m [2m:[0;39m Bean 'loadBalancerClientsDefaultsMappingsProvider' of type [org.springframework.cloud.client.loadbalancer.LoadBalancerDefaultMappingsProviderAutoConfiguration$$Lambda/0x0000000601316f88] is not eligible for getting processed by all BeanPostProcessors (for example: not eligible for auto-proxying). Is this bean getting eagerly injected into a currently created BeanPostProcessor [configurationPropertiesBeans]? Check the corresponding BeanPostProcessor declaration and its dependencies.
[2m2026-03-08T15:25:44.118+08:00[0;39m [33m WARN[0;39m [35m54819[0;39m [2m---[0;39m [2m[mp-generator] [           main][0;39m [2m[0;39m[36mtrationDelegate$BeanPostProcessorChecker[0;39m [2m:[0;39m Bean 'defaultsBindHandlerAdvisor' of type [org.springframework.cloud.commons.config.DefaultsBindHandlerAdvisor] is not eligible for getting processed by all BeanPostProcessors (for example: not eligible for auto-proxying). Is this bean getting eagerly injected into a currently created BeanPostProcessor [configurationPropertiesBeans]? Check the corresponding BeanPostProcessor declaration and its dependencies.
[2m2026-03-08T15:25:44.131+08:00[0;39m [33m WARN[0;39m [35m54819[0;39m [2m---[0;39m [2m[mp-generator] [           main][0;39m [2m[0;39m[36mtrationDelegate$BeanPostProcessorChecker[0;39m [2m:[0;39m Bean 'spring.datasource.dynamic-com.baomidou.dynamic.datasource.spring.boot.autoconfigure.DynamicDataSourceProperties' of type [com.baomidou.dynamic.datasource.spring.boot.autoconfigure.DynamicDataSourceProperties] is not eligible for getting processed by all BeanPostProcessors (for example: not eligible for auto-proxying). Is this bean getting eagerly injected into a currently created BeanPostProcessor [configurationPropertiesBeans]? Check the corresponding BeanPostProcessor declaration and its dependencies.
[2m2026-03-08T15:25:44.131+08:00[0;39m [33m WARN[0;39m [35m54819[0;39m [2m---[0;39m [2m[mp-generator] [           main][0;39m [2m[0;39m[36mtrationDelegate$BeanPostProcessorChecker[0;39m [2m:[0;39m Bean 'com.baomidou.dynamic.datasource.spring.boot.autoconfigure.DynamicDataSourceAopConfiguration' of type [com.baomidou.dynamic.datasource.spring.boot.autoconfigure.DynamicDataSourceAopConfiguration$$SpringCGLIB$$0] is not eligible for getting processed by all BeanPostProcessors (for example: not eligible for auto-proxying). Is this bean getting eagerly injected into a currently created BeanPostProcessor [configurationPropertiesBeans]? Check the corresponding BeanPostProcessor declaration and its dependencies.
[2m2026-03-08T15:25:44.136+08:00[0;39m [33m WARN[0;39m [35m54819[0;39m [2m---[0;39m [2m[mp-generator] [           main][0;39m [2m[0;39m[36mtrationDelegate$BeanPostProcessorChecker[0;39m [2m:[0;39m Bean 'dsProcessor' of type [com.baomidou.dynamic.datasource.processor.DsJakartaHeaderProcessor] is not eligible for getting processed by all BeanPostProcessors (for example: not eligible for auto-proxying). Is this bean getting eagerly injected into a currently created BeanPostProcessor [configurationPropertiesBeans]? Check the corresponding BeanPostProcessor declaration and its dependencies.
WARNING: A restricted method in java.lang.System has been called
WARNING: java.lang.System::load has been called by org.apache.tomcat.jni.Library in an unnamed module (jar:nested:/Users/xieyunxing/micro-platform/mp-generator/target/mp-generator-1.0.0.jar/!BOOT-INF/lib/tomcat-embed-core-10.1.20.jar!/)
WARNING: Use --enable-native-access=ALL-UNNAMED to avoid a warning for callers in this module
WARNING: Restricted methods will be blocked in a future release unless native access is enabled

[2m2026-03-08T15:25:44.302+08:00[0;39m [32m INFO[0;39m [35m54819[0;39m [2m---[0;39m [2m[mp-generator] [           main][0;39m [2m[0;39m[36mo.s.b.w.embedded.tomcat.TomcatWebServer [0;39m [2m:[0;39m Tomcat initialized with port 8083 (http)
[2m2026-03-08T15:25:44.310+08:00[0;39m [32m INFO[0;39m [35m54819[0;39m [2m---[0;39m [2m[mp-generator] [           main][0;39m [2m[0;39m[36mo.apache.catalina.core.StandardService  [0;39m [2m:[0;39m Starting service [Tomcat]
[2m2026-03-08T15:25:44.311+08:00[0;39m [32m INFO[0;39m [35m54819[0;39m [2m---[0;39m [2m[mp-generator] [           main][0;39m [2m[0;39m[36mo.apache.catalina.core.StandardEngine   [0;39m [2m:[0;39m Starting Servlet engine: [Apache Tomcat/10.1.20]
[2m2026-03-08T15:25:44.335+08:00[0;39m [32m INFO[0;39m [35m54819[0;39m [2m---[0;39m [2m[mp-generator] [           main][0;39m [2m[0;39m[36mo.a.c.c.C.[Tomcat].[localhost].[/]      [0;39m [2m:[0;39m Initializing Spring embedded WebApplicationContext
[2m2026-03-08T15:25:44.336+08:00[0;39m [32m INFO[0;39m [35m54819[0;39m [2m---[0;39m [2m[mp-generator] [           main][0;39m [2m[0;39m[36mw.s.c.ServletWebServerApplicationContext[0;39m [2m:[0;39m Root WebApplicationContext: initialization completed in 1193 ms
[2m2026-03-08T15:25:44.662+08:00[0;39m [32m INFO[0;39m [35m54819[0;39m [2m---[0;39m [2m[mp-generator] [           main][0;39m [2m[0;39m[36mcom.alibaba.druid.pool.DruidDataSource  [0;39m [2m:[0;39m {dataSource-1,master} inited
[2m2026-03-08T15:25:44.663+08:00[0;39m [32m INFO[0;39m [35m54819[0;39m [2m---[0;39m [2m[mp-generator] [           main][0;39m [2m[0;39m[36mc.b.d.d.DynamicRoutingDataSource        [0;39m [2m:[0;39m dynamic-datasource - add a datasource named [master] success
[2m2026-03-08T15:25:44.664+08:00[0;39m [32m INFO[0;39m [35m54819[0;39m [2m---[0;39m [2m[mp-generator] [           main][0;39m [2m[0;39m[36mc.b.d.d.DynamicRoutingDataSource        [0;39m [2m:[0;39m dynamic-datasource initial loaded [1] datasource,primary datasource named [master]
 _ _   |_  _ _|_. ___ _ |    _ 
| | |\/|_)(_| | |_\  |_)||_|_\ 
     /               |         
                        3.5.6 
[2m2026-03-08T15:25:45.154+08:00[0;39m [33m WARN[0;39m [35m54819[0;39m [2m---[0;39m [2m[mp-generator] [           main][0;39m [2m[0;39m[36mConfigServletWebServerApplicationContext[0;39m [2m:[0;39m Exception encountered during context initialization - cancelling refresh attempt: org.springframework.context.ApplicationContextException: Failed to start bean 'webServerStartStop'
[2m2026-03-08T15:25:45.155+08:00[0;39m [32m INFO[0;39m [35m54819[0;39m [2m---[0;39m [2m[mp-generator] [           main][0;39m [2m[0;39m[36mc.b.d.d.DynamicRoutingDataSource        [0;39m [2m:[0;39m dynamic-datasource start closing ....
[2m2026-03-08T15:25:45.157+08:00[0;39m [32m INFO[0;39m [35m54819[0;39m [2m---[0;39m [2m[mp-generator] [           main][0;39m [2m[0;39m[36mcom.alibaba.druid.pool.DruidDataSource  [0;39m [2m:[0;39m {dataSource-1} closing ...
[2m2026-03-08T15:25:45.160+08:00[0;39m [32m INFO[0;39m [35m54819[0;39m [2m---[0;39m [2m[mp-generator] [           main][0;39m [2m[0;39m[36mcom.alibaba.druid.pool.DruidDataSource  [0;39m [2m:[0;39m {dataSource-1} closed
[2m2026-03-08T15:25:45.160+08:00[0;39m [32m INFO[0;39m [35m54819[0;39m [2m---[0;39m [2m[mp-generator] [           main][0;39m [2m[0;39m[36mc.b.d.d.d.DefaultDataSourceDestroyer    [0;39m [2m:[0;39m dynamic-datasource close the datasource named [master] success,
[2m2026-03-08T15:25:45.160+08:00[0;39m [32m INFO[0;39m [35m54819[0;39m [2m---[0;39m [2m[mp-generator] [           main][0;39m [2m[0;39m[36mc.b.d.d.DynamicRoutingDataSource        [0;39m [2m:[0;39m dynamic-datasource all closed success,bye
[2m2026-03-08T15:25:45.169+08:00[0;39m [32m INFO[0;39m [35m54819[0;39m [2m---[0;39m [2m[mp-generator] [           main][0;39m [2m[0;39m[36m.s.b.a.l.ConditionEvaluationReportLogger[0;39m [2m:[0;39m 

Error starting ApplicationContext. To display the condition evaluation report re-run your application with 'debug' enabled.
[2m2026-03-08T15:25:45.180+08:00[0;39m [31mERROR[0;39m [35m54819[0;39m [2m---[0;39m [2m[mp-generator] [           main][0;39m [2m[0;39m[36mo.s.b.d.LoggingFailureAnalysisReporter  [0;39m [2m:[0;39m 

***************************
APPLICATION FAILED TO START
***************************

Description:

Web server failed to start. Port 8083 was already in use.

Action:

Identify and stop the process that's listening on port 8083 or configure this application to listen on another port.

