[INFO] Scanning for projects...
[INFO] 
[INFO] -------------------< com.micro.platform:mp-gateway >--------------------
[INFO] Building mp-gateway 1.0.0
[INFO]   from pom.xml
[INFO] --------------------------------[ jar ]---------------------------------
[INFO] 
[INFO] >>> spring-boot:3.2.5:run (default-cli) > test-compile @ mp-gateway >>>
[INFO] 
[INFO] --- resources:3.4.0:resources (default-resources) @ mp-gateway ---
[INFO] Copying 2 resources from src/main/resources to target/classes
[INFO] 
[INFO] --- compiler:3.12.1:compile (default-compile) @ mp-gateway ---
[INFO] Nothing to compile - all classes are up to date.
[INFO] 
[INFO] --- resources:3.4.0:testResources (default-testResources) @ mp-gateway ---
[INFO] skip non existing resourceDirectory /Users/xieyunxing/micro-platform/mp-gateway/src/test/resources
[INFO] 
[INFO] --- compiler:3.12.1:testCompile (default-testCompile) @ mp-gateway ---
[INFO] No sources to compile
[INFO] 
[INFO] <<< spring-boot:3.2.5:run (default-cli) < test-compile @ mp-gateway <<<
[INFO] 
[INFO] 
[INFO] --- spring-boot:3.2.5:run (default-cli) @ mp-gateway ---
[INFO] Attaching agents: []

  .   ____          _            __ _ _
 /\\ / ___'_ __ _ _(_)_ __  __ _ \ \ \ \
( ( )\___ | '_ | '_| | '_ \/ _` | \ \ \ \
 \\/  ___)| |_)| | | | | || (_| |  ) ) ) )
  '  |____| .__|_| |_|_| |_\__, | / / / /
 =========|_|==============|___/=/_/_/_/
 :: Spring Boot ::                (v3.2.5)

2026-03-14T09:55:42.681+08:00  INFO 66699 --- [mp-gateway] [           main] c.m.platform.gateway.GatewayApplication  : Starting GatewayApplication using Java 25.0.2 with PID 66699 (/Users/xieyunxing/micro-platform/mp-gateway/target/classes started by xieyunxing in /Users/xieyunxing/micro-platform/mp-gateway)
2026-03-14T09:55:42.681+08:00 DEBUG 66699 --- [mp-gateway] [           main] c.m.platform.gateway.GatewayApplication  : Running with Spring Boot v3.2.5, Spring v6.1.6
2026-03-14T09:55:42.681+08:00  INFO 66699 --- [mp-gateway] [           main] c.m.platform.gateway.GatewayApplication  : The following 1 profile is active: "local"
2026-03-14T09:55:42.854+08:00  INFO 66699 --- [mp-gateway] [           main] .s.d.r.c.RepositoryConfigurationDelegate : Multiple Spring Data modules found, entering strict repository configuration mode
2026-03-14T09:55:42.854+08:00  INFO 66699 --- [mp-gateway] [           main] .s.d.r.c.RepositoryConfigurationDelegate : Bootstrapping Spring Data Redis repositories in DEFAULT mode.
2026-03-14T09:55:42.865+08:00  INFO 66699 --- [mp-gateway] [           main] .s.d.r.c.RepositoryConfigurationDelegate : Finished Spring Data repository scanning in 7 ms. Found 0 Redis repository interfaces.
2026-03-14T09:55:42.910+08:00  INFO 66699 --- [mp-gateway] [           main] o.s.cloud.context.scope.GenericScope     : BeanFactory id=9ae73142-a112-3cd0-97df-d36528af1229
2026-03-14T09:55:42.961+08:00  WARN 66699 --- [mp-gateway] [           main] trationDelegate$BeanPostProcessorChecker : Bean 'org.springframework.cloud.client.loadbalancer.LoadBalancerAutoConfiguration$DeferringLoadBalancerInterceptorConfig' of type [org.springframework.cloud.client.loadbalancer.LoadBalancerAutoConfiguration$DeferringLoadBalancerInterceptorConfig] is not eligible for getting processed by all BeanPostProcessors (for example: not eligible for auto-proxying). The currently created BeanPostProcessor [lbRestClientPostProcessor] is declared through a non-static factory method on that class; consider declaring it as static instead.
2026-03-14T09:55:42.962+08:00  WARN 66699 --- [mp-gateway] [           main] trationDelegate$BeanPostProcessorChecker : Bean 'deferringLoadBalancerInterceptor' of type [org.springframework.cloud.client.loadbalancer.DeferringLoadBalancerInterceptor] is not eligible for getting processed by all BeanPostProcessors (for example: not eligible for auto-proxying). Is this bean getting eagerly injected into a currently created BeanPostProcessor [lbRestClientPostProcessor]? Check the corresponding BeanPostProcessor declaration and its dependencies.
2026-03-14T09:55:42.963+08:00  WARN 66699 --- [mp-gateway] [           main] trationDelegate$BeanPostProcessorChecker : Bean 'org.springframework.cloud.client.loadbalancer.reactive.LoadBalancerBeanPostProcessorAutoConfiguration' of type [org.springframework.cloud.client.loadbalancer.reactive.LoadBalancerBeanPostProcessorAutoConfiguration] is not eligible for getting processed by all BeanPostProcessors (for example: not eligible for auto-proxying). The currently created BeanPostProcessor [loadBalancerWebClientBuilderBeanPostProcessor] is declared through a non-static factory method on that class; consider declaring it as static instead.
2026-03-14T09:55:42.963+08:00  WARN 66699 --- [mp-gateway] [           main] trationDelegate$BeanPostProcessorChecker : Bean 'org.springframework.cloud.client.loadbalancer.reactive.LoadBalancerBeanPostProcessorAutoConfiguration$ReactorDeferringLoadBalancerFilterConfig' of type [org.springframework.cloud.client.loadbalancer.reactive.LoadBalancerBeanPostProcessorAutoConfiguration$ReactorDeferringLoadBalancerFilterConfig] is not eligible for getting processed by all BeanPostProcessors (for example: not eligible for auto-proxying). Is this bean getting eagerly injected into a currently created BeanPostProcessor [loadBalancerWebClientBuilderBeanPostProcessor]? Check the corresponding BeanPostProcessor declaration and its dependencies.
2026-03-14T09:55:42.963+08:00  WARN 66699 --- [mp-gateway] [           main] trationDelegate$BeanPostProcessorChecker : Bean 'reactorDeferringLoadBalancerExchangeFilterFunction' of type [org.springframework.cloud.client.loadbalancer.reactive.DeferringLoadBalancerExchangeFilterFunction] is not eligible for getting processed by all BeanPostProcessors (for example: not eligible for auto-proxying). Is this bean getting eagerly injected into a currently created BeanPostProcessor [loadBalancerWebClientBuilderBeanPostProcessor]? Check the corresponding BeanPostProcessor declaration and its dependencies.
WARNING: A terminally deprecated method in sun.misc.Unsafe has been called
WARNING: sun.misc.Unsafe::objectFieldOffset has been called by io.netty.util.internal.PlatformDependent0$4 (file:/Users/xieyunxing/.m2/repository/io/netty/netty-common/4.1.109.Final/netty-common-4.1.109.Final.jar)
WARNING: Please consider reporting this to the maintainers of class io.netty.util.internal.PlatformDependent0$4
WARNING: sun.misc.Unsafe::objectFieldOffset will be removed in a future release
WARNING: A restricted method in java.lang.System has been called
WARNING: java.lang.System::loadLibrary has been called by io.netty.util.internal.NativeLibraryUtil in an unnamed module (file:/Users/xieyunxing/.m2/repository/io/netty/netty-common/4.1.109.Final/netty-common-4.1.109.Final.jar)
WARNING: Use --enable-native-access=ALL-UNNAMED to avoid a warning for callers in this module
WARNING: Restricted methods will be blocked in a future release unless native access is enabled

2026-03-14T09:55:43.085+08:00 ERROR 66699 --- [mp-gateway] [           main] i.n.r.d.DnsServerAddressStreamProviders  : Unable to load io.netty.resolver.dns.macos.MacOSDnsServerAddressStreamProvider, fallback to system defaults. This may result in incorrect DNS resolutions on MacOS. Check whether you have a dependency on 'io.netty:netty-resolver-dns-native-macos'. Use DEBUG level to see the full stack: java.lang.UnsatisfiedLinkError: failed to load the required native library
2026-03-14T09:55:43.239+08:00 DEBUG 66699 --- [mp-gateway] [           main] o.s.c.gateway.config.GatewayProperties   : Routes supplied from Gateway Properties: [RouteDefinition{id='mp-auth', predicates=[PredicateDefinition{name='Path', args={_genkey_0=/auth/**}}], filters=[FilterDefinition{name='StripPrefix', args={_genkey_0=0}}], uri=lb://mp-auth, order=0, metadata={}}, RouteDefinition{id='mp-system', predicates=[PredicateDefinition{name='Path', args={_genkey_0=/system/**}}], filters=[FilterDefinition{name='StripPrefix', args={_genkey_0=0}}], uri=lb://mp-system, order=0, metadata={}}, RouteDefinition{id='mp-generator', predicates=[PredicateDefinition{name='Path', args={_genkey_0=/generator/**}}], filters=[FilterDefinition{name='StripPrefix', args={_genkey_0=0}}], uri=lb://mp-generator, order=0, metadata={}}, RouteDefinition{id='mp-job', predicates=[PredicateDefinition{name='Path', args={_genkey_0=/job/**}}], filters=[FilterDefinition{name='StripPrefix', args={_genkey_0=0}}], uri=lb://mp-job, order=0, metadata={}}, RouteDefinition{id='mp-system-monitor', predicates=[PredicateDefinition{name='Path', args={_genkey_0=/monitor/**}}], filters=[FilterDefinition{name='StripPrefix', args={_genkey_0=0}}], uri=lb://mp-system, order=0, metadata={}}]
2026-03-14T09:55:43.261+08:00  INFO 66699 --- [mp-gateway] [           main] o.s.c.g.r.RouteDefinitionRouteLocator    : Loaded RoutePredicateFactory [After]
2026-03-14T09:55:43.261+08:00  INFO 66699 --- [mp-gateway] [           main] o.s.c.g.r.RouteDefinitionRouteLocator    : Loaded RoutePredicateFactory [Before]
2026-03-14T09:55:43.261+08:00  INFO 66699 --- [mp-gateway] [           main] o.s.c.g.r.RouteDefinitionRouteLocator    : Loaded RoutePredicateFactory [Between]
2026-03-14T09:55:43.261+08:00  INFO 66699 --- [mp-gateway] [           main] o.s.c.g.r.RouteDefinitionRouteLocator    : Loaded RoutePredicateFactory [Cookie]
2026-03-14T09:55:43.261+08:00  INFO 66699 --- [mp-gateway] [           main] o.s.c.g.r.RouteDefinitionRouteLocator    : Loaded RoutePredicateFactory [Header]
2026-03-14T09:55:43.261+08:00  INFO 66699 --- [mp-gateway] [           main] o.s.c.g.r.RouteDefinitionRouteLocator    : Loaded RoutePredicateFactory [Host]
2026-03-14T09:55:43.261+08:00  INFO 66699 --- [mp-gateway] [           main] o.s.c.g.r.RouteDefinitionRouteLocator    : Loaded RoutePredicateFactory [Method]
2026-03-14T09:55:43.261+08:00  INFO 66699 --- [mp-gateway] [           main] o.s.c.g.r.RouteDefinitionRouteLocator    : Loaded RoutePredicateFactory [Path]
2026-03-14T09:55:43.261+08:00  INFO 66699 --- [mp-gateway] [           main] o.s.c.g.r.RouteDefinitionRouteLocator    : Loaded RoutePredicateFactory [Query]
2026-03-14T09:55:43.261+08:00  INFO 66699 --- [mp-gateway] [           main] o.s.c.g.r.RouteDefinitionRouteLocator    : Loaded RoutePredicateFactory [ReadBody]
2026-03-14T09:55:43.261+08:00  INFO 66699 --- [mp-gateway] [           main] o.s.c.g.r.RouteDefinitionRouteLocator    : Loaded RoutePredicateFactory [RemoteAddr]
2026-03-14T09:55:43.261+08:00  INFO 66699 --- [mp-gateway] [           main] o.s.c.g.r.RouteDefinitionRouteLocator    : Loaded RoutePredicateFactory [XForwardedRemoteAddr]
2026-03-14T09:55:43.261+08:00  INFO 66699 --- [mp-gateway] [           main] o.s.c.g.r.RouteDefinitionRouteLocator    : Loaded RoutePredicateFactory [Weight]
2026-03-14T09:55:43.261+08:00  INFO 66699 --- [mp-gateway] [           main] o.s.c.g.r.RouteDefinitionRouteLocator    : Loaded RoutePredicateFactory [CloudFoundryRouteService]
2026-03-14T09:55:43.295+08:00  INFO 66699 --- [mp-gateway] [           main] c.a.c.s.SentinelWebFluxAutoConfiguration : [Sentinel Starter] register Sentinel SentinelWebFluxFilter
2026-03-14T09:55:43.348+08:00  WARN 66699 --- [mp-gateway] [           main] iguration$LoadBalancerCaffeineWarnLogger : Spring Cloud LoadBalancer is currently working with the default cache. While this cache implementation is useful for development and tests, it's recommended to use Caffeine cache in production.You can switch to using Caffeine cache, by adding it and org.springframework.cache.caffeine.CaffeineCacheManager to the classpath.
2026-03-14T09:55:43.371+08:00  INFO 66699 --- [mp-gateway] [           main] o.s.b.web.embedded.netty.NettyWebServer  : Netty started on port 8080
2026-03-14T09:55:43.377+08:00  INFO 66699 --- [mp-gateway] [           main] com.alibaba.nacos.client.naming          : initializer namespace from ans.namespace attribute : null
2026-03-14T09:55:43.377+08:00  INFO 66699 --- [mp-gateway] [           main] com.alibaba.nacos.client.naming          : initializer namespace from ALIBABA_ALIWARE_NAMESPACE attribute :null
2026-03-14T09:55:43.377+08:00  INFO 66699 --- [mp-gateway] [           main] com.alibaba.nacos.client.naming          : initializer namespace from namespace attribute :null
2026-03-14T09:55:43.380+08:00  INFO 66699 --- [mp-gateway] [           main] com.alibaba.nacos.client.naming          : FailoverDataSource type is class com.alibaba.nacos.client.naming.backups.datasource.DiskFailoverDataSource
2026-03-14T09:55:43.382+08:00  INFO 66699 --- [mp-gateway] [           main] c.alibaba.nacos.client.utils.ParamUtil   : [settings] [req-serv] nacos-server port:8848
2026-03-14T09:55:43.382+08:00  INFO 66699 --- [mp-gateway] [           main] c.alibaba.nacos.client.utils.ParamUtil   : [settings] [http-client] connect timeout:1000
2026-03-14T09:55:43.382+08:00  INFO 66699 --- [mp-gateway] [           main] c.alibaba.nacos.client.utils.ParamUtil   : PER_TASK_CONFIG_SIZE: 3000.0
2026-03-14T09:55:43.383+08:00  INFO 66699 --- [mp-gateway] [           main] c.a.n.p.a.s.c.ClientAuthPluginManager    : [ClientAuthPluginManager] Load ClientAuthService com.alibaba.nacos.client.auth.impl.NacosClientAuthServiceImpl success.
2026-03-14T09:55:43.383+08:00  INFO 66699 --- [mp-gateway] [           main] c.a.n.p.a.s.c.ClientAuthPluginManager    : [ClientAuthPluginManager] Load ClientAuthService com.alibaba.nacos.client.auth.ram.RamClientAuthServiceImpl success.
2026-03-14T09:55:43.393+08:00  INFO 66699 --- [mp-gateway] [       Thread-4] c.a.n.c.a.r.identify.CredentialWatcher   : null No credential found
2026-03-14T09:55:43.395+08:00  INFO 66699 --- [mp-gateway] [           main] com.alibaba.nacos.common.remote.client   : [RpcClientFactory] create a new rpc client of 18693241-f77a-4dad-a8d6-0776e9a6dcf7
2026-03-14T09:55:43.399+08:00  INFO 66699 --- [mp-gateway] [           main] com.alibaba.nacos.client.naming          : Create naming rpc client for uuid->18693241-f77a-4dad-a8d6-0776e9a6dcf7
2026-03-14T09:55:43.399+08:00  INFO 66699 --- [mp-gateway] [           main] com.alibaba.nacos.common.remote.client   : [18693241-f77a-4dad-a8d6-0776e9a6dcf7] RpcClient init, ServerListFactory = com.alibaba.nacos.client.naming.core.ServerListManager
2026-03-14T09:55:43.399+08:00  INFO 66699 --- [mp-gateway] [           main] com.alibaba.nacos.common.remote.client   : [18693241-f77a-4dad-a8d6-0776e9a6dcf7] Registry connection listener to current client:com.alibaba.nacos.client.naming.remote.gprc.redo.NamingGrpcRedoService
2026-03-14T09:55:43.399+08:00  INFO 66699 --- [mp-gateway] [           main] com.alibaba.nacos.common.remote.client   : [18693241-f77a-4dad-a8d6-0776e9a6dcf7] Register server push request handler:com.alibaba.nacos.client.naming.remote.gprc.NamingPushRequestHandler
2026-03-14T09:55:43.400+08:00  INFO 66699 --- [mp-gateway] [           main] com.alibaba.nacos.common.remote.client   : [18693241-f77a-4dad-a8d6-0776e9a6dcf7] Try to connect to server on start up, server: {serverIp = '127.0.0.1', server main port = 8848}
2026-03-14T09:55:43.408+08:00  INFO 66699 --- [mp-gateway] [           main] c.a.n.c.remote.client.grpc.GrpcClient    : grpc client connection server:127.0.0.1 ip,serverPort:9848,grpcTslConfig:{"sslProvider":"","enableTls":false,"mutualAuthEnable":false,"trustAll":false}
2026-03-14T09:55:43.537+08:00  INFO 66699 --- [mp-gateway] [           main] c.a.n.c.a.AbstractAbilityControlManager  : Ready to get current node abilities...
2026-03-14T09:55:43.537+08:00  INFO 66699 --- [mp-gateway] [           main] c.a.n.c.a.AbstractAbilityControlManager  : Ready to initialize current node abilities, support modes: [SDK_CLIENT]
2026-03-14T09:55:43.537+08:00  INFO 66699 --- [mp-gateway] [           main] c.a.n.c.a.AbstractAbilityControlManager  : Initialize current abilities finish...
2026-03-14T09:55:43.537+08:00  INFO 66699 --- [mp-gateway] [           main] c.a.n.c.a.d.NacosAbilityManagerHolder    : [AbilityControlManager] Successfully initialize AbilityControlManager
2026-03-14T09:55:43.543+08:00  INFO 66699 --- [mp-gateway] [           main] com.alibaba.nacos.common.remote.client   : [18693241-f77a-4dad-a8d6-0776e9a6dcf7] Success to connect to server [127.0.0.1:8848] on start up, connectionId = 1773453343508_127.0.0.1_55222
2026-03-14T09:55:43.543+08:00  INFO 66699 --- [mp-gateway] [remote.worker.0] com.alibaba.nacos.common.remote.client   : [18693241-f77a-4dad-a8d6-0776e9a6dcf7] Notify connected event to listeners.
2026-03-14T09:55:43.543+08:00  INFO 66699 --- [mp-gateway] [remote.worker.0] com.alibaba.nacos.client.naming          : Grpc connection connect
2026-03-14T09:55:43.543+08:00  INFO 66699 --- [mp-gateway] [           main] com.alibaba.nacos.common.remote.client   : [18693241-f77a-4dad-a8d6-0776e9a6dcf7] Register server push request handler:com.alibaba.nacos.common.remote.client.RpcClient$ConnectResetRequestHandler
2026-03-14T09:55:43.543+08:00  INFO 66699 --- [mp-gateway] [           main] com.alibaba.nacos.common.remote.client   : [18693241-f77a-4dad-a8d6-0776e9a6dcf7] Register server push request handler:com.alibaba.nacos.common.remote.client.RpcClient$$Lambda/0x00000ff8017a1de0
2026-03-14T09:55:43.543+08:00  INFO 66699 --- [mp-gateway] [           main] com.alibaba.nacos.client.naming          : [REGISTER-SERVICE] public registering service mp-gateway with instance Instance{instanceId='null', ip='192.168.0.104', port=8080, weight=1.0, healthy=true, enabled=true, ephemeral=true, clusterName='DEFAULT', serviceName='null', metadata={IPv6=null, preserved.register.source=SPRING_CLOUD}}
2026-03-14T09:55:43.548+08:00  INFO 66699 --- [mp-gateway] [           main] c.a.c.n.registry.NacosServiceRegistry    : nacos registry, DEFAULT_GROUP mp-gateway 192.168.0.104:8080 register finished
2026-03-14T09:55:43.561+08:00  INFO 66699 --- [mp-gateway] [oundedElastic-3] com.alibaba.nacos.client.naming          : [SUBSCRIBE-SERVICE] service:mp-generator, group:DEFAULT_GROUP, clusters: 
2026-03-14T09:55:43.561+08:00  INFO 66699 --- [mp-gateway] [oundedElastic-5] com.alibaba.nacos.client.naming          : [SUBSCRIBE-SERVICE] service:mp-gateway, group:DEFAULT_GROUP, clusters: 
2026-03-14T09:55:43.561+08:00  INFO 66699 --- [mp-gateway] [oundedElastic-4] com.alibaba.nacos.client.naming          : [SUBSCRIBE-SERVICE] service:mp-generator, group:DEFAULT_GROUP, clusters: 
2026-03-14T09:55:43.562+08:00  INFO 66699 --- [mp-gateway] [oundedElastic-6] com.alibaba.nacos.client.naming          : [SUBSCRIBE-SERVICE] service:mp-gateway, group:DEFAULT_GROUP, clusters: 
2026-03-14T09:55:43.562+08:00  INFO 66699 --- [mp-gateway] [oundedElastic-3] com.alibaba.nacos.client.naming          : [GRPC-SUBSCRIBE] service:mp-generator, group:DEFAULT_GROUP, cluster: 
2026-03-14T09:55:43.562+08:00  INFO 66699 --- [mp-gateway] [oundedElastic-6] com.alibaba.nacos.client.naming          : [GRPC-SUBSCRIBE] service:mp-gateway, group:DEFAULT_GROUP, cluster: 
2026-03-14T09:55:43.562+08:00  INFO 66699 --- [mp-gateway] [oundedElastic-8] com.alibaba.nacos.client.naming          : [SUBSCRIBE-SERVICE] service:mp-auth, group:DEFAULT_GROUP, clusters: 
2026-03-14T09:55:43.562+08:00  INFO 66699 --- [mp-gateway] [oundedElastic-5] com.alibaba.nacos.client.naming          : [GRPC-SUBSCRIBE] service:mp-gateway, group:DEFAULT_GROUP, cluster: 
2026-03-14T09:55:43.562+08:00  INFO 66699 --- [mp-gateway] [oundedElastic-4] com.alibaba.nacos.client.naming          : [GRPC-SUBSCRIBE] service:mp-generator, group:DEFAULT_GROUP, cluster: 
2026-03-14T09:55:43.562+08:00  INFO 66699 --- [mp-gateway] [oundedElastic-7] com.alibaba.nacos.client.naming          : [SUBSCRIBE-SERVICE] service:mp-auth, group:DEFAULT_GROUP, clusters: 
2026-03-14T09:55:43.562+08:00  INFO 66699 --- [mp-gateway] [oundedElastic-8] com.alibaba.nacos.client.naming          : [GRPC-SUBSCRIBE] service:mp-auth, group:DEFAULT_GROUP, cluster: 
2026-03-14T09:55:43.562+08:00  INFO 66699 --- [mp-gateway] [oundedElastic-9] com.alibaba.nacos.client.naming          : [SUBSCRIBE-SERVICE] service:mp-job, group:DEFAULT_GROUP, clusters: 
2026-03-14T09:55:43.562+08:00  INFO 66699 --- [mp-gateway] [undedElastic-10] com.alibaba.nacos.client.naming          : [SUBSCRIBE-SERVICE] service:mp-job, group:DEFAULT_GROUP, clusters: 
2026-03-14T09:55:43.562+08:00  INFO 66699 --- [mp-gateway] [undedElastic-11] com.alibaba.nacos.client.naming          : [SUBSCRIBE-SERVICE] service:mp-system, group:DEFAULT_GROUP, clusters: 
2026-03-14T09:55:43.562+08:00  INFO 66699 --- [mp-gateway] [undedElastic-11] com.alibaba.nacos.client.naming          : [GRPC-SUBSCRIBE] service:mp-system, group:DEFAULT_GROUP, cluster: 
2026-03-14T09:55:43.562+08:00  INFO 66699 --- [mp-gateway] [oundedElastic-7] com.alibaba.nacos.client.naming          : [GRPC-SUBSCRIBE] service:mp-auth, group:DEFAULT_GROUP, cluster: 
2026-03-14T09:55:43.562+08:00  INFO 66699 --- [mp-gateway] [oundedElastic-9] com.alibaba.nacos.client.naming          : [GRPC-SUBSCRIBE] service:mp-job, group:DEFAULT_GROUP, cluster: 
2026-03-14T09:55:43.562+08:00  INFO 66699 --- [mp-gateway] [undedElastic-12] com.alibaba.nacos.client.naming          : [SUBSCRIBE-SERVICE] service:mp-system, group:DEFAULT_GROUP, clusters: 
2026-03-14T09:55:43.562+08:00  INFO 66699 --- [mp-gateway] [undedElastic-12] com.alibaba.nacos.client.naming          : [GRPC-SUBSCRIBE] service:mp-system, group:DEFAULT_GROUP, cluster: 
2026-03-14T09:55:43.562+08:00  INFO 66699 --- [mp-gateway] [undedElastic-10] com.alibaba.nacos.client.naming          : [GRPC-SUBSCRIBE] service:mp-job, group:DEFAULT_GROUP, cluster: 
2026-03-14T09:55:43.569+08:00  INFO 66699 --- [mp-gateway] [oundedElastic-5] com.alibaba.nacos.client.naming          : init new ips(0) service: DEFAULT_GROUP@@mp-gateway -> []
2026-03-14T09:55:43.570+08:00  INFO 66699 --- [mp-gateway] [undedElastic-12] com.alibaba.nacos.client.naming          : init new ips(1) service: DEFAULT_GROUP@@mp-system -> [{"instanceId":"192.168.0.104#8082#DEFAULT#DEFAULT_GROUP@@mp-system","ip":"192.168.0.104","port":8082,"weight":1.0,"healthy":true,"enabled":true,"ephemeral":true,"clusterName":"DEFAULT","serviceName":"DEFAULT_GROUP@@mp-system","metadata":{"preserved.register.source":"SPRING_CLOUD"},"ipDeleteTimeout":30000,"instanceHeartBeatInterval":5000,"instanceHeartBeatTimeOut":15000}]
2026-03-14T09:55:43.570+08:00  INFO 66699 --- [mp-gateway] [oundedElastic-3] com.alibaba.nacos.client.naming          : init new ips(1) service: DEFAULT_GROUP@@mp-generator -> [{"instanceId":"192.168.0.104#8083#DEFAULT#DEFAULT_GROUP@@mp-generator","ip":"192.168.0.104","port":8083,"weight":1.0,"healthy":true,"enabled":true,"ephemeral":true,"clusterName":"DEFAULT","serviceName":"DEFAULT_GROUP@@mp-generator","metadata":{"preserved.register.source":"SPRING_CLOUD"},"ipDeleteTimeout":30000,"instanceHeartBeatInterval":5000,"instanceHeartBeatTimeOut":15000}]
2026-03-14T09:55:43.570+08:00  INFO 66699 --- [mp-gateway] [undedElastic-10] com.alibaba.nacos.client.naming          : init new ips(1) service: DEFAULT_GROUP@@mp-job -> [{"instanceId":"192.168.0.104#8084#DEFAULT#DEFAULT_GROUP@@mp-job","ip":"192.168.0.104","port":8084,"weight":1.0,"healthy":true,"enabled":true,"ephemeral":true,"clusterName":"DEFAULT","serviceName":"DEFAULT_GROUP@@mp-job","metadata":{"preserved.register.source":"SPRING_CLOUD"},"ipDeleteTimeout":30000,"instanceHeartBeatInterval":5000,"instanceHeartBeatTimeOut":15000}]
2026-03-14T09:55:43.570+08:00  INFO 66699 --- [mp-gateway] [oundedElastic-9] com.alibaba.nacos.client.naming          : init new ips(1) service: DEFAULT_GROUP@@mp-job -> [{"instanceId":"192.168.0.104#8084#DEFAULT#DEFAULT_GROUP@@mp-job","ip":"192.168.0.104","port":8084,"weight":1.0,"healthy":true,"enabled":true,"ephemeral":true,"clusterName":"DEFAULT","serviceName":"DEFAULT_GROUP@@mp-job","metadata":{"preserved.register.source":"SPRING_CLOUD"},"ipDeleteTimeout":30000,"instanceHeartBeatInterval":5000,"instanceHeartBeatTimeOut":15000}]
2026-03-14T09:55:43.570+08:00  INFO 66699 --- [mp-gateway] [oundedElastic-7] com.alibaba.nacos.client.naming          : init new ips(1) service: DEFAULT_GROUP@@mp-auth -> [{"instanceId":"192.168.0.104#8081#DEFAULT#DEFAULT_GROUP@@mp-auth","ip":"192.168.0.104","port":8081,"weight":1.0,"healthy":true,"enabled":true,"ephemeral":true,"clusterName":"DEFAULT","serviceName":"DEFAULT_GROUP@@mp-auth","metadata":{"preserved.register.source":"SPRING_CLOUD"},"ipDeleteTimeout":30000,"instanceHeartBeatInterval":5000,"instanceHeartBeatTimeOut":15000}]
2026-03-14T09:55:43.572+08:00  INFO 66699 --- [mp-gateway] [oundedElastic-5] com.alibaba.nacos.client.naming          : current ips:(0) service: DEFAULT_GROUP@@mp-gateway -> []
2026-03-14T09:55:43.572+08:00  INFO 66699 --- [mp-gateway] [undedElastic-12] com.alibaba.nacos.client.naming          : current ips:(1) service: DEFAULT_GROUP@@mp-system -> [{"instanceId":"192.168.0.104#8082#DEFAULT#DEFAULT_GROUP@@mp-system","ip":"192.168.0.104","port":8082,"weight":1.0,"healthy":true,"enabled":true,"ephemeral":true,"clusterName":"DEFAULT","serviceName":"DEFAULT_GROUP@@mp-system","metadata":{"preserved.register.source":"SPRING_CLOUD"},"ipDeleteTimeout":30000,"instanceHeartBeatInterval":5000,"instanceHeartBeatTimeOut":15000}]
2026-03-14T09:55:43.572+08:00  INFO 66699 --- [mp-gateway] [undedElastic-10] com.alibaba.nacos.client.naming          : current ips:(1) service: DEFAULT_GROUP@@mp-job -> [{"instanceId":"192.168.0.104#8084#DEFAULT#DEFAULT_GROUP@@mp-job","ip":"192.168.0.104","port":8084,"weight":1.0,"healthy":true,"enabled":true,"ephemeral":true,"clusterName":"DEFAULT","serviceName":"DEFAULT_GROUP@@mp-job","metadata":{"preserved.register.source":"SPRING_CLOUD"},"ipDeleteTimeout":30000,"instanceHeartBeatInterval":5000,"instanceHeartBeatTimeOut":15000}]
2026-03-14T09:55:43.572+08:00  INFO 66699 --- [mp-gateway] [oundedElastic-3] com.alibaba.nacos.client.naming          : current ips:(1) service: DEFAULT_GROUP@@mp-generator -> [{"instanceId":"192.168.0.104#8083#DEFAULT#DEFAULT_GROUP@@mp-generator","ip":"192.168.0.104","port":8083,"weight":1.0,"healthy":true,"enabled":true,"ephemeral":true,"clusterName":"DEFAULT","serviceName":"DEFAULT_GROUP@@mp-generator","metadata":{"preserved.register.source":"SPRING_CLOUD"},"ipDeleteTimeout":30000,"instanceHeartBeatInterval":5000,"instanceHeartBeatTimeOut":15000}]
2026-03-14T09:55:43.572+08:00  INFO 66699 --- [mp-gateway] [oundedElastic-7] com.alibaba.nacos.client.naming          : current ips:(1) service: DEFAULT_GROUP@@mp-auth -> [{"instanceId":"192.168.0.104#8081#DEFAULT#DEFAULT_GROUP@@mp-auth","ip":"192.168.0.104","port":8081,"weight":1.0,"healthy":true,"enabled":true,"ephemeral":true,"clusterName":"DEFAULT","serviceName":"DEFAULT_GROUP@@mp-auth","metadata":{"preserved.register.source":"SPRING_CLOUD"},"ipDeleteTimeout":30000,"instanceHeartBeatInterval":5000,"instanceHeartBeatTimeOut":15000}]
2026-03-14T09:55:43.572+08:00  INFO 66699 --- [mp-gateway] [oundedElastic-9] com.alibaba.nacos.client.naming          : current ips:(1) service: DEFAULT_GROUP@@mp-job -> [{"instanceId":"192.168.0.104#8084#DEFAULT#DEFAULT_GROUP@@mp-job","ip":"192.168.0.104","port":8084,"weight":1.0,"healthy":true,"enabled":true,"ephemeral":true,"clusterName":"DEFAULT","serviceName":"DEFAULT_GROUP@@mp-job","metadata":{"preserved.register.source":"SPRING_CLOUD"},"ipDeleteTimeout":30000,"instanceHeartBeatInterval":5000,"instanceHeartBeatTimeOut":15000}]
2026-03-14T09:55:43.576+08:00 DEBUG 66699 --- [mp-gateway] [undedElastic-10] o.s.c.g.r.RouteDefinitionRouteLocator    : RouteDefinition ReactiveCompositeDiscoveryClient_mp-system applying {pattern=/mp-system/**} to Path
2026-03-14T09:55:43.580+08:00 DEBUG 66699 --- [mp-gateway] [undedElastic-10] o.s.c.g.r.RouteDefinitionRouteLocator    : RouteDefinition ReactiveCompositeDiscoveryClient_mp-system applying filter {regexp=/mp-system/?(?<remaining>.*), replacement=/${remaining}} to RewritePath
2026-03-14T09:55:43.583+08:00 DEBUG 66699 --- [mp-gateway] [undedElastic-10] o.s.c.g.r.RouteDefinitionRouteLocator    : RouteDefinition matched: ReactiveCompositeDiscoveryClient_mp-system
2026-03-14T09:55:43.583+08:00 DEBUG 66699 --- [mp-gateway] [undedElastic-10] o.s.c.g.r.RouteDefinitionRouteLocator    : RouteDefinition ReactiveCompositeDiscoveryClient_mp-job applying {pattern=/mp-job/**} to Path
2026-03-14T09:55:43.583+08:00 DEBUG 66699 --- [mp-gateway] [undedElastic-10] o.s.c.g.r.RouteDefinitionRouteLocator    : RouteDefinition ReactiveCompositeDiscoveryClient_mp-job applying filter {regexp=/mp-job/?(?<remaining>.*), replacement=/${remaining}} to RewritePath
2026-03-14T09:55:43.583+08:00 DEBUG 66699 --- [mp-gateway] [undedElastic-10] o.s.c.g.r.RouteDefinitionRouteLocator    : RouteDefinition matched: ReactiveCompositeDiscoveryClient_mp-job
2026-03-14T09:55:43.583+08:00 DEBUG 66699 --- [mp-gateway] [undedElastic-10] o.s.c.g.r.RouteDefinitionRouteLocator    : RouteDefinition ReactiveCompositeDiscoveryClient_mp-generator applying {pattern=/mp-generator/**} to Path
2026-03-14T09:55:43.584+08:00 DEBUG 66699 --- [mp-gateway] [undedElastic-10] o.s.c.g.r.RouteDefinitionRouteLocator    : RouteDefinition ReactiveCompositeDiscoveryClient_mp-generator applying filter {regexp=/mp-generator/?(?<remaining>.*), replacement=/${remaining}} to RewritePath
2026-03-14T09:55:43.584+08:00 DEBUG 66699 --- [mp-gateway] [undedElastic-10] o.s.c.g.r.RouteDefinitionRouteLocator    : RouteDefinition matched: ReactiveCompositeDiscoveryClient_mp-generator
2026-03-14T09:55:43.584+08:00 DEBUG 66699 --- [mp-gateway] [undedElastic-10] o.s.c.g.r.RouteDefinitionRouteLocator    : RouteDefinition ReactiveCompositeDiscoveryClient_mp-auth applying {pattern=/mp-auth/**} to Path
2026-03-14T09:55:43.584+08:00 DEBUG 66699 --- [mp-gateway] [undedElastic-10] o.s.c.g.r.RouteDefinitionRouteLocator    : RouteDefinition ReactiveCompositeDiscoveryClient_mp-auth applying filter {regexp=/mp-auth/?(?<remaining>.*), replacement=/${remaining}} to RewritePath
2026-03-14T09:55:43.584+08:00 DEBUG 66699 --- [mp-gateway] [undedElastic-10] o.s.c.g.r.RouteDefinitionRouteLocator    : RouteDefinition matched: ReactiveCompositeDiscoveryClient_mp-auth
2026-03-14T09:55:43.584+08:00 DEBUG 66699 --- [mp-gateway] [undedElastic-10] o.s.c.g.r.RouteDefinitionRouteLocator    : RouteDefinition mp-auth applying {_genkey_0=/auth/**} to Path
2026-03-14T09:55:43.584+08:00  WARN 66699 --- [mp-gateway] [oundedElastic-9] c.a.n.client.utils.ConcurrentDiskUtil    : lock DEFAULT_GROUP%40%40mp-job conflict;retry time: 1
2026-03-14T09:55:43.584+08:00 DEBUG 66699 --- [mp-gateway] [undedElastic-10] o.s.c.g.r.RouteDefinitionRouteLocator    : RouteDefinition mp-auth applying filter {_genkey_0=0} to StripPrefix
2026-03-14T09:55:43.585+08:00 DEBUG 66699 --- [mp-gateway] [oundedElastic-9] o.s.c.g.r.RouteDefinitionRouteLocator    : RouteDefinition ReactiveCompositeDiscoveryClient_mp-system applying {pattern=/mp-system/**} to Path
2026-03-14T09:55:43.585+08:00 DEBUG 66699 --- [mp-gateway] [oundedElastic-9] o.s.c.g.r.RouteDefinitionRouteLocator    : RouteDefinition ReactiveCompositeDiscoveryClient_mp-system applying filter {regexp=/mp-system/?(?<remaining>.*), replacement=/${remaining}} to RewritePath
2026-03-14T09:55:43.585+08:00 DEBUG 66699 --- [mp-gateway] [oundedElastic-9] o.s.c.g.r.RouteDefinitionRouteLocator    : RouteDefinition matched: ReactiveCompositeDiscoveryClient_mp-system
2026-03-14T09:55:43.585+08:00 DEBUG 66699 --- [mp-gateway] [oundedElastic-9] o.s.c.g.r.RouteDefinitionRouteLocator    : RouteDefinition ReactiveCompositeDiscoveryClient_mp-job applying {pattern=/mp-job/**} to Path
2026-03-14T09:55:43.585+08:00 DEBUG 66699 --- [mp-gateway] [oundedElastic-9] o.s.c.g.r.RouteDefinitionRouteLocator    : RouteDefinition ReactiveCompositeDiscoveryClient_mp-job applying filter {regexp=/mp-job/?(?<remaining>.*), replacement=/${remaining}} to RewritePath
2026-03-14T09:55:43.585+08:00 DEBUG 66699 --- [mp-gateway] [undedElastic-10] o.s.c.g.r.RouteDefinitionRouteLocator    : RouteDefinition matched: mp-auth
2026-03-14T09:55:43.585+08:00 DEBUG 66699 --- [mp-gateway] [undedElastic-10] o.s.c.g.r.RouteDefinitionRouteLocator    : RouteDefinition mp-system applying {_genkey_0=/system/**} to Path
2026-03-14T09:55:43.586+08:00 DEBUG 66699 --- [mp-gateway] [oundedElastic-9] o.s.c.g.r.RouteDefinitionRouteLocator    : RouteDefinition matched: ReactiveCompositeDiscoveryClient_mp-job
2026-03-14T09:55:43.586+08:00 DEBUG 66699 --- [mp-gateway] [undedElastic-10] o.s.c.g.r.RouteDefinitionRouteLocator    : RouteDefinition mp-system applying filter {_genkey_0=0} to StripPrefix
2026-03-14T09:55:43.586+08:00 DEBUG 66699 --- [mp-gateway] [oundedElastic-9] o.s.c.g.r.RouteDefinitionRouteLocator    : RouteDefinition ReactiveCompositeDiscoveryClient_mp-generator applying {pattern=/mp-generator/**} to Path
2026-03-14T09:55:43.586+08:00 DEBUG 66699 --- [mp-gateway] [undedElastic-10] o.s.c.g.r.RouteDefinitionRouteLocator    : RouteDefinition matched: mp-system
2026-03-14T09:55:43.586+08:00 DEBUG 66699 --- [mp-gateway] [undedElastic-10] o.s.c.g.r.RouteDefinitionRouteLocator    : RouteDefinition mp-generator applying {_genkey_0=/generator/**} to Path
2026-03-14T09:55:43.586+08:00 DEBUG 66699 --- [mp-gateway] [oundedElastic-9] o.s.c.g.r.RouteDefinitionRouteLocator    : RouteDefinition ReactiveCompositeDiscoveryClient_mp-generator applying filter {regexp=/mp-generator/?(?<remaining>.*), replacement=/${remaining}} to RewritePath
2026-03-14T09:55:43.586+08:00 DEBUG 66699 --- [mp-gateway] [oundedElastic-9] o.s.c.g.r.RouteDefinitionRouteLocator    : RouteDefinition matched: ReactiveCompositeDiscoveryClient_mp-generator
2026-03-14T09:55:43.586+08:00 DEBUG 66699 --- [mp-gateway] [undedElastic-10] o.s.c.g.r.RouteDefinitionRouteLocator    : RouteDefinition mp-generator applying filter {_genkey_0=0} to StripPrefix
2026-03-14T09:55:43.586+08:00 DEBUG 66699 --- [mp-gateway] [oundedElastic-9] o.s.c.g.r.RouteDefinitionRouteLocator    : RouteDefinition ReactiveCompositeDiscoveryClient_mp-auth applying {pattern=/mp-auth/**} to Path
2026-03-14T09:55:43.586+08:00 DEBUG 66699 --- [mp-gateway] [undedElastic-10] o.s.c.g.r.RouteDefinitionRouteLocator    : RouteDefinition matched: mp-generator
2026-03-14T09:55:43.586+08:00 DEBUG 66699 --- [mp-gateway] [undedElastic-10] o.s.c.g.r.RouteDefinitionRouteLocator    : RouteDefinition mp-job applying {_genkey_0=/job/**} to Path
2026-03-14T09:55:43.586+08:00 DEBUG 66699 --- [mp-gateway] [oundedElastic-9] o.s.c.g.r.RouteDefinitionRouteLocator    : RouteDefinition ReactiveCompositeDiscoveryClient_mp-auth applying filter {regexp=/mp-auth/?(?<remaining>.*), replacement=/${remaining}} to RewritePath
2026-03-14T09:55:43.587+08:00 DEBUG 66699 --- [mp-gateway] [undedElastic-10] o.s.c.g.r.RouteDefinitionRouteLocator    : RouteDefinition mp-job applying filter {_genkey_0=0} to StripPrefix
2026-03-14T09:55:43.587+08:00 DEBUG 66699 --- [mp-gateway] [oundedElastic-9] o.s.c.g.r.RouteDefinitionRouteLocator    : RouteDefinition matched: ReactiveCompositeDiscoveryClient_mp-auth
2026-03-14T09:55:43.587+08:00 DEBUG 66699 --- [mp-gateway] [oundedElastic-9] o.s.c.g.r.RouteDefinitionRouteLocator    : RouteDefinition mp-auth applying {_genkey_0=/auth/**} to Path
2026-03-14T09:55:43.587+08:00 DEBUG 66699 --- [mp-gateway] [undedElastic-10] o.s.c.g.r.RouteDefinitionRouteLocator    : RouteDefinition matched: mp-job
2026-03-14T09:55:43.587+08:00 DEBUG 66699 --- [mp-gateway] [oundedElastic-9] o.s.c.g.r.RouteDefinitionRouteLocator    : RouteDefinition mp-auth applying filter {_genkey_0=0} to StripPrefix
2026-03-14T09:55:43.587+08:00 DEBUG 66699 --- [mp-gateway] [undedElastic-10] o.s.c.g.r.RouteDefinitionRouteLocator    : RouteDefinition mp-system-monitor applying {_genkey_0=/monitor/**} to Path
2026-03-14T09:55:43.587+08:00 DEBUG 66699 --- [mp-gateway] [oundedElastic-9] o.s.c.g.r.RouteDefinitionRouteLocator    : RouteDefinition matched: mp-auth
2026-03-14T09:55:43.587+08:00 DEBUG 66699 --- [mp-gateway] [oundedElastic-9] o.s.c.g.r.RouteDefinitionRouteLocator    : RouteDefinition mp-system applying {_genkey_0=/system/**} to Path
2026-03-14T09:55:43.587+08:00 DEBUG 66699 --- [mp-gateway] [undedElastic-10] o.s.c.g.r.RouteDefinitionRouteLocator    : RouteDefinition mp-system-monitor applying filter {_genkey_0=0} to StripPrefix
2026-03-14T09:55:43.587+08:00 DEBUG 66699 --- [mp-gateway] [oundedElastic-9] o.s.c.g.r.RouteDefinitionRouteLocator    : RouteDefinition mp-system applying filter {_genkey_0=0} to StripPrefix
2026-03-14T09:55:43.587+08:00 DEBUG 66699 --- [mp-gateway] [undedElastic-10] o.s.c.g.r.RouteDefinitionRouteLocator    : RouteDefinition matched: mp-system-monitor
2026-03-14T09:55:43.587+08:00 DEBUG 66699 --- [mp-gateway] [oundedElastic-9] o.s.c.g.r.RouteDefinitionRouteLocator    : RouteDefinition matched: mp-system
2026-03-14T09:55:43.587+08:00 DEBUG 66699 --- [mp-gateway] [oundedElastic-9] o.s.c.g.r.RouteDefinitionRouteLocator    : RouteDefinition mp-generator applying {_genkey_0=/generator/**} to Path
2026-03-14T09:55:43.588+08:00 DEBUG 66699 --- [mp-gateway] [oundedElastic-9] o.s.c.g.r.RouteDefinitionRouteLocator    : RouteDefinition mp-generator applying filter {_genkey_0=0} to StripPrefix
2026-03-14T09:55:43.588+08:00  INFO 66699 --- [mp-gateway] [           main] a.c.n.d.NacosDiscoveryHeartBeatPublisher : Start nacos heartBeat task scheduler.
2026-03-14T09:55:43.588+08:00 DEBUG 66699 --- [mp-gateway] [oundedElastic-9] o.s.c.g.r.RouteDefinitionRouteLocator    : RouteDefinition matched: mp-generator
2026-03-14T09:55:43.588+08:00 DEBUG 66699 --- [mp-gateway] [oundedElastic-9] o.s.c.g.r.RouteDefinitionRouteLocator    : RouteDefinition mp-job applying {_genkey_0=/job/**} to Path
2026-03-14T09:55:43.588+08:00 DEBUG 66699 --- [mp-gateway] [oundedElastic-9] o.s.c.g.r.RouteDefinitionRouteLocator    : RouteDefinition mp-job applying filter {_genkey_0=0} to StripPrefix
2026-03-14T09:55:43.588+08:00 DEBUG 66699 --- [mp-gateway] [oundedElastic-9] o.s.c.g.r.RouteDefinitionRouteLocator    : RouteDefinition matched: mp-job
2026-03-14T09:55:43.588+08:00 DEBUG 66699 --- [mp-gateway] [oundedElastic-9] o.s.c.g.r.RouteDefinitionRouteLocator    : RouteDefinition mp-system-monitor applying {_genkey_0=/monitor/**} to Path
2026-03-14T09:55:43.588+08:00 DEBUG 66699 --- [mp-gateway] [oundedElastic-9] o.s.c.g.r.RouteDefinitionRouteLocator    : RouteDefinition mp-system-monitor applying filter {_genkey_0=0} to StripPrefix
2026-03-14T09:55:43.588+08:00 DEBUG 66699 --- [mp-gateway] [oundedElastic-9] o.s.c.g.r.RouteDefinitionRouteLocator    : RouteDefinition matched: mp-system-monitor
2026-03-14T09:55:43.590+08:00 DEBUG 66699 --- [mp-gateway] [oundedElastic-3] o.s.c.g.r.RouteDefinitionRouteLocator    : RouteDefinition ReactiveCompositeDiscoveryClient_mp-system applying {pattern=/mp-system/**} to Path
2026-03-14T09:55:43.590+08:00 DEBUG 66699 --- [mp-gateway] [oundedElastic-3] o.s.c.g.r.RouteDefinitionRouteLocator    : RouteDefinition ReactiveCompositeDiscoveryClient_mp-system applying filter {regexp=/mp-system/?(?<remaining>.*), replacement=/${remaining}} to RewritePath
2026-03-14T09:55:43.590+08:00 DEBUG 66699 --- [mp-gateway] [oundedElastic-3] o.s.c.g.r.RouteDefinitionRouteLocator    : RouteDefinition matched: ReactiveCompositeDiscoveryClient_mp-system
2026-03-14T09:55:43.591+08:00 DEBUG 66699 --- [mp-gateway] [oundedElastic-3] o.s.c.g.r.RouteDefinitionRouteLocator    : RouteDefinition ReactiveCompositeDiscoveryClient_mp-job applying {pattern=/mp-job/**} to Path
2026-03-14T09:55:43.591+08:00 DEBUG 66699 --- [mp-gateway] [oundedElastic-3] o.s.c.g.r.RouteDefinitionRouteLocator    : RouteDefinition ReactiveCompositeDiscoveryClient_mp-job applying filter {regexp=/mp-job/?(?<remaining>.*), replacement=/${remaining}} to RewritePath
2026-03-14T09:55:43.591+08:00 DEBUG 66699 --- [mp-gateway] [oundedElastic-3] o.s.c.g.r.RouteDefinitionRouteLocator    : RouteDefinition matched: ReactiveCompositeDiscoveryClient_mp-job
2026-03-14T09:55:43.591+08:00 DEBUG 66699 --- [mp-gateway] [oundedElastic-3] o.s.c.g.r.RouteDefinitionRouteLocator    : RouteDefinition ReactiveCompositeDiscoveryClient_mp-generator applying {pattern=/mp-generator/**} to Path
2026-03-14T09:55:43.591+08:00 DEBUG 66699 --- [mp-gateway] [oundedElastic-3] o.s.c.g.r.RouteDefinitionRouteLocator    : RouteDefinition ReactiveCompositeDiscoveryClient_mp-generator applying filter {regexp=/mp-generator/?(?<remaining>.*), replacement=/${remaining}} to RewritePath
2026-03-14T09:55:43.591+08:00 DEBUG 66699 --- [mp-gateway] [oundedElastic-3] o.s.c.g.r.RouteDefinitionRouteLocator    : RouteDefinition matched: ReactiveCompositeDiscoveryClient_mp-generator
2026-03-14T09:55:43.591+08:00 DEBUG 66699 --- [mp-gateway] [oundedElastic-3] o.s.c.g.r.RouteDefinitionRouteLocator    : RouteDefinition ReactiveCompositeDiscoveryClient_mp-auth applying {pattern=/mp-auth/**} to Path
2026-03-14T09:55:43.592+08:00 DEBUG 66699 --- [mp-gateway] [oundedElastic-3] o.s.c.g.r.RouteDefinitionRouteLocator    : RouteDefinition ReactiveCompositeDiscoveryClient_mp-auth applying filter {regexp=/mp-auth/?(?<remaining>.*), replacement=/${remaining}} to RewritePath
2026-03-14T09:55:43.592+08:00 DEBUG 66699 --- [mp-gateway] [oundedElastic-3] o.s.c.g.r.RouteDefinitionRouteLocator    : RouteDefinition matched: ReactiveCompositeDiscoveryClient_mp-auth
2026-03-14T09:55:43.592+08:00 DEBUG 66699 --- [mp-gateway] [oundedElastic-3] o.s.c.g.r.RouteDefinitionRouteLocator    : RouteDefinition mp-auth applying {_genkey_0=/auth/**} to Path
2026-03-14T09:55:43.592+08:00 DEBUG 66699 --- [mp-gateway] [oundedElastic-3] o.s.c.g.r.RouteDefinitionRouteLocator    : RouteDefinition mp-auth applying filter {_genkey_0=0} to StripPrefix
2026-03-14T09:55:43.592+08:00 DEBUG 66699 --- [mp-gateway] [oundedElastic-3] o.s.c.g.r.RouteDefinitionRouteLocator    : RouteDefinition matched: mp-auth
2026-03-14T09:55:43.592+08:00 DEBUG 66699 --- [mp-gateway] [oundedElastic-3] o.s.c.g.r.RouteDefinitionRouteLocator    : RouteDefinition mp-system applying {_genkey_0=/system/**} to Path
2026-03-14T09:55:43.592+08:00  INFO 66699 --- [mp-gateway] [           main] c.m.platform.gateway.GatewayApplication  : Started GatewayApplication in 1.059 seconds (process running for 1.159)
2026-03-14T09:55:43.592+08:00 DEBUG 66699 --- [mp-gateway] [oundedElastic-3] o.s.c.g.r.RouteDefinitionRouteLocator    : RouteDefinition mp-system applying filter {_genkey_0=0} to StripPrefix
2026-03-14T09:55:43.593+08:00 DEBUG 66699 --- [mp-gateway] [oundedElastic-3] o.s.c.g.r.RouteDefinitionRouteLocator    : RouteDefinition matched: mp-system
2026-03-14T09:55:43.593+08:00 DEBUG 66699 --- [mp-gateway] [oundedElastic-3] o.s.c.g.r.RouteDefinitionRouteLocator    : RouteDefinition mp-generator applying {_genkey_0=/generator/**} to Path
2026-03-14T09:55:43.593+08:00 DEBUG 66699 --- [mp-gateway] [oundedElastic-3] o.s.c.g.r.RouteDefinitionRouteLocator    : RouteDefinition mp-generator applying filter {_genkey_0=0} to StripPrefix
2026-03-14T09:55:43.593+08:00 DEBUG 66699 --- [mp-gateway] [oundedElastic-3] o.s.c.g.r.RouteDefinitionRouteLocator    : RouteDefinition matched: mp-generator
2026-03-14T09:55:43.593+08:00 DEBUG 66699 --- [mp-gateway] [oundedElastic-3] o.s.c.g.r.RouteDefinitionRouteLocator    : RouteDefinition mp-job applying {_genkey_0=/job/**} to Path
2026-03-14T09:55:43.593+08:00 DEBUG 66699 --- [mp-gateway] [oundedElastic-7] o.s.c.g.r.RouteDefinitionRouteLocator    : RouteDefinition ReactiveCompositeDiscoveryClient_mp-system applying {pattern=/mp-system/**} to Path
2026-03-14T09:55:43.593+08:00 DEBUG 66699 --- [mp-gateway] [oundedElastic-3] o.s.c.g.r.RouteDefinitionRouteLocator    : RouteDefinition mp-job applying filter {_genkey_0=0} to StripPrefix
2026-03-14T09:55:43.593+08:00 DEBUG 66699 --- [mp-gateway] [oundedElastic-7] o.s.c.g.r.RouteDefinitionRouteLocator    : RouteDefinition ReactiveCompositeDiscoveryClient_mp-system applying filter {regexp=/mp-system/?(?<remaining>.*), replacement=/${remaining}} to RewritePath
2026-03-14T09:55:43.593+08:00 DEBUG 66699 --- [mp-gateway] [oundedElastic-3] o.s.c.g.r.RouteDefinitionRouteLocator    : RouteDefinition matched: mp-job
2026-03-14T09:55:43.593+08:00 DEBUG 66699 --- [mp-gateway] [oundedElastic-3] o.s.c.g.r.RouteDefinitionRouteLocator    : RouteDefinition mp-system-monitor applying {_genkey_0=/monitor/**} to Path
2026-03-14T09:55:43.593+08:00 DEBUG 66699 --- [mp-gateway] [oundedElastic-7] o.s.c.g.r.RouteDefinitionRouteLocator    : RouteDefinition matched: ReactiveCompositeDiscoveryClient_mp-system
2026-03-14T09:55:43.593+08:00 DEBUG 66699 --- [mp-gateway] [oundedElastic-7] o.s.c.g.r.RouteDefinitionRouteLocator    : RouteDefinition ReactiveCompositeDiscoveryClient_mp-job applying {pattern=/mp-job/**} to Path
2026-03-14T09:55:43.593+08:00 DEBUG 66699 --- [mp-gateway] [oundedElastic-3] o.s.c.g.r.RouteDefinitionRouteLocator    : RouteDefinition mp-system-monitor applying filter {_genkey_0=0} to StripPrefix
2026-03-14T09:55:43.594+08:00 DEBUG 66699 --- [mp-gateway] [oundedElastic-7] o.s.c.g.r.RouteDefinitionRouteLocator    : RouteDefinition ReactiveCompositeDiscoveryClient_mp-job applying filter {regexp=/mp-job/?(?<remaining>.*), replacement=/${remaining}} to RewritePath
2026-03-14T09:55:43.594+08:00 DEBUG 66699 --- [mp-gateway] [oundedElastic-3] o.s.c.g.r.RouteDefinitionRouteLocator    : RouteDefinition matched: mp-system-monitor
2026-03-14T09:55:43.594+08:00 DEBUG 66699 --- [mp-gateway] [oundedElastic-7] o.s.c.g.r.RouteDefinitionRouteLocator    : RouteDefinition matched: ReactiveCompositeDiscoveryClient_mp-job
2026-03-14T09:55:43.594+08:00 DEBUG 66699 --- [mp-gateway] [oundedElastic-7] o.s.c.g.r.RouteDefinitionRouteLocator    : RouteDefinition ReactiveCompositeDiscoveryClient_mp-generator applying {pattern=/mp-generator/**} to Path
2026-03-14T09:55:43.594+08:00 DEBUG 66699 --- [mp-gateway] [oundedElastic-7] o.s.c.g.r.RouteDefinitionRouteLocator    : RouteDefinition ReactiveCompositeDiscoveryClient_mp-generator applying filter {regexp=/mp-generator/?(?<remaining>.*), replacement=/${remaining}} to RewritePath
2026-03-14T09:55:43.594+08:00 DEBUG 66699 --- [mp-gateway] [oundedElastic-7] o.s.c.g.r.RouteDefinitionRouteLocator    : RouteDefinition matched: ReactiveCompositeDiscoveryClient_mp-generator
2026-03-14T09:55:43.594+08:00 DEBUG 66699 --- [mp-gateway] [oundedElastic-7] o.s.c.g.r.RouteDefinitionRouteLocator    : RouteDefinition ReactiveCompositeDiscoveryClient_mp-auth applying {pattern=/mp-auth/**} to Path
2026-03-14T09:55:43.594+08:00 DEBUG 66699 --- [mp-gateway] [oundedElastic-7] o.s.c.g.r.RouteDefinitionRouteLocator    : RouteDefinition ReactiveCompositeDiscoveryClient_mp-auth applying filter {regexp=/mp-auth/?(?<remaining>.*), replacement=/${remaining}} to RewritePath
2026-03-14T09:55:43.595+08:00 DEBUG 66699 --- [mp-gateway] [oundedElastic-7] o.s.c.g.r.RouteDefinitionRouteLocator    : RouteDefinition matched: ReactiveCompositeDiscoveryClient_mp-auth
2026-03-14T09:55:43.595+08:00 DEBUG 66699 --- [mp-gateway] [oundedElastic-7] o.s.c.g.r.RouteDefinitionRouteLocator    : RouteDefinition mp-auth applying {_genkey_0=/auth/**} to Path
2026-03-14T09:55:43.595+08:00 DEBUG 66699 --- [mp-gateway] [oundedElastic-7] o.s.c.g.r.RouteDefinitionRouteLocator    : RouteDefinition mp-auth applying filter {_genkey_0=0} to StripPrefix
2026-03-14T09:55:43.595+08:00 DEBUG 66699 --- [mp-gateway] [oundedElastic-7] o.s.c.g.r.RouteDefinitionRouteLocator    : RouteDefinition matched: mp-auth
2026-03-14T09:55:43.595+08:00 DEBUG 66699 --- [mp-gateway] [oundedElastic-7] o.s.c.g.r.RouteDefinitionRouteLocator    : RouteDefinition mp-system applying {_genkey_0=/system/**} to Path
2026-03-14T09:55:43.595+08:00 DEBUG 66699 --- [mp-gateway] [oundedElastic-7] o.s.c.g.r.RouteDefinitionRouteLocator    : RouteDefinition mp-system applying filter {_genkey_0=0} to StripPrefix
2026-03-14T09:55:43.595+08:00 DEBUG 66699 --- [mp-gateway] [oundedElastic-7] o.s.c.g.r.RouteDefinitionRouteLocator    : RouteDefinition matched: mp-system
2026-03-14T09:55:43.595+08:00 DEBUG 66699 --- [mp-gateway] [oundedElastic-7] o.s.c.g.r.RouteDefinitionRouteLocator    : RouteDefinition mp-generator applying {_genkey_0=/generator/**} to Path
2026-03-14T09:55:43.595+08:00 DEBUG 66699 --- [mp-gateway] [oundedElastic-7] o.s.c.g.r.RouteDefinitionRouteLocator    : RouteDefinition mp-generator applying filter {_genkey_0=0} to StripPrefix
2026-03-14T09:55:43.596+08:00 DEBUG 66699 --- [mp-gateway] [oundedElastic-7] o.s.c.g.r.RouteDefinitionRouteLocator    : RouteDefinition matched: mp-generator
2026-03-14T09:55:43.596+08:00 DEBUG 66699 --- [mp-gateway] [oundedElastic-7] o.s.c.g.r.RouteDefinitionRouteLocator    : RouteDefinition mp-job applying {_genkey_0=/job/**} to Path
2026-03-14T09:55:43.596+08:00 DEBUG 66699 --- [mp-gateway] [oundedElastic-7] o.s.c.g.r.RouteDefinitionRouteLocator    : RouteDefinition mp-job applying filter {_genkey_0=0} to StripPrefix
2026-03-14T09:55:43.596+08:00 DEBUG 66699 --- [mp-gateway] [oundedElastic-7] o.s.c.g.r.RouteDefinitionRouteLocator    : RouteDefinition matched: mp-job
2026-03-14T09:55:43.596+08:00 DEBUG 66699 --- [mp-gateway] [oundedElastic-7] o.s.c.g.r.RouteDefinitionRouteLocator    : RouteDefinition mp-system-monitor applying {_genkey_0=/monitor/**} to Path
2026-03-14T09:55:43.596+08:00 DEBUG 66699 --- [mp-gateway] [oundedElastic-7] o.s.c.g.r.RouteDefinitionRouteLocator    : RouteDefinition mp-system-monitor applying filter {_genkey_0=0} to StripPrefix
2026-03-14T09:55:43.596+08:00 DEBUG 66699 --- [mp-gateway] [oundedElastic-7] o.s.c.g.r.RouteDefinitionRouteLocator    : RouteDefinition matched: mp-system-monitor
2026-03-14T09:55:44.130+08:00  INFO 66699 --- [mp-gateway] [or-127.0.0.1-14] com.alibaba.nacos.common.remote.client   : [18693241-f77a-4dad-a8d6-0776e9a6dcf7] Receive server push request, request = NotifySubscriberRequest, requestId = 80
2026-03-14T09:55:44.131+08:00  INFO 66699 --- [mp-gateway] [or-127.0.0.1-14] com.alibaba.nacos.client.naming          : new ips(1) service: DEFAULT_GROUP@@mp-gateway -> [{"instanceId":"192.168.0.104#8080#DEFAULT#DEFAULT_GROUP@@mp-gateway","ip":"192.168.0.104","port":8080,"weight":1.0,"healthy":true,"enabled":true,"ephemeral":true,"clusterName":"DEFAULT","serviceName":"DEFAULT_GROUP@@mp-gateway","metadata":{"preserved.register.source":"SPRING_CLOUD"},"ipDeleteTimeout":30000,"instanceHeartBeatInterval":5000,"instanceHeartBeatTimeOut":15000}]
2026-03-14T09:55:44.131+08:00  INFO 66699 --- [mp-gateway] [or-127.0.0.1-14] com.alibaba.nacos.client.naming          : current ips:(1) service: DEFAULT_GROUP@@mp-gateway -> [{"instanceId":"192.168.0.104#8080#DEFAULT#DEFAULT_GROUP@@mp-gateway","ip":"192.168.0.104","port":8080,"weight":1.0,"healthy":true,"enabled":true,"ephemeral":true,"clusterName":"DEFAULT","serviceName":"DEFAULT_GROUP@@mp-gateway","metadata":{"preserved.register.source":"SPRING_CLOUD"},"ipDeleteTimeout":30000,"instanceHeartBeatInterval":5000,"instanceHeartBeatTimeOut":15000}]
2026-03-14T09:55:44.132+08:00  INFO 66699 --- [mp-gateway] [or-127.0.0.1-14] com.alibaba.nacos.common.remote.client   : [18693241-f77a-4dad-a8d6-0776e9a6dcf7] Ack server push request, request = NotifySubscriberRequest, requestId = 80
2026-03-14T09:55:44.136+08:00  INFO 66699 --- [mp-gateway] [or-127.0.0.1-15] com.alibaba.nacos.common.remote.client   : [18693241-f77a-4dad-a8d6-0776e9a6dcf7] Receive server push request, request = NotifySubscriberRequest, requestId = 81
2026-03-14T09:55:44.136+08:00  INFO 66699 --- [mp-gateway] [or-127.0.0.1-15] com.alibaba.nacos.common.remote.client   : [18693241-f77a-4dad-a8d6-0776e9a6dcf7] Ack server push request, request = NotifySubscriberRequest, requestId = 81
2026-03-14T09:55:44.137+08:00  INFO 66699 --- [mp-gateway] [or-127.0.0.1-16] com.alibaba.nacos.common.remote.client   : [18693241-f77a-4dad-a8d6-0776e9a6dcf7] Receive server push request, request = NotifySubscriberRequest, requestId = 79
2026-03-14T09:55:44.138+08:00  INFO 66699 --- [mp-gateway] [or-127.0.0.1-16] com.alibaba.nacos.common.remote.client   : [18693241-f77a-4dad-a8d6-0776e9a6dcf7] Ack server push request, request = NotifySubscriberRequest, requestId = 79
2026-03-14T09:55:44.139+08:00  INFO 66699 --- [mp-gateway] [or-127.0.0.1-17] com.alibaba.nacos.common.remote.client   : [18693241-f77a-4dad-a8d6-0776e9a6dcf7] Receive server push request, request = NotifySubscriberRequest, requestId = 82
2026-03-14T09:55:44.139+08:00  INFO 66699 --- [mp-gateway] [or-127.0.0.1-17] com.alibaba.nacos.common.remote.client   : [18693241-f77a-4dad-a8d6-0776e9a6dcf7] Ack server push request, request = NotifySubscriberRequest, requestId = 82
2026-03-14T09:55:44.141+08:00  INFO 66699 --- [mp-gateway] [or-127.0.0.1-18] com.alibaba.nacos.common.remote.client   : [18693241-f77a-4dad-a8d6-0776e9a6dcf7] Receive server push request, request = NotifySubscriberRequest, requestId = 83
2026-03-14T09:55:44.141+08:00  INFO 66699 --- [mp-gateway] [or-127.0.0.1-18] com.alibaba.nacos.common.remote.client   : [18693241-f77a-4dad-a8d6-0776e9a6dcf7] Ack server push request, request = NotifySubscriberRequest, requestId = 83
2026-03-14T09:55:50.140+08:00  INFO 66699 --- [mp-gateway] [or-127.0.0.1-19] com.alibaba.nacos.common.remote.client   : [18693241-f77a-4dad-a8d6-0776e9a6dcf7] Receive server push request, request = NotifySubscriberRequest, requestId = 84
2026-03-14T09:55:50.141+08:00  INFO 66699 --- [mp-gateway] [or-127.0.0.1-19] com.alibaba.nacos.common.remote.client   : [18693241-f77a-4dad-a8d6-0776e9a6dcf7] Ack server push request, request = NotifySubscriberRequest, requestId = 84
2026-03-14T09:55:50.142+08:00  INFO 66699 --- [mp-gateway] [or-127.0.0.1-20] com.alibaba.nacos.common.remote.client   : [18693241-f77a-4dad-a8d6-0776e9a6dcf7] Receive server push request, request = NotifySubscriberRequest, requestId = 86
2026-03-14T09:55:50.143+08:00  INFO 66699 --- [mp-gateway] [or-127.0.0.1-20] com.alibaba.nacos.common.remote.client   : [18693241-f77a-4dad-a8d6-0776e9a6dcf7] Ack server push request, request = NotifySubscriberRequest, requestId = 86
2026-03-14T09:55:50.144+08:00  INFO 66699 --- [mp-gateway] [or-127.0.0.1-21] com.alibaba.nacos.common.remote.client   : [18693241-f77a-4dad-a8d6-0776e9a6dcf7] Receive server push request, request = NotifySubscriberRequest, requestId = 85
2026-03-14T09:55:50.144+08:00  INFO 66699 --- [mp-gateway] [or-127.0.0.1-21] com.alibaba.nacos.common.remote.client   : [18693241-f77a-4dad-a8d6-0776e9a6dcf7] Ack server push request, request = NotifySubscriberRequest, requestId = 85
2026-03-14T09:56:13.599+08:00 DEBUG 66699 --- [mp-gateway] [oundedElastic-5] o.s.c.g.r.RouteDefinitionRouteLocator    : RouteDefinition ReactiveCompositeDiscoveryClient_mp-system applying {pattern=/mp-system/**} to Path
2026-03-14T09:56:13.601+08:00 DEBUG 66699 --- [mp-gateway] [oundedElastic-5] o.s.c.g.r.RouteDefinitionRouteLocator    : RouteDefinition ReactiveCompositeDiscoveryClient_mp-system applying filter {regexp=/mp-system/?(?<remaining>.*), replacement=/${remaining}} to RewritePath
2026-03-14T09:56:13.601+08:00 DEBUG 66699 --- [mp-gateway] [oundedElastic-5] o.s.c.g.r.RouteDefinitionRouteLocator    : RouteDefinition matched: ReactiveCompositeDiscoveryClient_mp-system
2026-03-14T09:56:13.602+08:00 DEBUG 66699 --- [mp-gateway] [oundedElastic-5] o.s.c.g.r.RouteDefinitionRouteLocator    : RouteDefinition ReactiveCompositeDiscoveryClient_mp-job applying {pattern=/mp-job/**} to Path
2026-03-14T09:56:13.602+08:00 DEBUG 66699 --- [mp-gateway] [oundedElastic-5] o.s.c.g.r.RouteDefinitionRouteLocator    : RouteDefinition ReactiveCompositeDiscoveryClient_mp-job applying filter {regexp=/mp-job/?(?<remaining>.*), replacement=/${remaining}} to RewritePath
2026-03-14T09:56:13.603+08:00 DEBUG 66699 --- [mp-gateway] [oundedElastic-5] o.s.c.g.r.RouteDefinitionRouteLocator    : RouteDefinition matched: ReactiveCompositeDiscoveryClient_mp-job
2026-03-14T09:56:13.603+08:00 DEBUG 66699 --- [mp-gateway] [oundedElastic-5] o.s.c.g.r.RouteDefinitionRouteLocator    : RouteDefinition ReactiveCompositeDiscoveryClient_mp-generator applying {pattern=/mp-generator/**} to Path
2026-03-14T09:56:13.604+08:00 DEBUG 66699 --- [mp-gateway] [oundedElastic-5] o.s.c.g.r.RouteDefinitionRouteLocator    : RouteDefinition ReactiveCompositeDiscoveryClient_mp-generator applying filter {regexp=/mp-generator/?(?<remaining>.*), replacement=/${remaining}} to RewritePath
2026-03-14T09:56:13.604+08:00 DEBUG 66699 --- [mp-gateway] [oundedElastic-5] o.s.c.g.r.RouteDefinitionRouteLocator    : RouteDefinition matched: ReactiveCompositeDiscoveryClient_mp-generator
2026-03-14T09:56:13.604+08:00 DEBUG 66699 --- [mp-gateway] [oundedElastic-5] o.s.c.g.r.RouteDefinitionRouteLocator    : RouteDefinition ReactiveCompositeDiscoveryClient_mp-gateway applying {pattern=/mp-gateway/**} to Path
2026-03-14T09:56:13.605+08:00 DEBUG 66699 --- [mp-gateway] [oundedElastic-5] o.s.c.g.r.RouteDefinitionRouteLocator    : RouteDefinition ReactiveCompositeDiscoveryClient_mp-gateway applying filter {regexp=/mp-gateway/?(?<remaining>.*), replacement=/${remaining}} to RewritePath
2026-03-14T09:56:13.605+08:00 DEBUG 66699 --- [mp-gateway] [oundedElastic-5] o.s.c.g.r.RouteDefinitionRouteLocator    : RouteDefinition matched: ReactiveCompositeDiscoveryClient_mp-gateway
2026-03-14T09:56:13.605+08:00 DEBUG 66699 --- [mp-gateway] [oundedElastic-5] o.s.c.g.r.RouteDefinitionRouteLocator    : RouteDefinition ReactiveCompositeDiscoveryClient_mp-auth applying {pattern=/mp-auth/**} to Path
2026-03-14T09:56:13.606+08:00 DEBUG 66699 --- [mp-gateway] [oundedElastic-5] o.s.c.g.r.RouteDefinitionRouteLocator    : RouteDefinition ReactiveCompositeDiscoveryClient_mp-auth applying filter {regexp=/mp-auth/?(?<remaining>.*), replacement=/${remaining}} to RewritePath
2026-03-14T09:56:13.607+08:00 DEBUG 66699 --- [mp-gateway] [oundedElastic-5] o.s.c.g.r.RouteDefinitionRouteLocator    : RouteDefinition matched: ReactiveCompositeDiscoveryClient_mp-auth
2026-03-14T09:56:13.607+08:00 DEBUG 66699 --- [mp-gateway] [oundedElastic-5] o.s.c.g.r.RouteDefinitionRouteLocator    : RouteDefinition mp-auth applying {_genkey_0=/auth/**} to Path
2026-03-14T09:56:13.607+08:00 DEBUG 66699 --- [mp-gateway] [oundedElastic-5] o.s.c.g.r.RouteDefinitionRouteLocator    : RouteDefinition mp-auth applying filter {_genkey_0=0} to StripPrefix
2026-03-14T09:56:13.608+08:00 DEBUG 66699 --- [mp-gateway] [oundedElastic-5] o.s.c.g.r.RouteDefinitionRouteLocator    : RouteDefinition matched: mp-auth
2026-03-14T09:56:13.608+08:00 DEBUG 66699 --- [mp-gateway] [oundedElastic-5] o.s.c.g.r.RouteDefinitionRouteLocator    : RouteDefinition mp-system applying {_genkey_0=/system/**} to Path
2026-03-14T09:56:13.608+08:00 DEBUG 66699 --- [mp-gateway] [oundedElastic-5] o.s.c.g.r.RouteDefinitionRouteLocator    : RouteDefinition mp-system applying filter {_genkey_0=0} to StripPrefix
2026-03-14T09:56:13.608+08:00 DEBUG 66699 --- [mp-gateway] [oundedElastic-5] o.s.c.g.r.RouteDefinitionRouteLocator    : RouteDefinition matched: mp-system
2026-03-14T09:56:13.608+08:00 DEBUG 66699 --- [mp-gateway] [oundedElastic-5] o.s.c.g.r.RouteDefinitionRouteLocator    : RouteDefinition mp-generator applying {_genkey_0=/generator/**} to Path
2026-03-14T09:56:13.609+08:00 DEBUG 66699 --- [mp-gateway] [oundedElastic-5] o.s.c.g.r.RouteDefinitionRouteLocator    : RouteDefinition mp-generator applying filter {_genkey_0=0} to StripPrefix
2026-03-14T09:56:13.609+08:00 DEBUG 66699 --- [mp-gateway] [oundedElastic-5] o.s.c.g.r.RouteDefinitionRouteLocator    : RouteDefinition matched: mp-generator
2026-03-14T09:56:13.609+08:00 DEBUG 66699 --- [mp-gateway] [oundedElastic-5] o.s.c.g.r.RouteDefinitionRouteLocator    : RouteDefinition mp-job applying {_genkey_0=/job/**} to Path
2026-03-14T09:56:13.609+08:00 DEBUG 66699 --- [mp-gateway] [oundedElastic-5] o.s.c.g.r.RouteDefinitionRouteLocator    : RouteDefinition mp-job applying filter {_genkey_0=0} to StripPrefix
2026-03-14T09:56:13.610+08:00 DEBUG 66699 --- [mp-gateway] [oundedElastic-5] o.s.c.g.r.RouteDefinitionRouteLocator    : RouteDefinition matched: mp-job
2026-03-14T09:56:13.611+08:00 DEBUG 66699 --- [mp-gateway] [oundedElastic-5] o.s.c.g.r.RouteDefinitionRouteLocator    : RouteDefinition mp-system-monitor applying {_genkey_0=/monitor/**} to Path
2026-03-14T09:56:13.611+08:00 DEBUG 66699 --- [mp-gateway] [oundedElastic-5] o.s.c.g.r.RouteDefinitionRouteLocator    : RouteDefinition mp-system-monitor applying filter {_genkey_0=0} to StripPrefix
2026-03-14T09:56:13.612+08:00 DEBUG 66699 --- [mp-gateway] [oundedElastic-5] o.s.c.g.r.RouteDefinitionRouteLocator    : RouteDefinition matched: mp-system-monitor
