
  .   ____          _            __ _ _
 /\\ / ___'_ __ _ _(_)_ __  __ _ \ \ \ \
( ( )\___ | '_ | '_| | '_ \/ _` | \ \ \ \
 \\/  ___)| |_)| | | | | || (_| |  ) ) ) )
  '  |____| .__|_| |_|_| |_\__, | / / / /
 =========|_|==============|___/=/_/_/_/
[32m :: Spring Boot :: [39m              [2m (v3.2.5)[0;39m

[2m2026-03-07T16:39:39.190+08:00[0;39m [32m INFO[0;39m [35m84095[0;39m [2m---[0;39m [2m[mp-job] [           main][0;39m [2m[0;39m[36mcom.micro.platform.job.JobApplication   [0;39m [2m:[0;39m Starting JobApplication using Java 24.0.2 with PID 84095 (/Users/xieyunxing/micro-platform/mp-job/target/mp-job-1.0.0.jar started by xieyunxing in /Users/xieyunxing/micro-platform)
[2m2026-03-07T16:39:39.191+08:00[0;39m [32mDEBUG[0;39m [35m84095[0;39m [2m---[0;39m [2m[mp-job] [           main][0;39m [2m[0;39m[36mcom.micro.platform.job.JobApplication   [0;39m [2m:[0;39m Running with Spring Boot v3.2.5, Spring v6.1.6
[2m2026-03-07T16:39:39.192+08:00[0;39m [32m INFO[0;39m [35m84095[0;39m [2m---[0;39m [2m[mp-job] [           main][0;39m [2m[0;39m[36mcom.micro.platform.job.JobApplication   [0;39m [2m:[0;39m No active profile set, falling back to 1 default profile: "default"
[2m2026-03-07T16:39:40.715+08:00[0;39m [32m INFO[0;39m [35m84095[0;39m [2m---[0;39m [2m[mp-job] [           main][0;39m [2m[0;39m[36mo.s.cloud.context.scope.GenericScope    [0;39m [2m:[0;39m BeanFactory id=e68c023a-d257-3e9e-9278-70ed49fdae5e
[2m2026-03-07T16:39:40.921+08:00[0;39m [33m WARN[0;39m [35m84095[0;39m [2m---[0;39m [2m[mp-job] [           main][0;39m [2m[0;39m[36mtrationDelegate$BeanPostProcessorChecker[0;39m [2m:[0;39m Bean 'org.springframework.cloud.commons.config.CommonsConfigAutoConfiguration' of type [org.springframework.cloud.commons.config.CommonsConfigAutoConfiguration] is not eligible for getting processed by all BeanPostProcessors (for example: not eligible for auto-proxying). Is this bean getting eagerly injected into a currently created BeanPostProcessor [configurationPropertiesBeans]? Check the corresponding BeanPostProcessor declaration and its dependencies.
[2m2026-03-07T16:39:40.923+08:00[0;39m [33m WARN[0;39m [35m84095[0;39m [2m---[0;39m [2m[mp-job] [           main][0;39m [2m[0;39m[36mtrationDelegate$BeanPostProcessorChecker[0;39m [2m:[0;39m Bean 'org.springframework.cloud.client.loadbalancer.LoadBalancerDefaultMappingsProviderAutoConfiguration' of type [org.springframework.cloud.client.loadbalancer.LoadBalancerDefaultMappingsProviderAutoConfiguration] is not eligible for getting processed by all BeanPostProcessors (for example: not eligible for auto-proxying). Is this bean getting eagerly injected into a currently created BeanPostProcessor [configurationPropertiesBeans]? Check the corresponding BeanPostProcessor declaration and its dependencies.
[2m2026-03-07T16:39:40.923+08:00[0;39m [33m WARN[0;39m [35m84095[0;39m [2m---[0;39m [2m[mp-job] [           main][0;39m [2m[0;39m[36mtrationDelegate$BeanPostProcessorChecker[0;39m [2m:[0;39m Bean 'loadBalancerClientsDefaultsMappingsProvider' of type [org.springframework.cloud.client.loadbalancer.LoadBalancerDefaultMappingsProviderAutoConfiguration$$Lambda/0x00007ffc01336d08] is not eligible for getting processed by all BeanPostProcessors (for example: not eligible for auto-proxying). Is this bean getting eagerly injected into a currently created BeanPostProcessor [configurationPropertiesBeans]? Check the corresponding BeanPostProcessor declaration and its dependencies.
[2m2026-03-07T16:39:40.924+08:00[0;39m [33m WARN[0;39m [35m84095[0;39m [2m---[0;39m [2m[mp-job] [           main][0;39m [2m[0;39m[36mtrationDelegate$BeanPostProcessorChecker[0;39m [2m:[0;39m Bean 'defaultsBindHandlerAdvisor' of type [org.springframework.cloud.commons.config.DefaultsBindHandlerAdvisor] is not eligible for getting processed by all BeanPostProcessors (for example: not eligible for auto-proxying). Is this bean getting eagerly injected into a currently created BeanPostProcessor [configurationPropertiesBeans]? Check the corresponding BeanPostProcessor declaration and its dependencies.
[2m2026-03-07T16:39:40.988+08:00[0;39m [33m WARN[0;39m [35m84095[0;39m [2m---[0;39m [2m[mp-job] [           main][0;39m [2m[0;39m[36mtrationDelegate$BeanPostProcessorChecker[0;39m [2m:[0;39m Bean 'spring.datasource.dynamic-com.baomidou.dynamic.datasource.spring.boot.autoconfigure.DynamicDataSourceProperties' of type [com.baomidou.dynamic.datasource.spring.boot.autoconfigure.DynamicDataSourceProperties] is not eligible for getting processed by all BeanPostProcessors (for example: not eligible for auto-proxying). Is this bean getting eagerly injected into a currently created BeanPostProcessor [configurationPropertiesBeans]? Check the corresponding BeanPostProcessor declaration and its dependencies.
[2m2026-03-07T16:39:40.989+08:00[0;39m [33m WARN[0;39m [35m84095[0;39m [2m---[0;39m [2m[mp-job] [           main][0;39m [2m[0;39m[36mtrationDelegate$BeanPostProcessorChecker[0;39m [2m:[0;39m Bean 'com.baomidou.dynamic.datasource.spring.boot.autoconfigure.DynamicDataSourceAopConfiguration' of type [com.baomidou.dynamic.datasource.spring.boot.autoconfigure.DynamicDataSourceAopConfiguration$$SpringCGLIB$$0] is not eligible for getting processed by all BeanPostProcessors (for example: not eligible for auto-proxying). Is this bean getting eagerly injected into a currently created BeanPostProcessor [configurationPropertiesBeans]? Check the corresponding BeanPostProcessor declaration and its dependencies.
[2m2026-03-07T16:39:40.994+08:00[0;39m [33m WARN[0;39m [35m84095[0;39m [2m---[0;39m [2m[mp-job] [           main][0;39m [2m[0;39m[36mtrationDelegate$BeanPostProcessorChecker[0;39m [2m:[0;39m Bean 'dsProcessor' of type [com.baomidou.dynamic.datasource.processor.DsJakartaHeaderProcessor] is not eligible for getting processed by all BeanPostProcessors (for example: not eligible for auto-proxying). Is this bean getting eagerly injected into a currently created BeanPostProcessor [configurationPropertiesBeans]? Check the corresponding BeanPostProcessor declaration and its dependencies.
WARNING: A restricted method in java.lang.System has been called
WARNING: java.lang.System::load has been called by org.apache.tomcat.jni.Library in an unnamed module (jar:nested:/Users/xieyunxing/micro-platform/mp-job/target/mp-job-1.0.0.jar/!BOOT-INF/lib/tomcat-embed-core-10.1.20.jar!/)
WARNING: Use --enable-native-access=ALL-UNNAMED to avoid a warning for callers in this module
WARNING: Restricted methods will be blocked in a future release unless native access is enabled

[2m2026-03-07T16:39:41.309+08:00[0;39m [32m INFO[0;39m [35m84095[0;39m [2m---[0;39m [2m[mp-job] [           main][0;39m [2m[0;39m[36mo.s.b.w.embedded.tomcat.TomcatWebServer [0;39m [2m:[0;39m Tomcat initialized with port 8084 (http)
[2m2026-03-07T16:39:41.317+08:00[0;39m [32m INFO[0;39m [35m84095[0;39m [2m---[0;39m [2m[mp-job] [           main][0;39m [2m[0;39m[36mo.apache.catalina.core.StandardService  [0;39m [2m:[0;39m Starting service [Tomcat]
[2m2026-03-07T16:39:41.317+08:00[0;39m [32m INFO[0;39m [35m84095[0;39m [2m---[0;39m [2m[mp-job] [           main][0;39m [2m[0;39m[36mo.apache.catalina.core.StandardEngine   [0;39m [2m:[0;39m Starting Servlet engine: [Apache Tomcat/10.1.20]
[2m2026-03-07T16:39:41.338+08:00[0;39m [32m INFO[0;39m [35m84095[0;39m [2m---[0;39m [2m[mp-job] [           main][0;39m [2m[0;39m[36mo.a.c.c.C.[Tomcat].[localhost].[/]      [0;39m [2m:[0;39m Initializing Spring embedded WebApplicationContext
[2m2026-03-07T16:39:41.339+08:00[0;39m [32m INFO[0;39m [35m84095[0;39m [2m---[0;39m [2m[mp-job] [           main][0;39m [2m[0;39m[36mw.s.c.ServletWebServerApplicationContext[0;39m [2m:[0;39m Root WebApplicationContext: initialization completed in 1834 ms
[2m2026-03-07T16:39:42.626+08:00[0;39m [32m INFO[0;39m [35m84095[0;39m [2m---[0;39m [2m[mp-job] [           main][0;39m [2m[0;39m[36mcom.alibaba.druid.pool.DruidDataSource  [0;39m [2m:[0;39m {dataSource-1,master} inited
[2m2026-03-07T16:39:42.627+08:00[0;39m [32m INFO[0;39m [35m84095[0;39m [2m---[0;39m [2m[mp-job] [           main][0;39m [2m[0;39m[36mc.b.d.d.DynamicRoutingDataSource        [0;39m [2m:[0;39m dynamic-datasource - add a datasource named [master] success
[2m2026-03-07T16:39:42.629+08:00[0;39m [32m INFO[0;39m [35m84095[0;39m [2m---[0;39m [2m[mp-job] [           main][0;39m [2m[0;39m[36mc.b.d.d.DynamicRoutingDataSource        [0;39m [2m:[0;39m dynamic-datasource initial loaded [1] datasource,primary datasource named [master]
 _ _   |_  _ _|_. ___ _ |    _ 
| | |\/|_)(_| | |_\  |_)||_|_\ 
     /               |         
                        3.5.6 
[2m2026-03-07T16:39:43.091+08:00[0;39m [33m WARN[0;39m [35m84095[0;39m [2m---[0;39m [2m[mp-job] [           main][0;39m [2m[0;39m[36mc.xxl.job.core.executor.XxlJobExecutor  [0;39m [2m:[0;39m >>>>>>>>>>> xxl-job accessToken is empty. To ensure system security, please set the accessToken.
[2m2026-03-07T16:39:43.111+08:00[0;39m [32m INFO[0;39m [35m84095[0;39m [2m---[0;39m [2m[mp-job] [           main][0;39m [2m[0;39m[36mo.s.b.w.embedded.tomcat.TomcatWebServer [0;39m [2m:[0;39m Tomcat started on port 8084 (http) with context path ''
[2m2026-03-07T16:39:43.119+08:00[0;39m [32m INFO[0;39m [35m84095[0;39m [2m---[0;39m [2m[mp-job] [           main][0;39m [2m[0;39m[36mcom.alibaba.nacos.client.naming         [0;39m [2m:[0;39m initializer namespace from ans.namespace attribute : null
[2m2026-03-07T16:39:43.119+08:00[0;39m [32m INFO[0;39m [35m84095[0;39m [2m---[0;39m [2m[mp-job] [           main][0;39m [2m[0;39m[36mcom.alibaba.nacos.client.naming         [0;39m [2m:[0;39m initializer namespace from ALIBABA_ALIWARE_NAMESPACE attribute :null
[2m2026-03-07T16:39:43.119+08:00[0;39m [32m INFO[0;39m [35m84095[0;39m [2m---[0;39m [2m[mp-job] [           main][0;39m [2m[0;39m[36mcom.alibaba.nacos.client.naming         [0;39m [2m:[0;39m initializer namespace from namespace attribute :null
[2m2026-03-07T16:39:43.131+08:00[0;39m [32m INFO[0;39m [35m84095[0;39m [2m---[0;39m [2m[mp-job] [           main][0;39m [2m[0;39m[36mcom.alibaba.nacos.client.naming         [0;39m [2m:[0;39m FailoverDataSource type is class com.alibaba.nacos.client.naming.backups.datasource.DiskFailoverDataSource
[2m2026-03-07T16:39:43.138+08:00[0;39m [32m INFO[0;39m [35m84095[0;39m [2m---[0;39m [2m[mp-job] [       Thread-7][0;39m [2m[0;39m[36mc.a.n.c.a.r.identify.CredentialWatcher  [0;39m [2m:[0;39m null No credential found
WARNING: A terminally deprecated method in sun.misc.Unsafe has been called
WARNING: sun.misc.Unsafe::objectFieldOffset has been called by io.netty.util.internal.PlatformDependent0$4 (jar:nested:/Users/xieyunxing/micro-platform/mp-job/target/mp-job-1.0.0.jar/!BOOT-INF/lib/netty-common-4.1.109.Final.jar!/)
WARNING: Please consider reporting this to the maintainers of class io.netty.util.internal.PlatformDependent0$4
WARNING: sun.misc.Unsafe::objectFieldOffset will be removed in a future release
[2m2026-03-07T16:39:43.157+08:00[0;39m [32m INFO[0;39m [35m84095[0;39m [2m---[0;39m [2m[mp-job] [           main][0;39m [2m[0;39m[36mc.alibaba.nacos.client.utils.ParamUtil  [0;39m [2m:[0;39m [settings] [req-serv] nacos-server port:8848
[2m2026-03-07T16:39:43.158+08:00[0;39m [32m INFO[0;39m [35m84095[0;39m [2m---[0;39m [2m[mp-job] [           main][0;39m [2m[0;39m[36mc.alibaba.nacos.client.utils.ParamUtil  [0;39m [2m:[0;39m [settings] [http-client] connect timeout:1000
[2m2026-03-07T16:39:43.158+08:00[0;39m [32m INFO[0;39m [35m84095[0;39m [2m---[0;39m [2m[mp-job] [           main][0;39m [2m[0;39m[36mc.alibaba.nacos.client.utils.ParamUtil  [0;39m [2m:[0;39m PER_TASK_CONFIG_SIZE: 3000.0
[2m2026-03-07T16:39:43.162+08:00[0;39m [32m INFO[0;39m [35m84095[0;39m [2m---[0;39m [2m[mp-job] [           main][0;39m [2m[0;39m[36mc.a.n.p.a.s.c.ClientAuthPluginManager   [0;39m [2m:[0;39m [ClientAuthPluginManager] Load ClientAuthService com.alibaba.nacos.client.auth.impl.NacosClientAuthServiceImpl success.
[2m2026-03-07T16:39:43.162+08:00[0;39m [32m INFO[0;39m [35m84095[0;39m [2m---[0;39m [2m[mp-job] [           main][0;39m [2m[0;39m[36mc.a.n.p.a.s.c.ClientAuthPluginManager   [0;39m [2m:[0;39m [ClientAuthPluginManager] Load ClientAuthService com.alibaba.nacos.client.auth.ram.RamClientAuthServiceImpl success.
[2m2026-03-07T16:39:43.174+08:00[0;39m [32m INFO[0;39m [35m84095[0;39m [2m---[0;39m [2m[mp-job] [           main][0;39m [2m[0;39m[36mcom.alibaba.nacos.common.remote.client  [0;39m [2m:[0;39m [RpcClientFactory] create a new rpc client of 970040fa-64d5-4622-be69-dfb920dfa591
[2m2026-03-07T16:39:43.207+08:00[0;39m [32m INFO[0;39m [35m84095[0;39m [2m---[0;39m [2m[mp-job] [           main][0;39m [2m[0;39m[36mcom.alibaba.nacos.client.naming         [0;39m [2m:[0;39m Create naming rpc client for uuid->970040fa-64d5-4622-be69-dfb920dfa591
[2m2026-03-07T16:39:43.209+08:00[0;39m [32m INFO[0;39m [35m84095[0;39m [2m---[0;39m [2m[mp-job] [           main][0;39m [2m[0;39m[36mcom.alibaba.nacos.common.remote.client  [0;39m [2m:[0;39m [970040fa-64d5-4622-be69-dfb920dfa591] RpcClient init, ServerListFactory = com.alibaba.nacos.client.naming.core.ServerListManager
[2m2026-03-07T16:39:43.209+08:00[0;39m [32m INFO[0;39m [35m84095[0;39m [2m---[0;39m [2m[mp-job] [           main][0;39m [2m[0;39m[36mcom.alibaba.nacos.common.remote.client  [0;39m [2m:[0;39m [970040fa-64d5-4622-be69-dfb920dfa591] Registry connection listener to current client:com.alibaba.nacos.client.naming.remote.gprc.redo.NamingGrpcRedoService
[2m2026-03-07T16:39:43.210+08:00[0;39m [32m INFO[0;39m [35m84095[0;39m [2m---[0;39m [2m[mp-job] [           main][0;39m [2m[0;39m[36mcom.alibaba.nacos.common.remote.client  [0;39m [2m:[0;39m [970040fa-64d5-4622-be69-dfb920dfa591] Register server push request handler:com.alibaba.nacos.client.naming.remote.gprc.NamingPushRequestHandler
[2m2026-03-07T16:39:43.213+08:00[0;39m [32m INFO[0;39m [35m84095[0;39m [2m---[0;39m [2m[mp-job] [           main][0;39m [2m[0;39m[36mcom.alibaba.nacos.common.remote.client  [0;39m [2m:[0;39m [970040fa-64d5-4622-be69-dfb920dfa591] Try to connect to server on start up, server: {serverIp = '127.0.0.1', server main port = 8848}
[2m2026-03-07T16:39:43.275+08:00[0;39m [32m INFO[0;39m [35m84095[0;39m [2m---[0;39m [2m[mp-job] [           main][0;39m [2m[0;39m[36mc.a.n.c.remote.client.grpc.GrpcClient   [0;39m [2m:[0;39m grpc client connection server:127.0.0.1 ip,serverPort:9848,grpcTslConfig:{"sslProvider":"","enableTls":false,"mutualAuthEnable":false,"trustAll":false}
[2m2026-03-07T16:39:43.308+08:00[0;39m [32m INFO[0;39m [35m84095[0;39m [2m---[0;39m [2m[mp-job] [       Thread-6][0;39m [2m[0;39m[36mcom.xxl.job.core.server.EmbedServer     [0;39m [2m:[0;39m >>>>>>>>>>> xxl-job remoting server start success, nettype = class com.xxl.job.core.server.EmbedServer, port = 9999
[2m2026-03-07T16:39:43.322+08:00[0;39m [31mERROR[0;39m [35m84095[0;39m [2m---[0;39m [2m[mp-job] [rRegistryThread][0;39m [2m[0;39m[36mc.xxl.job.core.util.XxlJobRemotingUtil  [0;39m [2m:[0;39m Connection refused

java.net.ConnectException: Connection refused
	at java.base/sun.nio.ch.Net.pollConnect(Native Method) ~[na:na]
	at java.base/sun.nio.ch.Net.pollConnectNow(Net.java:628) ~[na:na]
	at java.base/sun.nio.ch.NioSocketImpl.timedFinishConnect(NioSocketImpl.java:533) ~[na:na]
	at java.base/sun.nio.ch.NioSocketImpl.connect(NioSocketImpl.java:583) ~[na:na]
	at java.base/java.net.Socket.connect(Socket.java:665) ~[na:na]
	at java.base/sun.net.NetworkClient.doConnect(NetworkClient.java:161) ~[na:na]
	at java.base/sun.net.www.http.HttpClient.openServer(HttpClient.java:516) ~[na:na]
	at java.base/sun.net.www.http.HttpClient.openServer(HttpClient.java:604) ~[na:na]
	at java.base/sun.net.www.http.HttpClient.<init>(HttpClient.java:276) ~[na:na]
	at java.base/sun.net.www.http.HttpClient.New(HttpClient.java:380) ~[na:na]
	at java.base/sun.net.www.http.HttpClient.New(HttpClient.java:393) ~[na:na]
	at java.base/sun.net.www.protocol.http.HttpURLConnection.getNewHttpClient(HttpURLConnection.java:1030) ~[na:na]
	at java.base/sun.net.www.protocol.http.HttpURLConnection.plainConnect0(HttpURLConnection.java:963) ~[na:na]
	at java.base/sun.net.www.protocol.http.HttpURLConnection.plainConnect(HttpURLConnection.java:899) ~[na:na]
	at java.base/sun.net.www.protocol.http.HttpURLConnection.connect(HttpURLConnection.java:872) ~[na:na]
	at com.xxl.job.core.util.XxlJobRemotingUtil.postBody(XxlJobRemotingUtil.java:99) ~[xxl-job-core-2.4.1.jar!/:na]
	at com.xxl.job.core.biz.client.AdminBizClient.registry(AdminBizClient.java:42) ~[xxl-job-core-2.4.1.jar!/:na]
	at com.xxl.job.core.thread.ExecutorRegistryThread$1.run(ExecutorRegistryThread.java:48) ~[xxl-job-core-2.4.1.jar!/:na]
	at java.base/java.lang.Thread.run(Thread.java:1447) ~[na:na]

[2m2026-03-07T16:39:43.327+08:00[0;39m [32m INFO[0;39m [35m84095[0;39m [2m---[0;39m [2m[mp-job] [rRegistryThread][0;39m [2m[0;39m[36mc.x.j.c.thread.ExecutorRegistryThread   [0;39m [2m:[0;39m >>>>>>>>>>> xxl-job registry fail, registryParam:RegistryParam{registryGroup='EXECUTOR', registryKey='mp-job', registryValue='http://192.168.0.104:9999/'}, registryResult:ReturnT [code=500, msg=xxl-job remoting error(Connection refused), for url : http://localhost:8080/xxl-job-admin/api/registry, content=null]
[2m2026-03-07T16:39:43.686+08:00[0;39m [32m INFO[0;39m [35m84095[0;39m [2m---[0;39m [2m[mp-job] [           main][0;39m [2m[0;39m[36mc.a.n.c.a.AbstractAbilityControlManager [0;39m [2m:[0;39m Ready to get current node abilities...
[2m2026-03-07T16:39:43.688+08:00[0;39m [32m INFO[0;39m [35m84095[0;39m [2m---[0;39m [2m[mp-job] [           main][0;39m [2m[0;39m[36mc.a.n.c.a.AbstractAbilityControlManager [0;39m [2m:[0;39m Ready to initialize current node abilities, support modes: [SDK_CLIENT]
[2m2026-03-07T16:39:43.689+08:00[0;39m [32m INFO[0;39m [35m84095[0;39m [2m---[0;39m [2m[mp-job] [           main][0;39m [2m[0;39m[36mc.a.n.c.a.AbstractAbilityControlManager [0;39m [2m:[0;39m Initialize current abilities finish...
[2m2026-03-07T16:39:43.689+08:00[0;39m [32m INFO[0;39m [35m84095[0;39m [2m---[0;39m [2m[mp-job] [           main][0;39m [2m[0;39m[36mc.a.n.c.a.d.NacosAbilityManagerHolder   [0;39m [2m:[0;39m [AbilityControlManager] Successfully initialize AbilityControlManager
[2m2026-03-07T16:39:43.700+08:00[0;39m [32m INFO[0;39m [35m84095[0;39m [2m---[0;39m [2m[mp-job] [           main][0;39m [2m[0;39m[36mcom.alibaba.nacos.common.remote.client  [0;39m [2m:[0;39m [970040fa-64d5-4622-be69-dfb920dfa591] Success to connect to server [127.0.0.1:8848] on start up, connectionId = 1772872783633_127.0.0.1_59043
[2m2026-03-07T16:39:43.701+08:00[0;39m [32m INFO[0;39m [35m84095[0;39m [2m---[0;39m [2m[mp-job] [remote.worker.0][0;39m [2m[0;39m[36mcom.alibaba.nacos.common.remote.client  [0;39m [2m:[0;39m [970040fa-64d5-4622-be69-dfb920dfa591] Notify connected event to listeners.
[2m2026-03-07T16:39:43.701+08:00[0;39m [32m INFO[0;39m [35m84095[0;39m [2m---[0;39m [2m[mp-job] [remote.worker.0][0;39m [2m[0;39m[36mcom.alibaba.nacos.client.naming         [0;39m [2m:[0;39m Grpc connection connect
[2m2026-03-07T16:39:43.701+08:00[0;39m [32m INFO[0;39m [35m84095[0;39m [2m---[0;39m [2m[mp-job] [           main][0;39m [2m[0;39m[36mcom.alibaba.nacos.common.remote.client  [0;39m [2m:[0;39m [970040fa-64d5-4622-be69-dfb920dfa591] Register server push request handler:com.alibaba.nacos.common.remote.client.RpcClient$ConnectResetRequestHandler
[2m2026-03-07T16:39:43.701+08:00[0;39m [32m INFO[0;39m [35m84095[0;39m [2m---[0;39m [2m[mp-job] [           main][0;39m [2m[0;39m[36mcom.alibaba.nacos.common.remote.client  [0;39m [2m:[0;39m [970040fa-64d5-4622-be69-dfb920dfa591] Register server push request handler:com.alibaba.nacos.common.remote.client.RpcClient$$Lambda/0x00007ffc016a1c98
[2m2026-03-07T16:39:43.702+08:00[0;39m [32m INFO[0;39m [35m84095[0;39m [2m---[0;39m [2m[mp-job] [           main][0;39m [2m[0;39m[36mcom.alibaba.nacos.client.naming         [0;39m [2m:[0;39m [REGISTER-SERVICE] public registering service mp-job with instance Instance{instanceId='null', ip='192.168.0.104', port=8084, weight=1.0, healthy=true, enabled=true, ephemeral=true, clusterName='DEFAULT', serviceName='null', metadata={IPv6=null, preserved.register.source=SPRING_CLOUD}}
[2m2026-03-07T16:39:43.720+08:00[0;39m [32m INFO[0;39m [35m84095[0;39m [2m---[0;39m [2m[mp-job] [           main][0;39m [2m[0;39m[36mc.a.c.n.registry.NacosServiceRegistry   [0;39m [2m:[0;39m nacos registry, DEFAULT_GROUP mp-job 192.168.0.104:8084 register finished
[2m2026-03-07T16:39:43.739+08:00[0;39m [32m INFO[0;39m [35m84095[0;39m [2m---[0;39m [2m[mp-job] [           main][0;39m [2m[0;39m[36mcom.micro.platform.job.JobApplication   [0;39m [2m:[0;39m Started JobApplication in 5.162 seconds (process running for 5.564)
[2m2026-03-07T16:40:13.334+08:00[0;39m [31mERROR[0;39m [35m84095[0;39m [2m---[0;39m [2m[mp-job] [rRegistryThread][0;39m [2m[0;39m[36mc.xxl.job.core.util.XxlJobRemotingUtil  [0;39m [2m:[0;39m Connection refused

java.net.ConnectException: Connection refused
	at java.base/sun.nio.ch.Net.pollConnect(Native Method) ~[na:na]
	at java.base/sun.nio.ch.Net.pollConnectNow(Net.java:628) ~[na:na]
	at java.base/sun.nio.ch.NioSocketImpl.timedFinishConnect(NioSocketImpl.java:540) ~[na:na]
	at java.base/sun.nio.ch.NioSocketImpl.connect(NioSocketImpl.java:583) ~[na:na]
	at java.base/java.net.Socket.connect(Socket.java:665) ~[na:na]
	at java.base/sun.net.NetworkClient.doConnect(NetworkClient.java:161) ~[na:na]
	at java.base/sun.net.www.http.HttpClient.openServer(HttpClient.java:516) ~[na:na]
	at java.base/sun.net.www.http.HttpClient.openServer(HttpClient.java:604) ~[na:na]
	at java.base/sun.net.www.http.HttpClient.<init>(HttpClient.java:276) ~[na:na]
	at java.base/sun.net.www.http.HttpClient.New(HttpClient.java:380) ~[na:na]
	at java.base/sun.net.www.http.HttpClient.New(HttpClient.java:393) ~[na:na]
	at java.base/sun.net.www.protocol.http.HttpURLConnection.getNewHttpClient(HttpURLConnection.java:1030) ~[na:na]
	at java.base/sun.net.www.protocol.http.HttpURLConnection.plainConnect0(HttpURLConnection.java:963) ~[na:na]
	at java.base/sun.net.www.protocol.http.HttpURLConnection.plainConnect(HttpURLConnection.java:899) ~[na:na]
	at java.base/sun.net.www.protocol.http.HttpURLConnection.connect(HttpURLConnection.java:872) ~[na:na]
	at com.xxl.job.core.util.XxlJobRemotingUtil.postBody(XxlJobRemotingUtil.java:99) ~[xxl-job-core-2.4.1.jar!/:na]
	at com.xxl.job.core.biz.client.AdminBizClient.registry(AdminBizClient.java:42) ~[xxl-job-core-2.4.1.jar!/:na]
	at com.xxl.job.core.thread.ExecutorRegistryThread$1.run(ExecutorRegistryThread.java:48) ~[xxl-job-core-2.4.1.jar!/:na]
	at java.base/java.lang.Thread.run(Thread.java:1447) ~[na:na]

[2m2026-03-07T16:40:13.335+08:00[0;39m [32m INFO[0;39m [35m84095[0;39m [2m---[0;39m [2m[mp-job] [rRegistryThread][0;39m [2m[0;39m[36mc.x.j.c.thread.ExecutorRegistryThread   [0;39m [2m:[0;39m >>>>>>>>>>> xxl-job registry fail, registryParam:RegistryParam{registryGroup='EXECUTOR', registryKey='mp-job', registryValue='http://192.168.0.104:9999/'}, registryResult:ReturnT [code=500, msg=xxl-job remoting error(Connection refused), for url : http://localhost:8080/xxl-job-admin/api/registry, content=null]
[2m2026-03-07T16:40:43.340+08:00[0;39m [31mERROR[0;39m [35m84095[0;39m [2m---[0;39m [2m[mp-job] [rRegistryThread][0;39m [2m[0;39m[36mc.xxl.job.core.util.XxlJobRemotingUtil  [0;39m [2m:[0;39m Connection refused

java.net.ConnectException: Connection refused
	at java.base/sun.nio.ch.Net.pollConnect(Native Method) ~[na:na]
	at java.base/sun.nio.ch.Net.pollConnectNow(Net.java:628) ~[na:na]
	at java.base/sun.nio.ch.NioSocketImpl.timedFinishConnect(NioSocketImpl.java:540) ~[na:na]
	at java.base/sun.nio.ch.NioSocketImpl.connect(NioSocketImpl.java:583) ~[na:na]
	at java.base/java.net.Socket.connect(Socket.java:665) ~[na:na]
	at java.base/sun.net.NetworkClient.doConnect(NetworkClient.java:161) ~[na:na]
	at java.base/sun.net.www.http.HttpClient.openServer(HttpClient.java:516) ~[na:na]
	at java.base/sun.net.www.http.HttpClient.openServer(HttpClient.java:604) ~[na:na]
	at java.base/sun.net.www.http.HttpClient.<init>(HttpClient.java:276) ~[na:na]
	at java.base/sun.net.www.http.HttpClient.New(HttpClient.java:380) ~[na:na]
	at java.base/sun.net.www.http.HttpClient.New(HttpClient.java:393) ~[na:na]
	at java.base/sun.net.www.protocol.http.HttpURLConnection.getNewHttpClient(HttpURLConnection.java:1030) ~[na:na]
	at java.base/sun.net.www.protocol.http.HttpURLConnection.plainConnect0(HttpURLConnection.java:963) ~[na:na]
	at java.base/sun.net.www.protocol.http.HttpURLConnection.plainConnect(HttpURLConnection.java:899) ~[na:na]
	at java.base/sun.net.www.protocol.http.HttpURLConnection.connect(HttpURLConnection.java:872) ~[na:na]
	at com.xxl.job.core.util.XxlJobRemotingUtil.postBody(XxlJobRemotingUtil.java:99) ~[xxl-job-core-2.4.1.jar!/:na]
	at com.xxl.job.core.biz.client.AdminBizClient.registry(AdminBizClient.java:42) ~[xxl-job-core-2.4.1.jar!/:na]
	at com.xxl.job.core.thread.ExecutorRegistryThread$1.run(ExecutorRegistryThread.java:48) ~[xxl-job-core-2.4.1.jar!/:na]
	at java.base/java.lang.Thread.run(Thread.java:1447) ~[na:na]

[2m2026-03-07T16:40:43.341+08:00[0;39m [32m INFO[0;39m [35m84095[0;39m [2m---[0;39m [2m[mp-job] [rRegistryThread][0;39m [2m[0;39m[36mc.x.j.c.thread.ExecutorRegistryThread   [0;39m [2m:[0;39m >>>>>>>>>>> xxl-job registry fail, registryParam:RegistryParam{registryGroup='EXECUTOR', registryKey='mp-job', registryValue='http://192.168.0.104:9999/'}, registryResult:ReturnT [code=500, msg=xxl-job remoting error(Connection refused), for url : http://localhost:8080/xxl-job-admin/api/registry, content=null]
[2m2026-03-07T16:41:13.348+08:00[0;39m [31mERROR[0;39m [35m84095[0;39m [2m---[0;39m [2m[mp-job] [rRegistryThread][0;39m [2m[0;39m[36mc.xxl.job.core.util.XxlJobRemotingUtil  [0;39m [2m:[0;39m Connection refused

java.net.ConnectException: Connection refused
	at java.base/sun.nio.ch.Net.pollConnect(Native Method) ~[na:na]
	at java.base/sun.nio.ch.Net.pollConnectNow(Net.java:628) ~[na:na]
	at java.base/sun.nio.ch.NioSocketImpl.timedFinishConnect(NioSocketImpl.java:540) ~[na:na]
	at java.base/sun.nio.ch.NioSocketImpl.connect(NioSocketImpl.java:583) ~[na:na]
	at java.base/java.net.Socket.connect(Socket.java:665) ~[na:na]
	at java.base/sun.net.NetworkClient.doConnect(NetworkClient.java:161) ~[na:na]
	at java.base/sun.net.www.http.HttpClient.openServer(HttpClient.java:516) ~[na:na]
	at java.base/sun.net.www.http.HttpClient.openServer(HttpClient.java:604) ~[na:na]
	at java.base/sun.net.www.http.HttpClient.<init>(HttpClient.java:276) ~[na:na]
	at java.base/sun.net.www.http.HttpClient.New(HttpClient.java:380) ~[na:na]
	at java.base/sun.net.www.http.HttpClient.New(HttpClient.java:393) ~[na:na]
	at java.base/sun.net.www.protocol.http.HttpURLConnection.getNewHttpClient(HttpURLConnection.java:1030) ~[na:na]
	at java.base/sun.net.www.protocol.http.HttpURLConnection.plainConnect0(HttpURLConnection.java:963) ~[na:na]
	at java.base/sun.net.www.protocol.http.HttpURLConnection.plainConnect(HttpURLConnection.java:899) ~[na:na]
	at java.base/sun.net.www.protocol.http.HttpURLConnection.connect(HttpURLConnection.java:872) ~[na:na]
	at com.xxl.job.core.util.XxlJobRemotingUtil.postBody(XxlJobRemotingUtil.java:99) ~[xxl-job-core-2.4.1.jar!/:na]
	at com.xxl.job.core.biz.client.AdminBizClient.registry(AdminBizClient.java:42) ~[xxl-job-core-2.4.1.jar!/:na]
	at com.xxl.job.core.thread.ExecutorRegistryThread$1.run(ExecutorRegistryThread.java:48) ~[xxl-job-core-2.4.1.jar!/:na]
	at java.base/java.lang.Thread.run(Thread.java:1447) ~[na:na]

[2m2026-03-07T16:41:13.348+08:00[0;39m [32m INFO[0;39m [35m84095[0;39m [2m---[0;39m [2m[mp-job] [rRegistryThread][0;39m [2m[0;39m[36mc.x.j.c.thread.ExecutorRegistryThread   [0;39m [2m:[0;39m >>>>>>>>>>> xxl-job registry fail, registryParam:RegistryParam{registryGroup='EXECUTOR', registryKey='mp-job', registryValue='http://192.168.0.104:9999/'}, registryResult:ReturnT [code=500, msg=xxl-job remoting error(Connection refused), for url : http://localhost:8080/xxl-job-admin/api/registry, content=null]
[2m2026-03-07T16:41:43.356+08:00[0;39m [31mERROR[0;39m [35m84095[0;39m [2m---[0;39m [2m[mp-job] [rRegistryThread][0;39m [2m[0;39m[36mc.xxl.job.core.util.XxlJobRemotingUtil  [0;39m [2m:[0;39m Connection refused

java.net.ConnectException: Connection refused
	at java.base/sun.nio.ch.Net.pollConnect(Native Method) ~[na:na]
	at java.base/sun.nio.ch.Net.pollConnectNow(Net.java:628) ~[na:na]
	at java.base/sun.nio.ch.NioSocketImpl.timedFinishConnect(NioSocketImpl.java:540) ~[na:na]
	at java.base/sun.nio.ch.NioSocketImpl.connect(NioSocketImpl.java:583) ~[na:na]
	at java.base/java.net.Socket.connect(Socket.java:665) ~[na:na]
	at java.base/sun.net.NetworkClient.doConnect(NetworkClient.java:161) ~[na:na]
	at java.base/sun.net.www.http.HttpClient.openServer(HttpClient.java:516) ~[na:na]
	at java.base/sun.net.www.http.HttpClient.openServer(HttpClient.java:604) ~[na:na]
	at java.base/sun.net.www.http.HttpClient.<init>(HttpClient.java:276) ~[na:na]
	at java.base/sun.net.www.http.HttpClient.New(HttpClient.java:380) ~[na:na]
	at java.base/sun.net.www.http.HttpClient.New(HttpClient.java:393) ~[na:na]
	at java.base/sun.net.www.protocol.http.HttpURLConnection.getNewHttpClient(HttpURLConnection.java:1030) ~[na:na]
	at java.base/sun.net.www.protocol.http.HttpURLConnection.plainConnect0(HttpURLConnection.java:963) ~[na:na]
	at java.base/sun.net.www.protocol.http.HttpURLConnection.plainConnect(HttpURLConnection.java:899) ~[na:na]
	at java.base/sun.net.www.protocol.http.HttpURLConnection.connect(HttpURLConnection.java:872) ~[na:na]
	at com.xxl.job.core.util.XxlJobRemotingUtil.postBody(XxlJobRemotingUtil.java:99) ~[xxl-job-core-2.4.1.jar!/:na]
	at com.xxl.job.core.biz.client.AdminBizClient.registry(AdminBizClient.java:42) ~[xxl-job-core-2.4.1.jar!/:na]
	at com.xxl.job.core.thread.ExecutorRegistryThread$1.run(ExecutorRegistryThread.java:48) ~[xxl-job-core-2.4.1.jar!/:na]
	at java.base/java.lang.Thread.run(Thread.java:1447) ~[na:na]

[2m2026-03-07T16:41:43.356+08:00[0;39m [32m INFO[0;39m [35m84095[0;39m [2m---[0;39m [2m[mp-job] [rRegistryThread][0;39m [2m[0;39m[36mc.x.j.c.thread.ExecutorRegistryThread   [0;39m [2m:[0;39m >>>>>>>>>>> xxl-job registry fail, registryParam:RegistryParam{registryGroup='EXECUTOR', registryKey='mp-job', registryValue='http://192.168.0.104:9999/'}, registryResult:ReturnT [code=500, msg=xxl-job remoting error(Connection refused), for url : http://localhost:8080/xxl-job-admin/api/registry, content=null]
[2m2026-03-07T16:42:13.358+08:00[0;39m [31mERROR[0;39m [35m84095[0;39m [2m---[0;39m [2m[mp-job] [rRegistryThread][0;39m [2m[0;39m[36mc.xxl.job.core.util.XxlJobRemotingUtil  [0;39m [2m:[0;39m Connection refused

java.net.ConnectException: Connection refused
	at java.base/sun.nio.ch.Net.pollConnect(Native Method) ~[na:na]
	at java.base/sun.nio.ch.Net.pollConnectNow(Net.java:628) ~[na:na]
	at java.base/sun.nio.ch.NioSocketImpl.timedFinishConnect(NioSocketImpl.java:540) ~[na:na]
	at java.base/sun.nio.ch.NioSocketImpl.connect(NioSocketImpl.java:583) ~[na:na]
	at java.base/java.net.Socket.connect(Socket.java:665) ~[na:na]
	at java.base/sun.net.NetworkClient.doConnect(NetworkClient.java:161) ~[na:na]
	at java.base/sun.net.www.http.HttpClient.openServer(HttpClient.java:516) ~[na:na]
	at java.base/sun.net.www.http.HttpClient.openServer(HttpClient.java:604) ~[na:na]
	at java.base/sun.net.www.http.HttpClient.<init>(HttpClient.java:276) ~[na:na]
	at java.base/sun.net.www.http.HttpClient.New(HttpClient.java:380) ~[na:na]
	at java.base/sun.net.www.http.HttpClient.New(HttpClient.java:393) ~[na:na]
	at java.base/sun.net.www.protocol.http.HttpURLConnection.getNewHttpClient(HttpURLConnection.java:1030) ~[na:na]
	at java.base/sun.net.www.protocol.http.HttpURLConnection.plainConnect0(HttpURLConnection.java:963) ~[na:na]
	at java.base/sun.net.www.protocol.http.HttpURLConnection.plainConnect(HttpURLConnection.java:899) ~[na:na]
	at java.base/sun.net.www.protocol.http.HttpURLConnection.connect(HttpURLConnection.java:872) ~[na:na]
	at com.xxl.job.core.util.XxlJobRemotingUtil.postBody(XxlJobRemotingUtil.java:99) ~[xxl-job-core-2.4.1.jar!/:na]
	at com.xxl.job.core.biz.client.AdminBizClient.registry(AdminBizClient.java:42) ~[xxl-job-core-2.4.1.jar!/:na]
	at com.xxl.job.core.thread.ExecutorRegistryThread$1.run(ExecutorRegistryThread.java:48) ~[xxl-job-core-2.4.1.jar!/:na]
	at java.base/java.lang.Thread.run(Thread.java:1447) ~[na:na]

[2m2026-03-07T16:42:13.359+08:00[0;39m [32m INFO[0;39m [35m84095[0;39m [2m---[0;39m [2m[mp-job] [rRegistryThread][0;39m [2m[0;39m[36mc.x.j.c.thread.ExecutorRegistryThread   [0;39m [2m:[0;39m >>>>>>>>>>> xxl-job registry fail, registryParam:RegistryParam{registryGroup='EXECUTOR', registryKey='mp-job', registryValue='http://192.168.0.104:9999/'}, registryResult:ReturnT [code=500, msg=xxl-job remoting error(Connection refused), for url : http://localhost:8080/xxl-job-admin/api/registry, content=null]
[2m2026-03-07T16:42:43.493+08:00[0;39m [32m INFO[0;39m [35m84095[0;39m [2m---[0;39m [2m[mp-job] [rRegistryThread][0;39m [2m[0;39m[36mc.x.j.c.thread.ExecutorRegistryThread   [0;39m [2m:[0;39m >>>>>>>>>>> xxl-job registry fail, registryParam:RegistryParam{registryGroup='EXECUTOR', registryKey='mp-job', registryValue='http://192.168.0.104:9999/'}, registryResult:ReturnT [code=500, msg=xxl-job remoting fail, StatusCode(404) invalid. for url : http://localhost:8080/xxl-job-admin/api/registry, content=null]
[2m2026-03-07T16:43:13.503+08:00[0;39m [32m INFO[0;39m [35m84095[0;39m [2m---[0;39m [2m[mp-job] [rRegistryThread][0;39m [2m[0;39m[36mc.x.j.c.thread.ExecutorRegistryThread   [0;39m [2m:[0;39m >>>>>>>>>>> xxl-job registry fail, registryParam:RegistryParam{registryGroup='EXECUTOR', registryKey='mp-job', registryValue='http://192.168.0.104:9999/'}, registryResult:ReturnT [code=500, msg=xxl-job remoting fail, StatusCode(404) invalid. for url : http://localhost:8080/xxl-job-admin/api/registry, content=null]
[2m2026-03-07T16:43:43.519+08:00[0;39m [32m INFO[0;39m [35m84095[0;39m [2m---[0;39m [2m[mp-job] [rRegistryThread][0;39m [2m[0;39m[36mc.x.j.c.thread.ExecutorRegistryThread   [0;39m [2m:[0;39m >>>>>>>>>>> xxl-job registry fail, registryParam:RegistryParam{registryGroup='EXECUTOR', registryKey='mp-job', registryValue='http://192.168.0.104:9999/'}, registryResult:ReturnT [code=500, msg=xxl-job remoting fail, StatusCode(404) invalid. for url : http://localhost:8080/xxl-job-admin/api/registry, content=null]
[2m2026-03-07T16:44:13.535+08:00[0;39m [32m INFO[0;39m [35m84095[0;39m [2m---[0;39m [2m[mp-job] [rRegistryThread][0;39m [2m[0;39m[36mc.x.j.c.thread.ExecutorRegistryThread   [0;39m [2m:[0;39m >>>>>>>>>>> xxl-job registry fail, registryParam:RegistryParam{registryGroup='EXECUTOR', registryKey='mp-job', registryValue='http://192.168.0.104:9999/'}, registryResult:ReturnT [code=500, msg=xxl-job remoting fail, StatusCode(404) invalid. for url : http://localhost:8080/xxl-job-admin/api/registry, content=null]
[2m2026-03-07T16:44:43.543+08:00[0;39m [32m INFO[0;39m [35m84095[0;39m [2m---[0;39m [2m[mp-job] [rRegistryThread][0;39m [2m[0;39m[36mc.x.j.c.thread.ExecutorRegistryThread   [0;39m [2m:[0;39m >>>>>>>>>>> xxl-job registry fail, registryParam:RegistryParam{registryGroup='EXECUTOR', registryKey='mp-job', registryValue='http://192.168.0.104:9999/'}, registryResult:ReturnT [code=500, msg=xxl-job remoting fail, StatusCode(404) invalid. for url : http://localhost:8080/xxl-job-admin/api/registry, content=null]
[2m2026-03-07T16:45:13.557+08:00[0;39m [32m INFO[0;39m [35m84095[0;39m [2m---[0;39m [2m[mp-job] [rRegistryThread][0;39m [2m[0;39m[36mc.x.j.c.thread.ExecutorRegistryThread   [0;39m [2m:[0;39m >>>>>>>>>>> xxl-job registry fail, registryParam:RegistryParam{registryGroup='EXECUTOR', registryKey='mp-job', registryValue='http://192.168.0.104:9999/'}, registryResult:ReturnT [code=500, msg=xxl-job remoting fail, StatusCode(404) invalid. for url : http://localhost:8080/xxl-job-admin/api/registry, content=null]
[2m2026-03-07T16:45:43.567+08:00[0;39m [32m INFO[0;39m [35m84095[0;39m [2m---[0;39m [2m[mp-job] [rRegistryThread][0;39m [2m[0;39m[36mc.x.j.c.thread.ExecutorRegistryThread   [0;39m [2m:[0;39m >>>>>>>>>>> xxl-job registry fail, registryParam:RegistryParam{registryGroup='EXECUTOR', registryKey='mp-job', registryValue='http://192.168.0.104:9999/'}, registryResult:ReturnT [code=500, msg=xxl-job remoting fail, StatusCode(404) invalid. for url : http://localhost:8080/xxl-job-admin/api/registry, content=null]
[2m2026-03-07T16:46:13.579+08:00[0;39m [32m INFO[0;39m [35m84095[0;39m [2m---[0;39m [2m[mp-job] [rRegistryThread][0;39m [2m[0;39m[36mc.x.j.c.thread.ExecutorRegistryThread   [0;39m [2m:[0;39m >>>>>>>>>>> xxl-job registry fail, registryParam:RegistryParam{registryGroup='EXECUTOR', registryKey='mp-job', registryValue='http://192.168.0.104:9999/'}, registryResult:ReturnT [code=500, msg=xxl-job remoting fail, StatusCode(404) invalid. for url : http://localhost:8080/xxl-job-admin/api/registry, content=null]
[2m2026-03-07T16:46:43.592+08:00[0;39m [32m INFO[0;39m [35m84095[0;39m [2m---[0;39m [2m[mp-job] [rRegistryThread][0;39m [2m[0;39m[36mc.x.j.c.thread.ExecutorRegistryThread   [0;39m [2m:[0;39m >>>>>>>>>>> xxl-job registry fail, registryParam:RegistryParam{registryGroup='EXECUTOR', registryKey='mp-job', registryValue='http://192.168.0.104:9999/'}, registryResult:ReturnT [code=500, msg=xxl-job remoting fail, StatusCode(404) invalid. for url : http://localhost:8080/xxl-job-admin/api/registry, content=null]
[2m2026-03-07T16:47:13.602+08:00[0;39m [32m INFO[0;39m [35m84095[0;39m [2m---[0;39m [2m[mp-job] [rRegistryThread][0;39m [2m[0;39m[36mc.x.j.c.thread.ExecutorRegistryThread   [0;39m [2m:[0;39m >>>>>>>>>>> xxl-job registry fail, registryParam:RegistryParam{registryGroup='EXECUTOR', registryKey='mp-job', registryValue='http://192.168.0.104:9999/'}, registryResult:ReturnT [code=500, msg=xxl-job remoting fail, StatusCode(404) invalid. for url : http://localhost:8080/xxl-job-admin/api/registry, content=null]
[2m2026-03-07T16:47:43.609+08:00[0;39m [31mERROR[0;39m [35m84095[0;39m [2m---[0;39m [2m[mp-job] [rRegistryThread][0;39m [2m[0;39m[36mc.xxl.job.core.util.XxlJobRemotingUtil  [0;39m [2m:[0;39m Connection refused

java.net.ConnectException: Connection refused
	at java.base/sun.nio.ch.Net.pollConnect(Native Method) ~[na:na]
	at java.base/sun.nio.ch.Net.pollConnectNow(Net.java:628) ~[na:na]
	at java.base/sun.nio.ch.NioSocketImpl.timedFinishConnect(NioSocketImpl.java:540) ~[na:na]
	at java.base/sun.nio.ch.NioSocketImpl.connect(NioSocketImpl.java:583) ~[na:na]
	at java.base/java.net.Socket.connect(Socket.java:665) ~[na:na]
	at java.base/sun.net.NetworkClient.doConnect(NetworkClient.java:161) ~[na:na]
	at java.base/sun.net.www.http.HttpClient.openServer(HttpClient.java:516) ~[na:na]
	at java.base/sun.net.www.http.HttpClient.openServer(HttpClient.java:604) ~[na:na]
	at java.base/sun.net.www.http.HttpClient.<init>(HttpClient.java:276) ~[na:na]
	at java.base/sun.net.www.http.HttpClient.New(HttpClient.java:380) ~[na:na]
	at java.base/sun.net.www.http.HttpClient.New(HttpClient.java:393) ~[na:na]
	at java.base/sun.net.www.protocol.http.HttpURLConnection.getNewHttpClient(HttpURLConnection.java:1030) ~[na:na]
	at java.base/sun.net.www.protocol.http.HttpURLConnection.plainConnect0(HttpURLConnection.java:963) ~[na:na]
	at java.base/sun.net.www.protocol.http.HttpURLConnection.plainConnect(HttpURLConnection.java:899) ~[na:na]
	at java.base/sun.net.www.protocol.http.HttpURLConnection.connect(HttpURLConnection.java:872) ~[na:na]
	at com.xxl.job.core.util.XxlJobRemotingUtil.postBody(XxlJobRemotingUtil.java:99) ~[xxl-job-core-2.4.1.jar!/:na]
	at com.xxl.job.core.biz.client.AdminBizClient.registry(AdminBizClient.java:42) ~[xxl-job-core-2.4.1.jar!/:na]
	at com.xxl.job.core.thread.ExecutorRegistryThread$1.run(ExecutorRegistryThread.java:48) ~[xxl-job-core-2.4.1.jar!/:na]
	at java.base/java.lang.Thread.run(Thread.java:1447) ~[na:na]

[2m2026-03-07T16:47:43.609+08:00[0;39m [32m INFO[0;39m [35m84095[0;39m [2m---[0;39m [2m[mp-job] [rRegistryThread][0;39m [2m[0;39m[36mc.x.j.c.thread.ExecutorRegistryThread   [0;39m [2m:[0;39m >>>>>>>>>>> xxl-job registry fail, registryParam:RegistryParam{registryGroup='EXECUTOR', registryKey='mp-job', registryValue='http://192.168.0.104:9999/'}, registryResult:ReturnT [code=500, msg=xxl-job remoting error(Connection refused), for url : http://localhost:8080/xxl-job-admin/api/registry, content=null]
[2m2026-03-07T16:48:13.650+08:00[0;39m [32m INFO[0;39m [35m84095[0;39m [2m---[0;39m [2m[mp-job] [rRegistryThread][0;39m [2m[0;39m[36mc.x.j.c.thread.ExecutorRegistryThread   [0;39m [2m:[0;39m >>>>>>>>>>> xxl-job registry fail, registryParam:RegistryParam{registryGroup='EXECUTOR', registryKey='mp-job', registryValue='http://192.168.0.104:9999/'}, registryResult:ReturnT [code=500, msg=xxl-job remoting fail, StatusCode(404) invalid. for url : http://localhost:8080/xxl-job-admin/api/registry, content=null]
[2m2026-03-07T16:48:43.659+08:00[0;39m [32m INFO[0;39m [35m84095[0;39m [2m---[0;39m [2m[mp-job] [rRegistryThread][0;39m [2m[0;39m[36mc.x.j.c.thread.ExecutorRegistryThread   [0;39m [2m:[0;39m >>>>>>>>>>> xxl-job registry fail, registryParam:RegistryParam{registryGroup='EXECUTOR', registryKey='mp-job', registryValue='http://192.168.0.104:9999/'}, registryResult:ReturnT [code=500, msg=xxl-job remoting fail, StatusCode(404) invalid. for url : http://localhost:8080/xxl-job-admin/api/registry, content=null]
[2m2026-03-07T16:49:13.669+08:00[0;39m [32m INFO[0;39m [35m84095[0;39m [2m---[0;39m [2m[mp-job] [rRegistryThread][0;39m [2m[0;39m[36mc.x.j.c.thread.ExecutorRegistryThread   [0;39m [2m:[0;39m >>>>>>>>>>> xxl-job registry fail, registryParam:RegistryParam{registryGroup='EXECUTOR', registryKey='mp-job', registryValue='http://192.168.0.104:9999/'}, registryResult:ReturnT [code=500, msg=xxl-job remoting fail, StatusCode(404) invalid. for url : http://localhost:8080/xxl-job-admin/api/registry, content=null]
[2m2026-03-07T16:49:43.810+08:00[0;39m [32m INFO[0;39m [35m84095[0;39m [2m---[0;39m [2m[mp-job] [rRegistryThread][0;39m [2m[0;39m[36mc.x.j.c.thread.ExecutorRegistryThread   [0;39m [2m:[0;39m >>>>>>>>>>> xxl-job registry fail, registryParam:RegistryParam{registryGroup='EXECUTOR', registryKey='mp-job', registryValue='http://192.168.0.104:9999/'}, registryResult:ReturnT [code=500, msg=xxl-job remoting fail, StatusCode(404) invalid. for url : http://localhost:8080/xxl-job-admin/api/registry, content=null]
[2m2026-03-07T16:50:13.826+08:00[0;39m [32m INFO[0;39m [35m84095[0;39m [2m---[0;39m [2m[mp-job] [rRegistryThread][0;39m [2m[0;39m[36mc.x.j.c.thread.ExecutorRegistryThread   [0;39m [2m:[0;39m >>>>>>>>>>> xxl-job registry fail, registryParam:RegistryParam{registryGroup='EXECUTOR', registryKey='mp-job', registryValue='http://192.168.0.104:9999/'}, registryResult:ReturnT [code=500, msg=xxl-job remoting fail, StatusCode(404) invalid. for url : http://localhost:8080/xxl-job-admin/api/registry, content=null]
[2m2026-03-07T16:50:43.840+08:00[0;39m [32m INFO[0;39m [35m84095[0;39m [2m---[0;39m [2m[mp-job] [rRegistryThread][0;39m [2m[0;39m[36mc.x.j.c.thread.ExecutorRegistryThread   [0;39m [2m:[0;39m >>>>>>>>>>> xxl-job registry fail, registryParam:RegistryParam{registryGroup='EXECUTOR', registryKey='mp-job', registryValue='http://192.168.0.104:9999/'}, registryResult:ReturnT [code=500, msg=xxl-job remoting fail, StatusCode(404) invalid. for url : http://localhost:8080/xxl-job-admin/api/registry, content=null]
[2m2026-03-07T16:51:13.855+08:00[0;39m [32m INFO[0;39m [35m84095[0;39m [2m---[0;39m [2m[mp-job] [rRegistryThread][0;39m [2m[0;39m[36mc.x.j.c.thread.ExecutorRegistryThread   [0;39m [2m:[0;39m >>>>>>>>>>> xxl-job registry fail, registryParam:RegistryParam{registryGroup='EXECUTOR', registryKey='mp-job', registryValue='http://192.168.0.104:9999/'}, registryResult:ReturnT [code=500, msg=xxl-job remoting fail, StatusCode(404) invalid. for url : http://localhost:8080/xxl-job-admin/api/registry, content=null]
[2m2026-03-07T16:51:43.862+08:00[0;39m [32m INFO[0;39m [35m84095[0;39m [2m---[0;39m [2m[mp-job] [rRegistryThread][0;39m [2m[0;39m[36mc.x.j.c.thread.ExecutorRegistryThread   [0;39m [2m:[0;39m >>>>>>>>>>> xxl-job registry fail, registryParam:RegistryParam{registryGroup='EXECUTOR', registryKey='mp-job', registryValue='http://192.168.0.104:9999/'}, registryResult:ReturnT [code=500, msg=xxl-job remoting fail, StatusCode(404) invalid. for url : http://localhost:8080/xxl-job-admin/api/registry, content=null]
[2m2026-03-07T16:52:13.876+08:00[0;39m [32m INFO[0;39m [35m84095[0;39m [2m---[0;39m [2m[mp-job] [rRegistryThread][0;39m [2m[0;39m[36mc.x.j.c.thread.ExecutorRegistryThread   [0;39m [2m:[0;39m >>>>>>>>>>> xxl-job registry fail, registryParam:RegistryParam{registryGroup='EXECUTOR', registryKey='mp-job', registryValue='http://192.168.0.104:9999/'}, registryResult:ReturnT [code=500, msg=xxl-job remoting fail, StatusCode(404) invalid. for url : http://localhost:8080/xxl-job-admin/api/registry, content=null]
[2m2026-03-07T16:52:43.889+08:00[0;39m [32m INFO[0;39m [35m84095[0;39m [2m---[0;39m [2m[mp-job] [rRegistryThread][0;39m [2m[0;39m[36mc.x.j.c.thread.ExecutorRegistryThread   [0;39m [2m:[0;39m >>>>>>>>>>> xxl-job registry fail, registryParam:RegistryParam{registryGroup='EXECUTOR', registryKey='mp-job', registryValue='http://192.168.0.104:9999/'}, registryResult:ReturnT [code=500, msg=xxl-job remoting fail, StatusCode(404) invalid. for url : http://localhost:8080/xxl-job-admin/api/registry, content=null]
[2m2026-03-07T16:53:13.903+08:00[0;39m [32m INFO[0;39m [35m84095[0;39m [2m---[0;39m [2m[mp-job] [rRegistryThread][0;39m [2m[0;39m[36mc.x.j.c.thread.ExecutorRegistryThread   [0;39m [2m:[0;39m >>>>>>>>>>> xxl-job registry fail, registryParam:RegistryParam{registryGroup='EXECUTOR', registryKey='mp-job', registryValue='http://192.168.0.104:9999/'}, registryResult:ReturnT [code=500, msg=xxl-job remoting fail, StatusCode(404) invalid. for url : http://localhost:8080/xxl-job-admin/api/registry, content=null]
[2m2026-03-07T16:53:43.916+08:00[0;39m [32m INFO[0;39m [35m84095[0;39m [2m---[0;39m [2m[mp-job] [rRegistryThread][0;39m [2m[0;39m[36mc.x.j.c.thread.ExecutorRegistryThread   [0;39m [2m:[0;39m >>>>>>>>>>> xxl-job registry fail, registryParam:RegistryParam{registryGroup='EXECUTOR', registryKey='mp-job', registryValue='http://192.168.0.104:9999/'}, registryResult:ReturnT [code=500, msg=xxl-job remoting fail, StatusCode(404) invalid. for url : http://localhost:8080/xxl-job-admin/api/registry, content=null]
[2m2026-03-07T16:54:13.930+08:00[0;39m [32m INFO[0;39m [35m84095[0;39m [2m---[0;39m [2m[mp-job] [rRegistryThread][0;39m [2m[0;39m[36mc.x.j.c.thread.ExecutorRegistryThread   [0;39m [2m:[0;39m >>>>>>>>>>> xxl-job registry fail, registryParam:RegistryParam{registryGroup='EXECUTOR', registryKey='mp-job', registryValue='http://192.168.0.104:9999/'}, registryResult:ReturnT [code=500, msg=xxl-job remoting fail, StatusCode(404) invalid. for url : http://localhost:8080/xxl-job-admin/api/registry, content=null]
[2m2026-03-07T16:54:43.945+08:00[0;39m [32m INFO[0;39m [35m84095[0;39m [2m---[0;39m [2m[mp-job] [rRegistryThread][0;39m [2m[0;39m[36mc.x.j.c.thread.ExecutorRegistryThread   [0;39m [2m:[0;39m >>>>>>>>>>> xxl-job registry fail, registryParam:RegistryParam{registryGroup='EXECUTOR', registryKey='mp-job', registryValue='http://192.168.0.104:9999/'}, registryResult:ReturnT [code=500, msg=xxl-job remoting fail, StatusCode(404) invalid. for url : http://localhost:8080/xxl-job-admin/api/registry, content=null]
[2m2026-03-07T16:55:13.949+08:00[0;39m [31mERROR[0;39m [35m84095[0;39m [2m---[0;39m [2m[mp-job] [rRegistryThread][0;39m [2m[0;39m[36mc.xxl.job.core.util.XxlJobRemotingUtil  [0;39m [2m:[0;39m Connection refused

java.net.ConnectException: Connection refused
	at java.base/sun.nio.ch.Net.pollConnect(Native Method) ~[na:na]
	at java.base/sun.nio.ch.Net.pollConnectNow(Net.java:628) ~[na:na]
	at java.base/sun.nio.ch.NioSocketImpl.timedFinishConnect(NioSocketImpl.java:540) ~[na:na]
	at java.base/sun.nio.ch.NioSocketImpl.connect(NioSocketImpl.java:583) ~[na:na]
	at java.base/java.net.Socket.connect(Socket.java:665) ~[na:na]
	at java.base/sun.net.NetworkClient.doConnect(NetworkClient.java:161) ~[na:na]
	at java.base/sun.net.www.http.HttpClient.openServer(HttpClient.java:516) ~[na:na]
	at java.base/sun.net.www.http.HttpClient.openServer(HttpClient.java:604) ~[na:na]
	at java.base/sun.net.www.http.HttpClient.<init>(HttpClient.java:276) ~[na:na]
	at java.base/sun.net.www.http.HttpClient.New(HttpClient.java:380) ~[na:na]
	at java.base/sun.net.www.http.HttpClient.New(HttpClient.java:393) ~[na:na]
	at java.base/sun.net.www.protocol.http.HttpURLConnection.getNewHttpClient(HttpURLConnection.java:1030) ~[na:na]
	at java.base/sun.net.www.protocol.http.HttpURLConnection.plainConnect0(HttpURLConnection.java:963) ~[na:na]
	at java.base/sun.net.www.protocol.http.HttpURLConnection.plainConnect(HttpURLConnection.java:899) ~[na:na]
	at java.base/sun.net.www.protocol.http.HttpURLConnection.connect(HttpURLConnection.java:872) ~[na:na]
	at com.xxl.job.core.util.XxlJobRemotingUtil.postBody(XxlJobRemotingUtil.java:99) ~[xxl-job-core-2.4.1.jar!/:na]
	at com.xxl.job.core.biz.client.AdminBizClient.registry(AdminBizClient.java:42) ~[xxl-job-core-2.4.1.jar!/:na]
	at com.xxl.job.core.thread.ExecutorRegistryThread$1.run(ExecutorRegistryThread.java:48) ~[xxl-job-core-2.4.1.jar!/:na]
	at java.base/java.lang.Thread.run(Thread.java:1447) ~[na:na]

[2m2026-03-07T16:55:13.950+08:00[0;39m [32m INFO[0;39m [35m84095[0;39m [2m---[0;39m [2m[mp-job] [rRegistryThread][0;39m [2m[0;39m[36mc.x.j.c.thread.ExecutorRegistryThread   [0;39m [2m:[0;39m >>>>>>>>>>> xxl-job registry fail, registryParam:RegistryParam{registryGroup='EXECUTOR', registryKey='mp-job', registryValue='http://192.168.0.104:9999/'}, registryResult:ReturnT [code=500, msg=xxl-job remoting error(Connection refused), for url : http://localhost:8080/xxl-job-admin/api/registry, content=null]
[2m2026-03-07T16:55:44.082+08:00[0;39m [32m INFO[0;39m [35m84095[0;39m [2m---[0;39m [2m[mp-job] [rRegistryThread][0;39m [2m[0;39m[36mc.x.j.c.thread.ExecutorRegistryThread   [0;39m [2m:[0;39m >>>>>>>>>>> xxl-job registry fail, registryParam:RegistryParam{registryGroup='EXECUTOR', registryKey='mp-job', registryValue='http://192.168.0.104:9999/'}, registryResult:ReturnT [code=500, msg=xxl-job remoting fail, StatusCode(404) invalid. for url : http://localhost:8080/xxl-job-admin/api/registry, content=null]
[2m2026-03-07T16:56:14.091+08:00[0;39m [32m INFO[0;39m [35m84095[0;39m [2m---[0;39m [2m[mp-job] [rRegistryThread][0;39m [2m[0;39m[36mc.x.j.c.thread.ExecutorRegistryThread   [0;39m [2m:[0;39m >>>>>>>>>>> xxl-job registry fail, registryParam:RegistryParam{registryGroup='EXECUTOR', registryKey='mp-job', registryValue='http://192.168.0.104:9999/'}, registryResult:ReturnT [code=500, msg=xxl-job remoting fail, StatusCode(404) invalid. for url : http://localhost:8080/xxl-job-admin/api/registry, content=null]
[2m2026-03-07T16:56:44.099+08:00[0;39m [32m INFO[0;39m [35m84095[0;39m [2m---[0;39m [2m[mp-job] [rRegistryThread][0;39m [2m[0;39m[36mc.x.j.c.thread.ExecutorRegistryThread   [0;39m [2m:[0;39m >>>>>>>>>>> xxl-job registry fail, registryParam:RegistryParam{registryGroup='EXECUTOR', registryKey='mp-job', registryValue='http://192.168.0.104:9999/'}, registryResult:ReturnT [code=500, msg=xxl-job remoting fail, StatusCode(404) invalid. for url : http://localhost:8080/xxl-job-admin/api/registry, content=null]
[2m2026-03-07T16:57:14.110+08:00[0;39m [32m INFO[0;39m [35m84095[0;39m [2m---[0;39m [2m[mp-job] [rRegistryThread][0;39m [2m[0;39m[36mc.x.j.c.thread.ExecutorRegistryThread   [0;39m [2m:[0;39m >>>>>>>>>>> xxl-job registry fail, registryParam:RegistryParam{registryGroup='EXECUTOR', registryKey='mp-job', registryValue='http://192.168.0.104:9999/'}, registryResult:ReturnT [code=500, msg=xxl-job remoting fail, StatusCode(404) invalid. for url : http://localhost:8080/xxl-job-admin/api/registry, content=null]
[2m2026-03-07T16:57:44.126+08:00[0;39m [32m INFO[0;39m [35m84095[0;39m [2m---[0;39m [2m[mp-job] [rRegistryThread][0;39m [2m[0;39m[36mc.x.j.c.thread.ExecutorRegistryThread   [0;39m [2m:[0;39m >>>>>>>>>>> xxl-job registry fail, registryParam:RegistryParam{registryGroup='EXECUTOR', registryKey='mp-job', registryValue='http://192.168.0.104:9999/'}, registryResult:ReturnT [code=500, msg=xxl-job remoting fail, StatusCode(404) invalid. for url : http://localhost:8080/xxl-job-admin/api/registry, content=null]
[2m2026-03-07T16:58:14.141+08:00[0;39m [32m INFO[0;39m [35m84095[0;39m [2m---[0;39m [2m[mp-job] [rRegistryThread][0;39m [2m[0;39m[36mc.x.j.c.thread.ExecutorRegistryThread   [0;39m [2m:[0;39m >>>>>>>>>>> xxl-job registry fail, registryParam:RegistryParam{registryGroup='EXECUTOR', registryKey='mp-job', registryValue='http://192.168.0.104:9999/'}, registryResult:ReturnT [code=500, msg=xxl-job remoting fail, StatusCode(404) invalid. for url : http://localhost:8080/xxl-job-admin/api/registry, content=null]
[2m2026-03-07T16:58:44.152+08:00[0;39m [32m INFO[0;39m [35m84095[0;39m [2m---[0;39m [2m[mp-job] [rRegistryThread][0;39m [2m[0;39m[36mc.x.j.c.thread.ExecutorRegistryThread   [0;39m [2m:[0;39m >>>>>>>>>>> xxl-job registry fail, registryParam:RegistryParam{registryGroup='EXECUTOR', registryKey='mp-job', registryValue='http://192.168.0.104:9999/'}, registryResult:ReturnT [code=500, msg=xxl-job remoting fail, StatusCode(404) invalid. for url : http://localhost:8080/xxl-job-admin/api/registry, content=null]
[2m2026-03-07T16:59:14.159+08:00[0;39m [32m INFO[0;39m [35m84095[0;39m [2m---[0;39m [2m[mp-job] [rRegistryThread][0;39m [2m[0;39m[36mc.x.j.c.thread.ExecutorRegistryThread   [0;39m [2m:[0;39m >>>>>>>>>>> xxl-job registry fail, registryParam:RegistryParam{registryGroup='EXECUTOR', registryKey='mp-job', registryValue='http://192.168.0.104:9999/'}, registryResult:ReturnT [code=500, msg=xxl-job remoting fail, StatusCode(404) invalid. for url : http://localhost:8080/xxl-job-admin/api/registry, content=null]
[2m2026-03-07T16:59:44.173+08:00[0;39m [32m INFO[0;39m [35m84095[0;39m [2m---[0;39m [2m[mp-job] [rRegistryThread][0;39m [2m[0;39m[36mc.x.j.c.thread.ExecutorRegistryThread   [0;39m [2m:[0;39m >>>>>>>>>>> xxl-job registry fail, registryParam:RegistryParam{registryGroup='EXECUTOR', registryKey='mp-job', registryValue='http://192.168.0.104:9999/'}, registryResult:ReturnT [code=500, msg=xxl-job remoting fail, StatusCode(404) invalid. for url : http://localhost:8080/xxl-job-admin/api/registry, content=null]
[2m2026-03-07T17:00:14.187+08:00[0;39m [32m INFO[0;39m [35m84095[0;39m [2m---[0;39m [2m[mp-job] [rRegistryThread][0;39m [2m[0;39m[36mc.x.j.c.thread.ExecutorRegistryThread   [0;39m [2m:[0;39m >>>>>>>>>>> xxl-job registry fail, registryParam:RegistryParam{registryGroup='EXECUTOR', registryKey='mp-job', registryValue='http://192.168.0.104:9999/'}, registryResult:ReturnT [code=500, msg=xxl-job remoting fail, StatusCode(404) invalid. for url : http://localhost:8080/xxl-job-admin/api/registry, content=null]
[2m2026-03-07T17:00:44.197+08:00[0;39m [32m INFO[0;39m [35m84095[0;39m [2m---[0;39m [2m[mp-job] [rRegistryThread][0;39m [2m[0;39m[36mc.x.j.c.thread.ExecutorRegistryThread   [0;39m [2m:[0;39m >>>>>>>>>>> xxl-job registry fail, registryParam:RegistryParam{registryGroup='EXECUTOR', registryKey='mp-job', registryValue='http://192.168.0.104:9999/'}, registryResult:ReturnT [code=500, msg=xxl-job remoting fail, StatusCode(404) invalid. for url : http://localhost:8080/xxl-job-admin/api/registry, content=null]
[2m2026-03-07T17:01:14.203+08:00[0;39m [32m INFO[0;39m [35m84095[0;39m [2m---[0;39m [2m[mp-job] [rRegistryThread][0;39m [2m[0;39m[36mc.x.j.c.thread.ExecutorRegistryThread   [0;39m [2m:[0;39m >>>>>>>>>>> xxl-job registry fail, registryParam:RegistryParam{registryGroup='EXECUTOR', registryKey='mp-job', registryValue='http://192.168.0.104:9999/'}, registryResult:ReturnT [code=500, msg=xxl-job remoting fail, StatusCode(404) invalid. for url : http://localhost:8080/xxl-job-admin/api/registry, content=null]
[2m2026-03-07T17:01:44.212+08:00[0;39m [32m INFO[0;39m [35m84095[0;39m [2m---[0;39m [2m[mp-job] [rRegistryThread][0;39m [2m[0;39m[36mc.x.j.c.thread.ExecutorRegistryThread   [0;39m [2m:[0;39m >>>>>>>>>>> xxl-job registry fail, registryParam:RegistryParam{registryGroup='EXECUTOR', registryKey='mp-job', registryValue='http://192.168.0.104:9999/'}, registryResult:ReturnT [code=500, msg=xxl-job remoting fail, StatusCode(404) invalid. for url : http://localhost:8080/xxl-job-admin/api/registry, content=null]
[2m2026-03-07T17:02:14.226+08:00[0;39m [32m INFO[0;39m [35m84095[0;39m [2m---[0;39m [2m[mp-job] [rRegistryThread][0;39m [2m[0;39m[36mc.x.j.c.thread.ExecutorRegistryThread   [0;39m [2m:[0;39m >>>>>>>>>>> xxl-job registry fail, registryParam:RegistryParam{registryGroup='EXECUTOR', registryKey='mp-job', registryValue='http://192.168.0.104:9999/'}, registryResult:ReturnT [code=500, msg=xxl-job remoting fail, StatusCode(404) invalid. for url : http://localhost:8080/xxl-job-admin/api/registry, content=null]
[2m2026-03-07T17:02:44.244+08:00[0;39m [32m INFO[0;39m [35m84095[0;39m [2m---[0;39m [2m[mp-job] [rRegistryThread][0;39m [2m[0;39m[36mc.x.j.c.thread.ExecutorRegistryThread   [0;39m [2m:[0;39m >>>>>>>>>>> xxl-job registry fail, registryParam:RegistryParam{registryGroup='EXECUTOR', registryKey='mp-job', registryValue='http://192.168.0.104:9999/'}, registryResult:ReturnT [code=500, msg=xxl-job remoting fail, StatusCode(404) invalid. for url : http://localhost:8080/xxl-job-admin/api/registry, content=null]
[2m2026-03-07T17:03:14.252+08:00[0;39m [32m INFO[0;39m [35m84095[0;39m [2m---[0;39m [2m[mp-job] [rRegistryThread][0;39m [2m[0;39m[36mc.x.j.c.thread.ExecutorRegistryThread   [0;39m [2m:[0;39m >>>>>>>>>>> xxl-job registry fail, registryParam:RegistryParam{registryGroup='EXECUTOR', registryKey='mp-job', registryValue='http://192.168.0.104:9999/'}, registryResult:ReturnT [code=500, msg=xxl-job remoting fail, StatusCode(404) invalid. for url : http://localhost:8080/xxl-job-admin/api/registry, content=null]
[2m2026-03-07T17:03:44.262+08:00[0;39m [32m INFO[0;39m [35m84095[0;39m [2m---[0;39m [2m[mp-job] [rRegistryThread][0;39m [2m[0;39m[36mc.x.j.c.thread.ExecutorRegistryThread   [0;39m [2m:[0;39m >>>>>>>>>>> xxl-job registry fail, registryParam:RegistryParam{registryGroup='EXECUTOR', registryKey='mp-job', registryValue='http://192.168.0.104:9999/'}, registryResult:ReturnT [code=500, msg=xxl-job remoting fail, StatusCode(404) invalid. for url : http://localhost:8080/xxl-job-admin/api/registry, content=null]
[2m2026-03-07T17:04:14.271+08:00[0;39m [32m INFO[0;39m [35m84095[0;39m [2m---[0;39m [2m[mp-job] [rRegistryThread][0;39m [2m[0;39m[36mc.x.j.c.thread.ExecutorRegistryThread   [0;39m [2m:[0;39m >>>>>>>>>>> xxl-job registry fail, registryParam:RegistryParam{registryGroup='EXECUTOR', registryKey='mp-job', registryValue='http://192.168.0.104:9999/'}, registryResult:ReturnT [code=500, msg=xxl-job remoting fail, StatusCode(404) invalid. for url : http://localhost:8080/xxl-job-admin/api/registry, content=null]
[2m2026-03-07T17:04:44.279+08:00[0;39m [32m INFO[0;39m [35m84095[0;39m [2m---[0;39m [2m[mp-job] [rRegistryThread][0;39m [2m[0;39m[36mc.x.j.c.thread.ExecutorRegistryThread   [0;39m [2m:[0;39m >>>>>>>>>>> xxl-job registry fail, registryParam:RegistryParam{registryGroup='EXECUTOR', registryKey='mp-job', registryValue='http://192.168.0.104:9999/'}, registryResult:ReturnT [code=500, msg=xxl-job remoting fail, StatusCode(404) invalid. for url : http://localhost:8080/xxl-job-admin/api/registry, content=null]
