
  .   ____          _            __ _ _
 /\\ / ___'_ __ _ _(_)_ __  __ _ \ \ \ \
( ( )\___ | '_ | '_| | '_ \/ _` | \ \ \ \
 \\/  ___)| |_)| | | | | || (_| |  ) ) ) )
  '  |____| .__|_| |_|_| |_\__, | / / / /
 =========|_|==============|___/=/_/_/_/
[32m :: Spring Boot :: [39m              [2m (v3.2.5)[0;39m

[2m2026-03-07T16:39:38.583+08:00[0;39m [32m INFO[0;39m [35m84087[0;39m [2m---[0;39m [2m[mp-system] [           main][0;39m [2m[0;39m[36mc.m.platform.system.SystemApplication   [0;39m [2m:[0;39m Starting SystemApplication using Java 24.0.2 with PID 84087 (/Users/xieyunxing/micro-platform/mp-system/target/mp-system-1.0.0.jar started by xieyunxing in /Users/xieyunxing/micro-platform)
[2m2026-03-07T16:39:38.585+08:00[0;39m [32mDEBUG[0;39m [35m84087[0;39m [2m---[0;39m [2m[mp-system] [           main][0;39m [2m[0;39m[36mc.m.platform.system.SystemApplication   [0;39m [2m:[0;39m Running with Spring Boot v3.2.5, Spring v6.1.6
[2m2026-03-07T16:39:38.586+08:00[0;39m [32m INFO[0;39m [35m84087[0;39m [2m---[0;39m [2m[mp-system] [           main][0;39m [2m[0;39m[36mc.m.platform.system.SystemApplication   [0;39m [2m:[0;39m No active profile set, falling back to 1 default profile: "default"
[2m2026-03-07T16:39:39.825+08:00[0;39m [32m INFO[0;39m [35m84087[0;39m [2m---[0;39m [2m[mp-system] [           main][0;39m [2m[0;39m[36m.s.d.r.c.RepositoryConfigurationDelegate[0;39m [2m:[0;39m Multiple Spring Data modules found, entering strict repository configuration mode
[2m2026-03-07T16:39:39.826+08:00[0;39m [32m INFO[0;39m [35m84087[0;39m [2m---[0;39m [2m[mp-system] [           main][0;39m [2m[0;39m[36m.s.d.r.c.RepositoryConfigurationDelegate[0;39m [2m:[0;39m Bootstrapping Spring Data Redis repositories in DEFAULT mode.
[2m2026-03-07T16:39:39.845+08:00[0;39m [32m INFO[0;39m [35m84087[0;39m [2m---[0;39m [2m[mp-system] [           main][0;39m [2m[0;39m[36m.s.d.r.c.RepositoryConfigurationDelegate[0;39m [2m:[0;39m Finished Spring Data repository scanning in 10 ms. Found 0 Redis repository interfaces.
[2m2026-03-07T16:39:40.269+08:00[0;39m [32m INFO[0;39m [35m84087[0;39m [2m---[0;39m [2m[mp-system] [           main][0;39m [2m[0;39m[36mo.s.cloud.context.scope.GenericScope    [0;39m [2m:[0;39m BeanFactory id=27fd6a27-cc8a-3b33-bf28-f0757db484a1
[2m2026-03-07T16:39:40.743+08:00[0;39m [33m WARN[0;39m [35m84087[0;39m [2m---[0;39m [2m[mp-system] [           main][0;39m [2m[0;39m[36mtrationDelegate$BeanPostProcessorChecker[0;39m [2m:[0;39m Bean 'org.springframework.cloud.commons.config.CommonsConfigAutoConfiguration' of type [org.springframework.cloud.commons.config.CommonsConfigAutoConfiguration] is not eligible for getting processed by all BeanPostProcessors (for example: not eligible for auto-proxying). Is this bean getting eagerly injected into a currently created BeanPostProcessor [projectingArgumentResolverBeanPostProcessor]? Check the corresponding BeanPostProcessor declaration and its dependencies.
[2m2026-03-07T16:39:40.746+08:00[0;39m [33m WARN[0;39m [35m84087[0;39m [2m---[0;39m [2m[mp-system] [           main][0;39m [2m[0;39m[36mtrationDelegate$BeanPostProcessorChecker[0;39m [2m:[0;39m Bean 'org.springframework.cloud.client.loadbalancer.LoadBalancerDefaultMappingsProviderAutoConfiguration' of type [org.springframework.cloud.client.loadbalancer.LoadBalancerDefaultMappingsProviderAutoConfiguration] is not eligible for getting processed by all BeanPostProcessors (for example: not eligible for auto-proxying). Is this bean getting eagerly injected into a currently created BeanPostProcessor [projectingArgumentResolverBeanPostProcessor]? Check the corresponding BeanPostProcessor declaration and its dependencies.
[2m2026-03-07T16:39:40.747+08:00[0;39m [33m WARN[0;39m [35m84087[0;39m [2m---[0;39m [2m[mp-system] [           main][0;39m [2m[0;39m[36mtrationDelegate$BeanPostProcessorChecker[0;39m [2m:[0;39m Bean 'loadBalancerClientsDefaultsMappingsProvider' of type [org.springframework.cloud.client.loadbalancer.LoadBalancerDefaultMappingsProviderAutoConfiguration$$Lambda/0x000001fc013e3578] is not eligible for getting processed by all BeanPostProcessors (for example: not eligible for auto-proxying). Is this bean getting eagerly injected into a currently created BeanPostProcessor [projectingArgumentResolverBeanPostProcessor]? Check the corresponding BeanPostProcessor declaration and its dependencies.
[2m2026-03-07T16:39:40.750+08:00[0;39m [33m WARN[0;39m [35m84087[0;39m [2m---[0;39m [2m[mp-system] [           main][0;39m [2m[0;39m[36mtrationDelegate$BeanPostProcessorChecker[0;39m [2m:[0;39m Bean 'defaultsBindHandlerAdvisor' of type [org.springframework.cloud.commons.config.DefaultsBindHandlerAdvisor] is not eligible for getting processed by all BeanPostProcessors (for example: not eligible for auto-proxying). Is this bean getting eagerly injected into a currently created BeanPostProcessor [projectingArgumentResolverBeanPostProcessor]? Check the corresponding BeanPostProcessor declaration and its dependencies.
[2m2026-03-07T16:39:40.760+08:00[0;39m [33m WARN[0;39m [35m84087[0;39m [2m---[0;39m [2m[mp-system] [           main][0;39m [2m[0;39m[36mtrationDelegate$BeanPostProcessorChecker[0;39m [2m:[0;39m Bean 'spring.datasource.dynamic-com.baomidou.dynamic.datasource.spring.boot.autoconfigure.DynamicDataSourceProperties' of type [com.baomidou.dynamic.datasource.spring.boot.autoconfigure.DynamicDataSourceProperties] is not eligible for getting processed by all BeanPostProcessors (for example: not eligible for auto-proxying). Is this bean getting eagerly injected into a currently created BeanPostProcessor [projectingArgumentResolverBeanPostProcessor]? Check the corresponding BeanPostProcessor declaration and its dependencies.
[2m2026-03-07T16:39:40.763+08:00[0;39m [33m WARN[0;39m [35m84087[0;39m [2m---[0;39m [2m[mp-system] [           main][0;39m [2m[0;39m[36mtrationDelegate$BeanPostProcessorChecker[0;39m [2m:[0;39m Bean 'com.baomidou.dynamic.datasource.spring.boot.autoconfigure.DynamicDataSourceAopConfiguration' of type [com.baomidou.dynamic.datasource.spring.boot.autoconfigure.DynamicDataSourceAopConfiguration$$SpringCGLIB$$0] is not eligible for getting processed by all BeanPostProcessors (for example: not eligible for auto-proxying). Is this bean getting eagerly injected into a currently created BeanPostProcessor [projectingArgumentResolverBeanPostProcessor]? Check the corresponding BeanPostProcessor declaration and its dependencies.
[2m2026-03-07T16:39:40.816+08:00[0;39m [33m WARN[0;39m [35m84087[0;39m [2m---[0;39m [2m[mp-system] [           main][0;39m [2m[0;39m[36mtrationDelegate$BeanPostProcessorChecker[0;39m [2m:[0;39m Bean 'dsProcessor' of type [com.baomidou.dynamic.datasource.processor.DsJakartaHeaderProcessor] is not eligible for getting processed by all BeanPostProcessors (for example: not eligible for auto-proxying). Is this bean getting eagerly injected into a currently created BeanPostProcessor [projectingArgumentResolverBeanPostProcessor]? Check the corresponding BeanPostProcessor declaration and its dependencies.
WARNING: A restricted method in java.lang.System has been called
WARNING: java.lang.System::load has been called by org.apache.tomcat.jni.Library in an unnamed module (jar:nested:/Users/xieyunxing/micro-platform/mp-system/target/mp-system-1.0.0.jar/!BOOT-INF/lib/tomcat-embed-core-10.1.20.jar!/)
WARNING: Use --enable-native-access=ALL-UNNAMED to avoid a warning for callers in this module
WARNING: Restricted methods will be blocked in a future release unless native access is enabled

[2m2026-03-07T16:39:41.222+08:00[0;39m [32m INFO[0;39m [35m84087[0;39m [2m---[0;39m [2m[mp-system] [           main][0;39m [2m[0;39m[36mo.s.b.w.embedded.tomcat.TomcatWebServer [0;39m [2m:[0;39m Tomcat initialized with port 8082 (http)
[2m2026-03-07T16:39:41.230+08:00[0;39m [32m INFO[0;39m [35m84087[0;39m [2m---[0;39m [2m[mp-system] [           main][0;39m [2m[0;39m[36mo.apache.catalina.core.StandardService  [0;39m [2m:[0;39m Starting service [Tomcat]
[2m2026-03-07T16:39:41.230+08:00[0;39m [32m INFO[0;39m [35m84087[0;39m [2m---[0;39m [2m[mp-system] [           main][0;39m [2m[0;39m[36mo.apache.catalina.core.StandardEngine   [0;39m [2m:[0;39m Starting Servlet engine: [Apache Tomcat/10.1.20]
[2m2026-03-07T16:39:41.250+08:00[0;39m [32m INFO[0;39m [35m84087[0;39m [2m---[0;39m [2m[mp-system] [           main][0;39m [2m[0;39m[36mo.a.c.c.C.[Tomcat].[localhost].[/]      [0;39m [2m:[0;39m Initializing Spring embedded WebApplicationContext
[2m2026-03-07T16:39:41.250+08:00[0;39m [32m INFO[0;39m [35m84087[0;39m [2m---[0;39m [2m[mp-system] [           main][0;39m [2m[0;39m[36mw.s.c.ServletWebServerApplicationContext[0;39m [2m:[0;39m Root WebApplicationContext: initialization completed in 2596 ms
[2m2026-03-07T16:39:41.587+08:00[0;39m [33m WARN[0;39m [35m84087[0;39m [2m---[0;39m [2m[mp-system] [           main][0;39m [2m[0;39m[36mc.b.d.d.DynamicRoutingDataSource        [0;39m [2m:[0;39m dynamic-datasource initial loaded [0] datasource,Please add your primary datasource or check your configuration
 _ _   |_  _ _|_. ___ _ |    _ 
| | |\/|_)(_| | |_\  |_)||_|_\ 
     /               |         
                        3.5.6 
WARNING: A terminally deprecated method in sun.misc.Unsafe has been called
WARNING: sun.misc.Unsafe::objectFieldOffset has been called by io.netty.util.internal.PlatformDependent0$4 (jar:nested:/Users/xieyunxing/micro-platform/mp-system/target/mp-system-1.0.0.jar/!BOOT-INF/lib/netty-common-4.1.109.Final.jar!/)
WARNING: Please consider reporting this to the maintainers of class io.netty.util.internal.PlatformDependent0$4
WARNING: sun.misc.Unsafe::objectFieldOffset will be removed in a future release
____ ____    ___ ____ _  _ ____ _  _ 
[__  |__| __  |  |  | |_/  |___ |\ | 
___] |  |     |  |__| | \_ |___ | \| 
https://sa-token.cc (v1.34.0)
[2m2026-03-07T16:39:43.896+08:00[0;39m [33m WARN[0;39m [35m84087[0;39m [2m---[0;39m [2m[mp-system] [           main][0;39m [2m[0;39m[36m.s.s.UserDetailsServiceAutoConfiguration[0;39m [2m:[0;39m 

Using generated security password: ef0f7fda-e43b-4d72-bb33-ef71dbffc044

This generated password is for development use only. Your security configuration must be updated before running your application in production.

[2m2026-03-07T16:39:43.983+08:00[0;39m [32m INFO[0;39m [35m84087[0;39m [2m---[0;39m [2m[mp-system] [           main][0;39m [2m[0;39m[36mo.s.s.web.DefaultSecurityFilterChain    [0;39m [2m:[0;39m Will secure any request with [org.springframework.security.web.session.DisableEncodeUrlFilter@712e4b18, org.springframework.security.web.context.request.async.WebAsyncManagerIntegrationFilter@af96ac9, org.springframework.security.web.context.SecurityContextHolderFilter@7d0333c8, org.springframework.security.web.header.HeaderWriterFilter@c8531b9, org.springframework.web.filter.CorsFilter@27d0376f, org.springframework.security.web.csrf.CsrfFilter@34e53c02, org.springframework.security.web.authentication.logout.LogoutFilter@3897f9ae, org.springframework.security.web.authentication.UsernamePasswordAuthenticationFilter@5cc152f9, org.springframework.security.web.authentication.ui.DefaultLoginPageGeneratingFilter@361483eb, org.springframework.security.web.authentication.ui.DefaultLogoutPageGeneratingFilter@21948bd1, org.springframework.security.web.authentication.www.BasicAuthenticationFilter@6f740044, org.springframework.security.web.savedrequest.RequestCacheAwareFilter@3673e211, org.springframework.security.web.servletapi.SecurityContextHolderAwareRequestFilter@4ac77269, org.springframework.security.web.authentication.AnonymousAuthenticationFilter@22617270, org.springframework.security.web.access.ExceptionTranslationFilter@346690d6, org.springframework.security.web.access.intercept.AuthorizationFilter@42150951]
[2m2026-03-07T16:39:44.045+08:00[0;39m [32m INFO[0;39m [35m84087[0;39m [2m---[0;39m [2m[mp-system] [           main][0;39m [2m[0;39m[36mo.s.b.w.embedded.tomcat.TomcatWebServer [0;39m [2m:[0;39m Tomcat started on port 8082 (http) with context path ''
[2m2026-03-07T16:39:44.050+08:00[0;39m [32m INFO[0;39m [35m84087[0;39m [2m---[0;39m [2m[mp-system] [           main][0;39m [2m[0;39m[36mcom.alibaba.nacos.client.naming         [0;39m [2m:[0;39m initializer namespace from ans.namespace attribute : null
[2m2026-03-07T16:39:44.051+08:00[0;39m [32m INFO[0;39m [35m84087[0;39m [2m---[0;39m [2m[mp-system] [           main][0;39m [2m[0;39m[36mcom.alibaba.nacos.client.naming         [0;39m [2m:[0;39m initializer namespace from ALIBABA_ALIWARE_NAMESPACE attribute :null
[2m2026-03-07T16:39:44.051+08:00[0;39m [32m INFO[0;39m [35m84087[0;39m [2m---[0;39m [2m[mp-system] [           main][0;39m [2m[0;39m[36mcom.alibaba.nacos.client.naming         [0;39m [2m:[0;39m initializer namespace from namespace attribute :null
[2m2026-03-07T16:39:44.059+08:00[0;39m [32m INFO[0;39m [35m84087[0;39m [2m---[0;39m [2m[mp-system] [           main][0;39m [2m[0;39m[36mcom.alibaba.nacos.client.naming         [0;39m [2m:[0;39m FailoverDataSource type is class com.alibaba.nacos.client.naming.backups.datasource.DiskFailoverDataSource
[2m2026-03-07T16:39:44.066+08:00[0;39m [32m INFO[0;39m [35m84087[0;39m [2m---[0;39m [2m[mp-system] [       Thread-3][0;39m [2m[0;39m[36mc.a.n.c.a.r.identify.CredentialWatcher  [0;39m [2m:[0;39m null No credential found
[2m2026-03-07T16:39:44.067+08:00[0;39m [32m INFO[0;39m [35m84087[0;39m [2m---[0;39m [2m[mp-system] [           main][0;39m [2m[0;39m[36mc.alibaba.nacos.client.utils.ParamUtil  [0;39m [2m:[0;39m [settings] [req-serv] nacos-server port:8848
[2m2026-03-07T16:39:44.067+08:00[0;39m [32m INFO[0;39m [35m84087[0;39m [2m---[0;39m [2m[mp-system] [           main][0;39m [2m[0;39m[36mc.alibaba.nacos.client.utils.ParamUtil  [0;39m [2m:[0;39m [settings] [http-client] connect timeout:1000
[2m2026-03-07T16:39:44.068+08:00[0;39m [32m INFO[0;39m [35m84087[0;39m [2m---[0;39m [2m[mp-system] [           main][0;39m [2m[0;39m[36mc.alibaba.nacos.client.utils.ParamUtil  [0;39m [2m:[0;39m PER_TASK_CONFIG_SIZE: 3000.0
[2m2026-03-07T16:39:44.071+08:00[0;39m [32m INFO[0;39m [35m84087[0;39m [2m---[0;39m [2m[mp-system] [           main][0;39m [2m[0;39m[36mc.a.n.p.a.s.c.ClientAuthPluginManager   [0;39m [2m:[0;39m [ClientAuthPluginManager] Load ClientAuthService com.alibaba.nacos.client.auth.impl.NacosClientAuthServiceImpl success.
[2m2026-03-07T16:39:44.071+08:00[0;39m [32m INFO[0;39m [35m84087[0;39m [2m---[0;39m [2m[mp-system] [           main][0;39m [2m[0;39m[36mc.a.n.p.a.s.c.ClientAuthPluginManager   [0;39m [2m:[0;39m [ClientAuthPluginManager] Load ClientAuthService com.alibaba.nacos.client.auth.ram.RamClientAuthServiceImpl success.
[2m2026-03-07T16:39:44.076+08:00[0;39m [32m INFO[0;39m [35m84087[0;39m [2m---[0;39m [2m[mp-system] [           main][0;39m [2m[0;39m[36mcom.alibaba.nacos.common.remote.client  [0;39m [2m:[0;39m [RpcClientFactory] create a new rpc client of de5c4f23-d5e8-4717-9049-6785362150fa
[2m2026-03-07T16:39:44.088+08:00[0;39m [32m INFO[0;39m [35m84087[0;39m [2m---[0;39m [2m[mp-system] [           main][0;39m [2m[0;39m[36mcom.alibaba.nacos.client.naming         [0;39m [2m:[0;39m Create naming rpc client for uuid->de5c4f23-d5e8-4717-9049-6785362150fa
[2m2026-03-07T16:39:44.088+08:00[0;39m [32m INFO[0;39m [35m84087[0;39m [2m---[0;39m [2m[mp-system] [           main][0;39m [2m[0;39m[36mcom.alibaba.nacos.common.remote.client  [0;39m [2m:[0;39m [de5c4f23-d5e8-4717-9049-6785362150fa] RpcClient init, ServerListFactory = com.alibaba.nacos.client.naming.core.ServerListManager
[2m2026-03-07T16:39:44.088+08:00[0;39m [32m INFO[0;39m [35m84087[0;39m [2m---[0;39m [2m[mp-system] [           main][0;39m [2m[0;39m[36mcom.alibaba.nacos.common.remote.client  [0;39m [2m:[0;39m [de5c4f23-d5e8-4717-9049-6785362150fa] Registry connection listener to current client:com.alibaba.nacos.client.naming.remote.gprc.redo.NamingGrpcRedoService
[2m2026-03-07T16:39:44.088+08:00[0;39m [32m INFO[0;39m [35m84087[0;39m [2m---[0;39m [2m[mp-system] [           main][0;39m [2m[0;39m[36mcom.alibaba.nacos.common.remote.client  [0;39m [2m:[0;39m [de5c4f23-d5e8-4717-9049-6785362150fa] Register server push request handler:com.alibaba.nacos.client.naming.remote.gprc.NamingPushRequestHandler
[2m2026-03-07T16:39:44.090+08:00[0;39m [32m INFO[0;39m [35m84087[0;39m [2m---[0;39m [2m[mp-system] [           main][0;39m [2m[0;39m[36mcom.alibaba.nacos.common.remote.client  [0;39m [2m:[0;39m [de5c4f23-d5e8-4717-9049-6785362150fa] Try to connect to server on start up, server: {serverIp = '127.0.0.1', server main port = 8848}
[2m2026-03-07T16:39:44.110+08:00[0;39m [32m INFO[0;39m [35m84087[0;39m [2m---[0;39m [2m[mp-system] [           main][0;39m [2m[0;39m[36mc.a.n.c.remote.client.grpc.GrpcClient   [0;39m [2m:[0;39m grpc client connection server:127.0.0.1 ip,serverPort:9848,grpcTslConfig:{"sslProvider":"","enableTls":false,"mutualAuthEnable":false,"trustAll":false}
[2m2026-03-07T16:39:44.409+08:00[0;39m [32m INFO[0;39m [35m84087[0;39m [2m---[0;39m [2m[mp-system] [           main][0;39m [2m[0;39m[36mc.a.n.c.a.AbstractAbilityControlManager [0;39m [2m:[0;39m Ready to get current node abilities...
[2m2026-03-07T16:39:44.410+08:00[0;39m [32m INFO[0;39m [35m84087[0;39m [2m---[0;39m [2m[mp-system] [           main][0;39m [2m[0;39m[36mc.a.n.c.a.AbstractAbilityControlManager [0;39m [2m:[0;39m Ready to initialize current node abilities, support modes: [SDK_CLIENT]
[2m2026-03-07T16:39:44.410+08:00[0;39m [32m INFO[0;39m [35m84087[0;39m [2m---[0;39m [2m[mp-system] [           main][0;39m [2m[0;39m[36mc.a.n.c.a.AbstractAbilityControlManager [0;39m [2m:[0;39m Initialize current abilities finish...
[2m2026-03-07T16:39:44.411+08:00[0;39m [32m INFO[0;39m [35m84087[0;39m [2m---[0;39m [2m[mp-system] [           main][0;39m [2m[0;39m[36mc.a.n.c.a.d.NacosAbilityManagerHolder   [0;39m [2m:[0;39m [AbilityControlManager] Successfully initialize AbilityControlManager
[2m2026-03-07T16:39:44.418+08:00[0;39m [32m INFO[0;39m [35m84087[0;39m [2m---[0;39m [2m[mp-system] [           main][0;39m [2m[0;39m[36mcom.alibaba.nacos.common.remote.client  [0;39m [2m:[0;39m [de5c4f23-d5e8-4717-9049-6785362150fa] Success to connect to server [127.0.0.1:8848] on start up, connectionId = 1772872784366_127.0.0.1_59046
[2m2026-03-07T16:39:44.419+08:00[0;39m [32m INFO[0;39m [35m84087[0;39m [2m---[0;39m [2m[mp-system] [remote.worker.0][0;39m [2m[0;39m[36mcom.alibaba.nacos.common.remote.client  [0;39m [2m:[0;39m [de5c4f23-d5e8-4717-9049-6785362150fa] Notify connected event to listeners.
[2m2026-03-07T16:39:44.419+08:00[0;39m [32m INFO[0;39m [35m84087[0;39m [2m---[0;39m [2m[mp-system] [remote.worker.0][0;39m [2m[0;39m[36mcom.alibaba.nacos.client.naming         [0;39m [2m:[0;39m Grpc connection connect
[2m2026-03-07T16:39:44.419+08:00[0;39m [32m INFO[0;39m [35m84087[0;39m [2m---[0;39m [2m[mp-system] [           main][0;39m [2m[0;39m[36mcom.alibaba.nacos.common.remote.client  [0;39m [2m:[0;39m [de5c4f23-d5e8-4717-9049-6785362150fa] Register server push request handler:com.alibaba.nacos.common.remote.client.RpcClient$ConnectResetRequestHandler
[2m2026-03-07T16:39:44.419+08:00[0;39m [32m INFO[0;39m [35m84087[0;39m [2m---[0;39m [2m[mp-system] [           main][0;39m [2m[0;39m[36mcom.alibaba.nacos.common.remote.client  [0;39m [2m:[0;39m [de5c4f23-d5e8-4717-9049-6785362150fa] Register server push request handler:com.alibaba.nacos.common.remote.client.RpcClient$$Lambda/0x000001fc0175b480
[2m2026-03-07T16:39:44.419+08:00[0;39m [32m INFO[0;39m [35m84087[0;39m [2m---[0;39m [2m[mp-system] [           main][0;39m [2m[0;39m[36mcom.alibaba.nacos.client.naming         [0;39m [2m:[0;39m [REGISTER-SERVICE] public registering service mp-system with instance Instance{instanceId='null', ip='192.168.0.104', port=8082, weight=1.0, healthy=true, enabled=true, ephemeral=true, clusterName='DEFAULT', serviceName='null', metadata={IPv6=null, preserved.register.source=SPRING_CLOUD}}
[2m2026-03-07T16:39:44.427+08:00[0;39m [32m INFO[0;39m [35m84087[0;39m [2m---[0;39m [2m[mp-system] [           main][0;39m [2m[0;39m[36mc.a.c.n.registry.NacosServiceRegistry   [0;39m [2m:[0;39m nacos registry, DEFAULT_GROUP mp-system 192.168.0.104:8082 register finished
[2m2026-03-07T16:39:44.439+08:00[0;39m [32m INFO[0;39m [35m84087[0;39m [2m---[0;39m [2m[mp-system] [           main][0;39m [2m[0;39m[36mc.m.platform.system.SystemApplication   [0;39m [2m:[0;39m Started SystemApplication in 6.33 seconds (process running for 6.665)
[2m2026-03-07T17:04:46.458+08:00[0;39m [32m INFO[0;39m [35m84087[0;39m [2m---[0;39m [2m[mp-system] [nio-8082-exec-1][0;39m [2m[0;39m[36mo.a.c.c.C.[Tomcat].[localhost].[/]      [0;39m [2m:[0;39m Initializing Spring DispatcherServlet 'dispatcherServlet'
[2m2026-03-07T17:04:46.458+08:00[0;39m [32m INFO[0;39m [35m84087[0;39m [2m---[0;39m [2m[mp-system] [nio-8082-exec-1][0;39m [2m[0;39m[36mo.s.web.servlet.DispatcherServlet       [0;39m [2m:[0;39m Initializing Servlet 'dispatcherServlet'
[2m2026-03-07T17:04:46.459+08:00[0;39m [32m INFO[0;39m [35m84087[0;39m [2m---[0;39m [2m[mp-system] [nio-8082-exec-1][0;39m [2m[0;39m[36mo.s.web.servlet.DispatcherServlet       [0;39m [2m:[0;39m Completed initialization in 1 ms
